#
# A fatal error has been detected by the Java Runtime Environment:
#
#  EXCEPTION_ACCESS_VIOLATION (0xc0000005) at pc=0x00007ffbe22e645d, pid=2916, tid=5580
#
# JRE version: OpenJDK Runtime Environment Zulu17.44+53-CA (17.0.8.1+1) (build 17.0.8.1+1-LTS)
# Java VM: OpenJDK 64-Bit Server VM Zulu17.44+53-CA (17.0.8.1+1-LTS, mixed mode, sharing, tiered, compressed oops, compressed class ptrs, g1 gc, windows-amd64)
# Problematic frame:
# V  [jvm.dll+0x33645d]
#
# No core dump will be written. Minidumps are not enabled by default on client versions of Windows
#
# If you would like to submit a bug report, please visit:
#   http://www.azul.com/support/
#

---------------  S U M M A R Y ------------

Command Line: --add-opens=java.base/java.util=ALL-UNNAMED --add-opens=java.base/java.lang=ALL-UNNAMED --add-opens=java.base/java.lang.invoke=ALL-UNNAMED --add-opens=java.prefs/java.util.prefs=ALL-UNNAMED --add-opens=java.base/java.nio.charset=ALL-UNNAMED --add-opens=java.base/java.net=ALL-UNNAMED --add-opens=java.base/java.util.concurrent.atomic=ALL-UNNAMED -XX:MaxMetaspaceSize=384m -XX:+HeapDumpOnOutOfMemoryError -Xms256m -Xmx512m -Dfile.encoding=x-windows-949 -Duser.country=KR -Duser.language=ko -Duser.variant -javaagent:C:\Users\Administrator\.gradle\wrapper\dists\gradle-8.5-bin\5t9huq95ubn472n8rpzujfbqh\gradle-8.5\lib\agents\gradle-instrumentation-agent-8.5.jar org.gradle.launcher.daemon.bootstrap.GradleDaemon 8.5

Host: Intel(R) Core(TM) i7-8700 CPU @ 3.20GHz, 12 cores, 15G,  Windows 10 , 64 bit Build 19041 (10.0.19041.3636)
Time: Mon Jan 15 12:43:17 2024  Windows 10 , 64 bit Build 19041 (10.0.19041.3636) elapsed time: 21.047003 seconds (0d 0h 0m 21s)

---------------  T H R E A D  ---------------

Current thread (0x000001936c187310):  JavaThread "C2 CompilerThread0" daemon [_thread_in_native, id=5580, stack(0x0000002541d00000,0x0000002541e00000)]


Current CompileTask:
C2:  21047 11255   !   4       io.spring.gradle.dependencymanagement.org.apache.maven.model.ModelBase::clone (397 bytes)

Stack: [0x0000002541d00000,0x0000002541e00000],  sp=0x0000002541dfbcc0,  free space=1007k
Native frames: (J=compiled Java code, j=interpreted, Vv=VM code, C=native code)
V  [jvm.dll+0x33645d]
V  [jvm.dll+0x3339a7]
V  [jvm.dll+0x33319a]
V  [jvm.dll+0x21a141]
V  [jvm.dll+0x219561]
V  [jvm.dll+0x1a576d]
V  [jvm.dll+0x229259]
V  [jvm.dll+0x22729c]
V  [jvm.dll+0x7f195c]
V  [jvm.dll+0x7ebd7a]
V  [jvm.dll+0x67cf15]
C  [ucrtbase.dll+0x21bb2]
C  [KERNEL32.DLL+0x17344]
C  [ntdll.dll+0x526b1]


siginfo: EXCEPTION_ACCESS_VIOLATION (0xc0000005), reading address 0x0000019173fb47d8


Register to memory mapping:

RIP=0x00007ffbe22e645d jvm.dll
RAX=0x0000002541dfbdc8 is pointing into the stack for thread: 0x000001936c187310
RBX=0x0 is NULL
RCX=0x00000000ff5ffbdf is an unallocated location in the heap
RDX=0x0000019371235930 points into unknown readable memory: 0xef7fdefeff5ffbdf | df fb 5f ff fe de 7f ef
RSP=0x0000002541dfbcc0 is pointing into the stack for thread: 0x000001936c187310
RBP=0x00000000000031a0 is an unknown value
RSI=0x0000002541dfc200 is pointing into the stack for thread: 0x000001936c187310
RDI=0x0 is NULL
R8 =0x0000000000000001 is an unknown value
R9 =0x0 is NULL
R10=0x000001937708f460 points into unknown readable memory: 0x0000019373fbbd98 | 98 bd fb 73 93 01 00 00
R11=0x00000193768379f0 points into unknown readable memory: 0x000001937159e040 | 40 e0 59 71 93 01 00 00
R12=0x0000000000000136 is an unknown value
R13=0x0000000000000137 is an unknown value
R14=0x0000019173fb47b0 is an unknown value
R15=0x0000019373e61950 points into unknown readable memory: 0x0000019371230370 | 70 03 23 71 93 01 00 00


Registers:
RAX=0x0000002541dfbdc8, RBX=0x0000000000000000, RCX=0x00000000ff5ffbdf, RDX=0x0000019371235930
RSP=0x0000002541dfbcc0, RBP=0x00000000000031a0, RSI=0x0000002541dfc200, RDI=0x0000000000000000
R8 =0x0000000000000001, R9 =0x0000000000000000, R10=0x000001937708f460, R11=0x00000193768379f0
R12=0x0000000000000136, R13=0x0000000000000137, R14=0x0000019173fb47b0, R15=0x0000019373e61950
RIP=0x00007ffbe22e645d, EFLAGS=0x0000000000010206

Top of Stack: (sp=0x0000002541dfbcc0)
0x0000002541dfbcc0:   0000002541dfc200 0000000000000006
0x0000002541dfbcd0:   00000000000031a0 0000002541dfc200
0x0000002541dfbce0:   0000000000002ff0 000001936c17db70
0x0000002541dfbcf0:   0000000000000000 0000019371376048
0x0000002541dfbd00:   000001937136fbb0 0000002541dfc200
0x0000002541dfbd10:   000000000000284a 0000002541dfbe30
0x0000002541dfbd20:   00000000000003bd 00007ffbe22e39a7
0x0000002541dfbd30:   0000002541dfc200 0000002541dfbdc8
0x0000002541dfbd40:   0000000100000137 0000019371a4fa78
0x0000002541dfbd50:   00000000000001bd 0000000000000000
0x0000002541dfbd60:   00000000df000bd4 00000000000000f6
0x0000002541dfbd70:   000000004ee30101 00000000fd00fd00
0x0000002541dfbd80:   00000000000015e5 0000019372f05eb0
0x0000002541dfbd90:   0000000000000000 00000025df002ff0
0x0000002541dfbda0:   00000000000003ff 0000000000000000
0x0000002541dfbdb0:   0000000000014280 00007ffc264130ce 

Instructions: (pc=0x00007ffbe22e645d)
0x00007ffbe22e635d:   34 d8 eb 02 33 f6 48 8b 06 48 8b ce ff 50 20 48
0x00007ffbe22e636d:   3b c6 74 03 2b 5f 48 4c 8b c5 48 8d 4f 10 8b d3
0x00007ffbe22e637d:   e8 ee 56 32 00 ff 47 28 49 83 c6 08 4d 3b f5 0f
0x00007ffbe22e638d:   82 6f ff ff ff 48 8b 5c 24 58 48 8b 6c 24 60 48
0x00007ffbe22e639d:   8b 74 24 68 48 83 c4 20 41 5f 41 5e 41 5d 41 5c
0x00007ffbe22e63ad:   5f c3 cc 48 89 54 24 10 48 89 4c 24 08 53 55 56
0x00007ffbe22e63bd:   57 41 54 41 55 41 56 41 57 48 83 ec 28 48 8b 41
0x00007ffbe22e63cd:   08 48 8b f1 ba 08 00 00 00 8b a8 40 02 00 00 2b
0x00007ffbe22e63dd:   a8 68 02 00 00 83 c5 08 8b cd e8 54 a3 01 00 4c
0x00007ffbe22e63ed:   8b f8 85 ed 7e 11 44 8b c5 33 d2 49 c1 e0 03 48
0x00007ffbe22e63fd:   8b c8 e8 8e 19 56 00 48 8b 5e 10 85 ed 75 12 bd
0x00007ffbe22e640d:   01 00 00 00 8b cd 8d 55 07 e8 25 a3 01 00 4c 8b
0x00007ffbe22e641d:   f8 8b 15 94 3f 89 00 41 bc 01 00 00 00 65 48 8b
0x00007ffbe22e642d:   0c 25 58 00 00 00 49 89 1f 48 8d 04 d1 48 89 84
0x00007ffbe22e643d:   24 88 00 00 00 49 63 c4 45 8b ec 44 89 a4 24 80
0x00007ffbe22e644d:   00 00 00 41 ff cc 4d 8b 74 c7 f8 48 8b 44 24 78
0x00007ffbe22e645d:   41 8b 7e 28 8b df c1 eb 05 3b 18 72 0f 8b d3 48
0x00007ffbe22e646d:   8b c8 e8 ac f1 4e 00 48 8b 44 24 78 48 8b 40 08
0x00007ffbe22e647d:   83 e7 1f 48 8d 14 98 40 0f b6 cf 41 b8 01 00 00
0x00007ffbe22e648d:   00 41 d3 e0 8b 0a 8b c1 41 0b c0 89 02 41 85 c8
0x00007ffbe22e649d:   0f 85 9a 02 00 00 49 8b 06 49 8b ce ff 90 a8 00
0x00007ffbe22e64ad:   00 00 84 c0 74 65 41 8b 46 28 3b 46 68 73 0d 8b
0x00007ffbe22e64bd:   c8 48 8b 46 78 48 83 3c c8 00 75 4f 49 8b d6 48
0x00007ffbe22e64cd:   8b ce e8 1c f3 ff ff 49 8b 46 08 48 8b 08 8b 51
0x00007ffbe22e64dd:   2c 8b c2 24 3f 3c 20 75 09 48 8b 41 08 48 3b 08
0x00007ffbe22e64ed:   eb 06 83 e2 0f 80 fa 09 0f 94 c0 84 c0 75 06 48
0x00007ffbe22e64fd:   8b 41 08 eb d6 8b 41 28 49 8b d6 4c 8b 46 78 48
0x00007ffbe22e650d:   8b ce 4d 8b 04 c0 e8 58 fd ff ff 41 8b 7e 1c 33
0x00007ffbe22e651d:   f6 ff cf 41 3b 7e 18 0f 82 53 01 00 00 4c 8b 6c
0x00007ffbe22e652d:   24 70 90 49 8b 46 08 48 8b 1c f8 48 85 db 0f 84
0x00007ffbe22e653d:   8e 00 00 00 48 8b 03 48 8b cb ff 50 20 48 85 c0
0x00007ffbe22e654d:   75 58 8b 4b 2c 8b c1 24 3f 3c 20 75 09 48 8b 43 


Stack slot to memory mapping:
stack at sp + 0 slots: 0x0000002541dfc200 is pointing into the stack for thread: 0x000001936c187310
stack at sp + 1 slots: 0x0000000000000006 is an unknown value
stack at sp + 2 slots: 0x00000000000031a0 is an unknown value
stack at sp + 3 slots: 0x0000002541dfc200 is pointing into the stack for thread: 0x000001936c187310
stack at sp + 4 slots: 0x0000000000002ff0 is an unknown value
stack at sp + 5 slots: 0x000001936c17db70 points into unknown readable memory: 0xeca189ec00000006 | 06 00 00 00 ec 89 a1 ec
stack at sp + 6 slots: 0x0 is NULL
stack at sp + 7 slots: 0x0000019371376048 points into unknown readable memory: 0x1038aaaae5d1d624 | 24 d6 d1 e5 aa aa 38 10


---------------  P R O C E S S  ---------------

Threads class SMR info:
_java_thread_list=0x00000193720c78e0, length=45, elements={
0x0000019351125410, 0x000001936c161ca0, 0x000001936c162a40, 0x000001936c181370,
0x000001936c184d70, 0x000001936c185650, 0x000001936c185f30, 0x000001936c187310,
0x000001936c18b900, 0x000001936c18e640, 0x000001936c28afb0, 0x000001936c3a1770,
0x000001937169f060, 0x00000193722a0ed0, 0x0000019372431020, 0x0000019371109b50,
0x0000019371848890, 0x0000019372c08480, 0x0000019372c0f3e0, 0x0000019372c093b0,
0x0000019372c0c650, 0x0000019372c0cb60, 0x0000019372c0d070, 0x0000019372c0a2e0,
0x0000019372c08990, 0x0000019372c0e9c0, 0x0000019372c0f8f0, 0x0000019372c0ad00,
0x0000019372c0b210, 0x0000019372c0c140, 0x0000019372c0b720, 0x0000019372c0bc30,
0x00000193753a9d80, 0x00000193753ad020, 0x00000193753abbe0, 0x00000193753a9360,
0x00000193753a9870, 0x00000193753ae970, 0x00000193753ac600, 0x0000019374b21380,
0x0000019374b22cd0, 0x0000019374b227c0, 0x00000193715b9d30, 0x0000019374cdf5a0,
0x0000019374cdc080
}

Java Threads: ( => current thread )
  0x0000019351125410 JavaThread "main" [_thread_blocked, id=5756, stack(0x0000002541000000,0x0000002541100000)]
  0x000001936c161ca0 JavaThread "Reference Handler" daemon [_thread_blocked, id=1904, stack(0x0000002541700000,0x0000002541800000)]
  0x000001936c162a40 JavaThread "Finalizer" daemon [_thread_blocked, id=10644, stack(0x0000002541800000,0x0000002541900000)]
  0x000001936c181370 JavaThread "Signal Dispatcher" daemon [_thread_blocked, id=9092, stack(0x0000002541900000,0x0000002541a00000)]
  0x000001936c184d70 JavaThread "Attach Listener" daemon [_thread_blocked, id=11144, stack(0x0000002541a00000,0x0000002541b00000)]
  0x000001936c185650 JavaThread "Service Thread" daemon [_thread_blocked, id=1788, stack(0x0000002541b00000,0x0000002541c00000)]
  0x000001936c185f30 JavaThread "Monitor Deflation Thread" daemon [_thread_blocked, id=10428, stack(0x0000002541c00000,0x0000002541d00000)]
=>0x000001936c187310 JavaThread "C2 CompilerThread0" daemon [_thread_in_native, id=5580, stack(0x0000002541d00000,0x0000002541e00000)]
  0x000001936c18b900 JavaThread "C1 CompilerThread0" daemon [_thread_blocked, id=9000, stack(0x0000002541e00000,0x0000002541f00000)]
  0x000001936c18e640 JavaThread "Sweeper thread" daemon [_thread_blocked, id=9188, stack(0x0000002541f00000,0x0000002542000000)]
  0x000001936c28afb0 JavaThread "Common-Cleaner" daemon [_thread_blocked, id=3956, stack(0x0000002542000000,0x0000002542100000)]
  0x000001936c3a1770 JavaThread "Notification Thread" daemon [_thread_blocked, id=5496, stack(0x0000002542100000,0x0000002542200000)]
  0x000001937169f060 JavaThread "Daemon health stats" [_thread_blocked, id=9512, stack(0x0000002542a00000,0x0000002542b00000)]
  0x00000193722a0ed0 JavaThread "Incoming local TCP Connector on port 51687" [_thread_in_native, id=9460, stack(0x0000002542b00000,0x0000002542c00000)]
  0x0000019372431020 JavaThread "Daemon periodic checks" [_thread_blocked, id=5832, stack(0x0000002542c00000,0x0000002542d00000)]
  0x0000019371109b50 JavaThread "Daemon" [_thread_in_native, id=7128, stack(0x0000002542d00000,0x0000002542e00000)]
  0x0000019371848890 JavaThread "Daemon worker" [_thread_blocked, id=10948, stack(0x0000002543000000,0x0000002543100000)]
  0x0000019372c08480 JavaThread "Cache worker for journal cache (C:\Users\Administrator\.gradle\caches\journal-1)" [_thread_blocked, id=5224, stack(0x0000002543400000,0x0000002543500000)]
  0x0000019372c0f3e0 JavaThread "File lock request listener" [_thread_in_native, id=980, stack(0x0000002543500000,0x0000002543600000)]
  0x0000019372c093b0 JavaThread "File lock release action executor" [_thread_blocked, id=7220, stack(0x0000002542300000,0x0000002542400000)]
  0x0000019372c0c650 JavaThread "Cache worker for file hash cache (C:\Users\Administrator\.gradle\caches\8.5\fileHashes)" [_thread_blocked, id=5340, stack(0x0000002543600000,0x0000002543700000)]
  0x0000019372c0cb60 JavaThread "File watcher server" daemon [_thread_in_native, id=9868, stack(0x0000002543800000,0x0000002543900000)]
  0x0000019372c0d070 JavaThread "File watcher consumer" daemon [_thread_blocked, id=7920, stack(0x0000002543900000,0x0000002543a00000)]
  0x0000019372c0a2e0 JavaThread "Cache worker for file content cache (C:\Users\Administrator\.gradle\caches\8.5\fileContent)" [_thread_blocked, id=1224, stack(0x0000002544400000,0x0000002544500000)]
  0x0000019372c08990 JavaThread "Cache worker for execution history cache (C:\Users\Administrator\.gradle\caches\8.5\executionHistory)" [_thread_blocked, id=8476, stack(0x0000002544500000,0x0000002544600000)]
  0x0000019372c0e9c0 JavaThread "jar transforms" [_thread_blocked, id=10520, stack(0x0000002544600000,0x0000002544700000)]
  0x0000019372c0f8f0 JavaThread "jar transforms Thread 2" [_thread_blocked, id=6828, stack(0x0000002544700000,0x0000002544800000)]
  0x0000019372c0ad00 JavaThread "jar transforms Thread 3" [_thread_blocked, id=5336, stack(0x0000002544800000,0x0000002544900000)]
  0x0000019372c0b210 JavaThread "jar transforms Thread 4" [_thread_blocked, id=11180, stack(0x0000002542400000,0x0000002542500000)]
  0x0000019372c0c140 JavaThread "jar transforms Thread 5" [_thread_blocked, id=10420, stack(0x0000002543700000,0x0000002543800000)]
  0x0000019372c0b720 JavaThread "jar transforms Thread 6" [_thread_blocked, id=8080, stack(0x0000002544900000,0x0000002544a00000)]
  0x0000019372c0bc30 JavaThread "jar transforms Thread 7" [_thread_blocked, id=10072, stack(0x0000002544b00000,0x0000002544c00000)]
  0x00000193753a9d80 JavaThread "jar transforms Thread 8" [_thread_blocked, id=6292, stack(0x0000002544c00000,0x0000002544d00000)]
  0x00000193753ad020 JavaThread "jar transforms Thread 9" [_thread_blocked, id=8516, stack(0x0000002544f00000,0x0000002545000000)]
  0x00000193753abbe0 JavaThread "jar transforms Thread 10" [_thread_blocked, id=2100, stack(0x0000002545c00000,0x0000002545d00000)]
  0x00000193753a9360 JavaThread "jar transforms Thread 11" [_thread_blocked, id=2976, stack(0x0000002545d00000,0x0000002545e00000)]
  0x00000193753a9870 JavaThread "jar transforms Thread 12" [_thread_blocked, id=10480, stack(0x0000002545e00000,0x0000002545f00000)]
  0x00000193753ae970 JavaThread "Memory manager" [_thread_blocked, id=10124, stack(0x0000002545f00000,0x0000002546000000)]
  0x00000193753ac600 JavaThread "included builds" [_thread_blocked, id=10292, stack(0x0000002546000000,0x0000002546100000)]
  0x0000019374b21380 JavaThread "Handler for socket connection from /127.0.0.1:51687 to /127.0.0.1:51694" [_thread_in_native, id=8016, stack(0x0000002542e00000,0x0000002542f00000)]
  0x0000019374b22cd0 JavaThread "Cancel handler" [_thread_blocked, id=8740, stack(0x0000002542f00000,0x0000002543000000)]
  0x0000019374b227c0 JavaThread "File lock release action executor Thread 2" [_thread_blocked, id=11736, stack(0x0000002544e00000,0x0000002544f00000)]
  0x00000193715b9d30 JavaThread "included builds" [_thread_blocked, id=11924, stack(0x0000002546100000,0x0000002546200000)]
  0x0000019374cdf5a0 JavaThread "C2 CompilerThread1" daemon [_thread_in_native, id=10840, stack(0x000000254a700000,0x000000254a800000)]
  0x0000019374cdc080 JavaThread "C2 CompilerThread2" daemon [_thread_blocked, id=6052, stack(0x000000254b100000,0x000000254b200000)]

Other Threads:
  0x000001936c15c9c0 VMThread "VM Thread" [stack: 0x0000002541600000,0x0000002541700000] [id=5648]
  0x00000193511262f0 WatcherThread [stack: 0x0000002542200000,0x0000002542300000] [id=3892]
  0x0000019351156c20 GCTaskThread "GC Thread#0" [stack: 0x0000002541100000,0x0000002541200000] [id=8788]
  0x0000019371483e40 GCTaskThread "GC Thread#1" [stack: 0x0000002542500000,0x0000002542600000] [id=11176]
  0x0000019371484f20 GCTaskThread "GC Thread#2" [stack: 0x0000002542600000,0x0000002542700000] [id=4624]
  0x00000193714843e0 GCTaskThread "GC Thread#3" [stack: 0x0000002542700000,0x0000002542800000] [id=2040]
  0x0000019371484c50 GCTaskThread "GC Thread#4" [stack: 0x0000002542800000,0x0000002542900000] [id=2664]
  0x0000019371484110 GCTaskThread "GC Thread#5" [stack: 0x0000002542900000,0x0000002542a00000] [id=10164]
  0x00000193733a5060 GCTaskThread "GC Thread#6" [stack: 0x0000002543a00000,0x0000002543b00000] [id=8376]
  0x00000193733a5330 GCTaskThread "GC Thread#7" [stack: 0x0000002543b00000,0x0000002543c00000] [id=1680]
  0x00000193733a4520 GCTaskThread "GC Thread#8" [stack: 0x0000002543c00000,0x0000002543d00000] [id=11104]
  0x00000193733a58d0 GCTaskThread "GC Thread#9" [stack: 0x0000002543d00000,0x0000002543e00000] [id=5576]
  0x000001935115ba90 ConcurrentGCThread "G1 Main Marker" [stack: 0x0000002541200000,0x0000002541300000] [id=1160]
  0x000001935115cb60 ConcurrentGCThread "G1 Conc#0" [stack: 0x0000002541300000,0x0000002541400000] [id=6124]
  0x00000193733a7d60 ConcurrentGCThread "G1 Conc#1" [stack: 0x0000002543e00000,0x0000002543f00000] [id=5564]
  0x00000193733a6410 ConcurrentGCThread "G1 Conc#2" [stack: 0x0000002543f00000,0x0000002544000000] [id=1608]
  0x00000193511dd690 ConcurrentGCThread "G1 Refine#0" [stack: 0x0000002541400000,0x0000002541500000] [id=6384]
  0x00000193511ddee0 ConcurrentGCThread "G1 Service" [stack: 0x0000002541500000,0x0000002541600000] [id=6256]

Threads with active compile tasks:
C2 CompilerThread0    21084 11255   !   4       io.spring.gradle.dependencymanagement.org.apache.maven.model.ModelBase::clone (397 bytes)
C2 CompilerThread1    21084 11324       4       io.spring.gradle.dependencymanagement.org.apache.maven.model.validation.DefaultModelValidator::validateEffectiveDependencies (290 bytes)
C2 CompilerThread2    21084 11470  s    4       java.io.BufferedOutputStream::write (67 bytes)

VM state: not at safepoint (normal execution)

VM Mutex/Monitor currently owned by a thread: None

Heap address: 0x00000000e0000000, size: 512 MB, Compressed Oops mode: 32-bit

CDS archive(s) mapped at: [0x0000019300000000-0x0000019300c00000-0x0000019300c00000), size 12582912, SharedBaseAddress: 0x0000019300000000, ArchiveRelocationMode: 1.
Compressed class space mapped at: 0x0000019301000000-0x0000019315000000, reserved size: 335544320
Narrow klass base: 0x0000019300000000, Narrow klass shift: 0, Narrow klass range: 0x100000000

GC Precious Log:
 CPUs: 12 total, 12 available
 Memory: 16301M
 Large Page Support: Disabled
 NUMA Support: Disabled
 Compressed Oops: Enabled (32-bit)
 Heap Region Size: 1M
 Heap Min Capacity: 256M
 Heap Initial Capacity: 256M
 Heap Max Capacity: 512M
 Pre-touch: Disabled
 Parallel Workers: 10
 Concurrent Workers: 3
 Concurrent Refinement Workers: 10
 Periodic GC: Disabled

Heap:
 garbage-first heap   total 262144K, used 124928K [0x00000000e0000000, 0x0000000100000000)
  region size 1024K, 68 young (69632K), 19 survivors (19456K)
 Metaspace       used 55944K, committed 56512K, reserved 393216K
  class space    used 7610K, committed 7872K, reserved 327680K

Heap Regions: E=young(eden), S=young(survivor), O=old, HS=humongous(starts), HC=humongous(continues), CS=collection set, F=free, OA=open archive, CA=closed archive, TAMS=top-at-mark-start (previous, next)
|   0|0x00000000e0000000, 0x00000000e0100000, 0x00000000e0100000|100%|HS|  |TAMS 0x00000000e0100000, 0x00000000e0000000| Complete 
|   1|0x00000000e0100000, 0x00000000e0200000, 0x00000000e0200000|100%|HC|  |TAMS 0x00000000e0200000, 0x00000000e0100000| Complete 
|   2|0x00000000e0200000, 0x00000000e0300000, 0x00000000e0300000|100%|HC|  |TAMS 0x00000000e0300000, 0x00000000e0200000| Complete 
|   3|0x00000000e0300000, 0x00000000e0400000, 0x00000000e0400000|100%|HC|  |TAMS 0x00000000e0400000, 0x00000000e0300000| Complete 
|   4|0x00000000e0400000, 0x00000000e0500000, 0x00000000e0500000|100%| O|  |TAMS 0x00000000e0500000, 0x00000000e0400000| Untracked 
|   5|0x00000000e0500000, 0x00000000e0600000, 0x00000000e0600000|100%| O|  |TAMS 0x00000000e0600000, 0x00000000e0500000| Untracked 
|   6|0x00000000e0600000, 0x00000000e0700000, 0x00000000e0700000|100%| O|  |TAMS 0x00000000e0700000, 0x00000000e0600000| Untracked 
|   7|0x00000000e0700000, 0x00000000e0800000, 0x00000000e0800000|100%| O|  |TAMS 0x00000000e0800000, 0x00000000e0700000| Untracked 
|   8|0x00000000e0800000, 0x00000000e0900000, 0x00000000e0900000|100%| O|  |TAMS 0x00000000e0800000, 0x00000000e0800000| Untracked 
|   9|0x00000000e0900000, 0x00000000e0a00000, 0x00000000e0a00000|100%| O|  |TAMS 0x00000000e0a00000, 0x00000000e0900000| Untracked 
|  10|0x00000000e0a00000, 0x00000000e0b00000, 0x00000000e0b00000|100%| O|  |TAMS 0x00000000e0b00000, 0x00000000e0a00000| Untracked 
|  11|0x00000000e0b00000, 0x00000000e0c00000, 0x00000000e0c00000|100%| O|  |TAMS 0x00000000e0c00000, 0x00000000e0b00000| Untracked 
|  12|0x00000000e0c00000, 0x00000000e0d00000, 0x00000000e0d00000|100%| O|  |TAMS 0x00000000e0d00000, 0x00000000e0c00000| Untracked 
|  13|0x00000000e0d00000, 0x00000000e0e00000, 0x00000000e0e00000|100%| O|  |TAMS 0x00000000e0e00000, 0x00000000e0d00000| Untracked 
|  14|0x00000000e0e00000, 0x00000000e0f00000, 0x00000000e0f00000|100%| O|  |TAMS 0x00000000e0f00000, 0x00000000e0e00000| Untracked 
|  15|0x00000000e0f00000, 0x00000000e1000000, 0x00000000e1000000|100%| O|  |TAMS 0x00000000e1000000, 0x00000000e0f00000| Untracked 
|  16|0x00000000e1000000, 0x00000000e1100000, 0x00000000e1100000|100%| O|  |TAMS 0x00000000e1100000, 0x00000000e1000000| Untracked 
|  17|0x00000000e1100000, 0x00000000e1200000, 0x00000000e1200000|100%| O|  |TAMS 0x00000000e1200000, 0x00000000e1100000| Untracked 
|  18|0x00000000e1200000, 0x00000000e1300000, 0x00000000e1300000|100%| O|  |TAMS 0x00000000e1300000, 0x00000000e1200000| Untracked 
|  19|0x00000000e1300000, 0x00000000e1400000, 0x00000000e1400000|100%| O|  |TAMS 0x00000000e1400000, 0x00000000e1300000| Untracked 
|  20|0x00000000e1400000, 0x00000000e1500000, 0x00000000e1500000|100%| O|  |TAMS 0x00000000e1500000, 0x00000000e1400000| Untracked 
|  21|0x00000000e1500000, 0x00000000e1600000, 0x00000000e1600000|100%| O|  |TAMS 0x00000000e1600000, 0x00000000e1500000| Untracked 
|  22|0x00000000e1600000, 0x00000000e1700000, 0x00000000e1700000|100%| O|  |TAMS 0x00000000e1700000, 0x00000000e1600000| Untracked 
|  23|0x00000000e1700000, 0x00000000e1800000, 0x00000000e1800000|100%| O|  |TAMS 0x00000000e1800000, 0x00000000e1700000| Untracked 
|  24|0x00000000e1800000, 0x00000000e1900000, 0x00000000e1900000|100%| O|  |TAMS 0x00000000e1900000, 0x00000000e1800000| Untracked 
|  25|0x00000000e1900000, 0x00000000e1a00000, 0x00000000e1a00000|100%| O|  |TAMS 0x00000000e1a00000, 0x00000000e1900000| Untracked 
|  26|0x00000000e1a00000, 0x00000000e1b00000, 0x00000000e1b00000|100%| O|  |TAMS 0x00000000e1b00000, 0x00000000e1a00000| Untracked 
|  27|0x00000000e1b00000, 0x00000000e1c00000, 0x00000000e1c00000|100%| O|  |TAMS 0x00000000e1c00000, 0x00000000e1b00000| Untracked 
|  28|0x00000000e1c00000, 0x00000000e1d00000, 0x00000000e1d00000|100%| O|  |TAMS 0x00000000e1d00000, 0x00000000e1c00000| Untracked 
|  29|0x00000000e1d00000, 0x00000000e1e00000, 0x00000000e1e00000|100%| O|  |TAMS 0x00000000e1e00000, 0x00000000e1d00000| Untracked 
|  30|0x00000000e1e00000, 0x00000000e1f00000, 0x00000000e1f00000|100%| O|  |TAMS 0x00000000e1f00000, 0x00000000e1e00000| Untracked 
|  31|0x00000000e1f00000, 0x00000000e2000000, 0x00000000e2000000|100%| O|  |TAMS 0x00000000e1fbbc00, 0x00000000e1f00000| Untracked 
|  32|0x00000000e2000000, 0x00000000e2100000, 0x00000000e2100000|100%| O|  |TAMS 0x00000000e2000000, 0x00000000e2000000| Untracked 
|  33|0x00000000e2100000, 0x00000000e2200000, 0x00000000e2200000|100%| O|  |TAMS 0x00000000e2100000, 0x00000000e2100000| Untracked 
|  34|0x00000000e2200000, 0x00000000e2300000, 0x00000000e2300000|100%| O|  |TAMS 0x00000000e2200000, 0x00000000e2200000| Untracked 
|  35|0x00000000e2300000, 0x00000000e2400000, 0x00000000e2400000|100%| O|  |TAMS 0x00000000e2300000, 0x00000000e2300000| Untracked 
|  36|0x00000000e2400000, 0x00000000e2500000, 0x00000000e2500000|100%| O|  |TAMS 0x00000000e2400000, 0x00000000e2400000| Untracked 
|  37|0x00000000e2500000, 0x00000000e2600000, 0x00000000e2600000|100%| O|  |TAMS 0x00000000e2500000, 0x00000000e2500000| Untracked 
|  38|0x00000000e2600000, 0x00000000e2700000, 0x00000000e2700000|100%| O|  |TAMS 0x00000000e2600000, 0x00000000e2600000| Untracked 
|  39|0x00000000e2700000, 0x00000000e2800000, 0x00000000e2800000|100%| O|  |TAMS 0x00000000e2700000, 0x00000000e2700000| Untracked 
|  40|0x00000000e2800000, 0x00000000e2900000, 0x00000000e2900000|100%| O|  |TAMS 0x00000000e2800000, 0x00000000e2800000| Untracked 
|  41|0x00000000e2900000, 0x00000000e2a00000, 0x00000000e2a00000|100%| O|  |TAMS 0x00000000e2900000, 0x00000000e2900000| Untracked 
|  42|0x00000000e2a00000, 0x00000000e2b00000, 0x00000000e2b00000|100%| O|  |TAMS 0x00000000e2a00000, 0x00000000e2a00000| Untracked 
|  43|0x00000000e2b00000, 0x00000000e2c00000, 0x00000000e2c00000|100%| O|  |TAMS 0x00000000e2b00000, 0x00000000e2b00000| Untracked 
|  44|0x00000000e2c00000, 0x00000000e2d00000, 0x00000000e2d00000|100%| O|  |TAMS 0x00000000e2c00000, 0x00000000e2c00000| Untracked 
|  45|0x00000000e2d00000, 0x00000000e2e00000, 0x00000000e2e00000|100%| O|  |TAMS 0x00000000e2d00000, 0x00000000e2d00000| Untracked 
|  46|0x00000000e2e00000, 0x00000000e2f00000, 0x00000000e2f00000|100%| O|  |TAMS 0x00000000e2e00000, 0x00000000e2e00000| Untracked 
|  47|0x00000000e2f00000, 0x00000000e3000000, 0x00000000e3000000|100%| O|  |TAMS 0x00000000e2f00000, 0x00000000e2f00000| Untracked 
|  48|0x00000000e3000000, 0x00000000e3100000, 0x00000000e3100000|100%| O|  |TAMS 0x00000000e3000000, 0x00000000e3000000| Untracked 
|  49|0x00000000e3100000, 0x00000000e3200000, 0x00000000e3200000|100%| O|  |TAMS 0x00000000e3100000, 0x00000000e3100000| Untracked 
|  50|0x00000000e3200000, 0x00000000e3300000, 0x00000000e3300000|100%| O|  |TAMS 0x00000000e3200000, 0x00000000e3200000| Untracked 
|  51|0x00000000e3300000, 0x00000000e3400000, 0x00000000e3400000|100%| O|  |TAMS 0x00000000e3300000, 0x00000000e3300000| Untracked 
|  52|0x00000000e3400000, 0x00000000e3500000, 0x00000000e3500000|100%| O|  |TAMS 0x00000000e3400000, 0x00000000e3400000| Untracked 
|  53|0x00000000e3500000, 0x00000000e3600000, 0x00000000e3600000|100%| O|  |TAMS 0x00000000e3500000, 0x00000000e3500000| Untracked 
|  54|0x00000000e3600000, 0x00000000e3700000, 0x00000000e3700000|100%| O|  |TAMS 0x00000000e3600000, 0x00000000e3600000| Untracked 
|  55|0x00000000e3700000, 0x00000000e3700000, 0x00000000e3800000|  0%| F|  |TAMS 0x00000000e3700000, 0x00000000e3700000| Untracked 
|  56|0x00000000e3800000, 0x00000000e3800000, 0x00000000e3900000|  0%| F|  |TAMS 0x00000000e3800000, 0x00000000e3800000| Untracked 
|  57|0x00000000e3900000, 0x00000000e3900000, 0x00000000e3a00000|  0%| F|  |TAMS 0x00000000e3900000, 0x00000000e3900000| Untracked 
|  58|0x00000000e3a00000, 0x00000000e3a00000, 0x00000000e3b00000|  0%| F|  |TAMS 0x00000000e3a00000, 0x00000000e3a00000| Untracked 
|  59|0x00000000e3b00000, 0x00000000e3b00000, 0x00000000e3c00000|  0%| F|  |TAMS 0x00000000e3b00000, 0x00000000e3b00000| Untracked 
|  60|0x00000000e3c00000, 0x00000000e3c00000, 0x00000000e3d00000|  0%| F|  |TAMS 0x00000000e3c00000, 0x00000000e3c00000| Untracked 
|  61|0x00000000e3d00000, 0x00000000e3d00000, 0x00000000e3e00000|  0%| F|  |TAMS 0x00000000e3d00000, 0x00000000e3d00000| Untracked 
|  62|0x00000000e3e00000, 0x00000000e3e00000, 0x00000000e3f00000|  0%| F|  |TAMS 0x00000000e3e00000, 0x00000000e3e00000| Untracked 
|  63|0x00000000e3f00000, 0x00000000e3f00000, 0x00000000e4000000|  0%| F|  |TAMS 0x00000000e3f00000, 0x00000000e3f00000| Untracked 
|  64|0x00000000e4000000, 0x00000000e4000000, 0x00000000e4100000|  0%| F|  |TAMS 0x00000000e4000000, 0x00000000e4000000| Untracked 
|  65|0x00000000e4100000, 0x00000000e4100000, 0x00000000e4200000|  0%| F|  |TAMS 0x00000000e4100000, 0x00000000e4100000| Untracked 
|  66|0x00000000e4200000, 0x00000000e4200000, 0x00000000e4300000|  0%| F|  |TAMS 0x00000000e4200000, 0x00000000e4200000| Untracked 
|  67|0x00000000e4300000, 0x00000000e4300000, 0x00000000e4400000|  0%| F|  |TAMS 0x00000000e4300000, 0x00000000e4300000| Untracked 
|  68|0x00000000e4400000, 0x00000000e4400000, 0x00000000e4500000|  0%| F|  |TAMS 0x00000000e4400000, 0x00000000e4400000| Untracked 
|  69|0x00000000e4500000, 0x00000000e4500000, 0x00000000e4600000|  0%| F|  |TAMS 0x00000000e4500000, 0x00000000e4500000| Untracked 
|  70|0x00000000e4600000, 0x00000000e4600000, 0x00000000e4700000|  0%| F|  |TAMS 0x00000000e4600000, 0x00000000e4600000| Untracked 
|  71|0x00000000e4700000, 0x00000000e4700000, 0x00000000e4800000|  0%| F|  |TAMS 0x00000000e4700000, 0x00000000e4700000| Untracked 
|  72|0x00000000e4800000, 0x00000000e4800000, 0x00000000e4900000|  0%| F|  |TAMS 0x00000000e4800000, 0x00000000e4800000| Untracked 
|  73|0x00000000e4900000, 0x00000000e4900000, 0x00000000e4a00000|  0%| F|  |TAMS 0x00000000e4900000, 0x00000000e4900000| Untracked 
|  74|0x00000000e4a00000, 0x00000000e4a00000, 0x00000000e4b00000|  0%| F|  |TAMS 0x00000000e4a00000, 0x00000000e4a00000| Untracked 
|  75|0x00000000e4b00000, 0x00000000e4b00000, 0x00000000e4c00000|  0%| F|  |TAMS 0x00000000e4b00000, 0x00000000e4b00000| Untracked 
|  76|0x00000000e4c00000, 0x00000000e4c00000, 0x00000000e4d00000|  0%| F|  |TAMS 0x00000000e4c00000, 0x00000000e4c00000| Untracked 
|  77|0x00000000e4d00000, 0x00000000e4d00000, 0x00000000e4e00000|  0%| F|  |TAMS 0x00000000e4d00000, 0x00000000e4d00000| Untracked 
|  78|0x00000000e4e00000, 0x00000000e4e00000, 0x00000000e4f00000|  0%| F|  |TAMS 0x00000000e4e00000, 0x00000000e4e00000| Untracked 
|  79|0x00000000e4f00000, 0x00000000e4f00000, 0x00000000e5000000|  0%| F|  |TAMS 0x00000000e4f00000, 0x00000000e4f00000| Untracked 
|  80|0x00000000e5000000, 0x00000000e5000000, 0x00000000e5100000|  0%| F|  |TAMS 0x00000000e5000000, 0x00000000e5000000| Untracked 
|  81|0x00000000e5100000, 0x00000000e5100000, 0x00000000e5200000|  0%| F|  |TAMS 0x00000000e5100000, 0x00000000e5100000| Untracked 
|  82|0x00000000e5200000, 0x00000000e5200000, 0x00000000e5300000|  0%| F|  |TAMS 0x00000000e5200000, 0x00000000e5200000| Untracked 
|  83|0x00000000e5300000, 0x00000000e5300000, 0x00000000e5400000|  0%| F|  |TAMS 0x00000000e5300000, 0x00000000e5300000| Untracked 
|  84|0x00000000e5400000, 0x00000000e5400000, 0x00000000e5500000|  0%| F|  |TAMS 0x00000000e5400000, 0x00000000e5400000| Untracked 
|  85|0x00000000e5500000, 0x00000000e5500000, 0x00000000e5600000|  0%| F|  |TAMS 0x00000000e5500000, 0x00000000e5500000| Untracked 
|  86|0x00000000e5600000, 0x00000000e5600000, 0x00000000e5700000|  0%| F|  |TAMS 0x00000000e5600000, 0x00000000e5600000| Untracked 
|  87|0x00000000e5700000, 0x00000000e5700000, 0x00000000e5800000|  0%| F|  |TAMS 0x00000000e5700000, 0x00000000e5700000| Untracked 
|  88|0x00000000e5800000, 0x00000000e5800000, 0x00000000e5900000|  0%| F|  |TAMS 0x00000000e5800000, 0x00000000e5800000| Untracked 
|  89|0x00000000e5900000, 0x00000000e5900000, 0x00000000e5a00000|  0%| F|  |TAMS 0x00000000e5900000, 0x00000000e5900000| Untracked 
|  90|0x00000000e5a00000, 0x00000000e5a00000, 0x00000000e5b00000|  0%| F|  |TAMS 0x00000000e5a00000, 0x00000000e5a00000| Untracked 
|  91|0x00000000e5b00000, 0x00000000e5c00000, 0x00000000e5c00000|100%| S|CS|TAMS 0x00000000e5b00000, 0x00000000e5b00000| Complete 
|  92|0x00000000e5c00000, 0x00000000e5d00000, 0x00000000e5d00000|100%| S|CS|TAMS 0x00000000e5c00000, 0x00000000e5c00000| Complete 
|  93|0x00000000e5d00000, 0x00000000e5e00000, 0x00000000e5e00000|100%| S|CS|TAMS 0x00000000e5d00000, 0x00000000e5d00000| Complete 
|  94|0x00000000e5e00000, 0x00000000e5f00000, 0x00000000e5f00000|100%| S|CS|TAMS 0x00000000e5e00000, 0x00000000e5e00000| Complete 
|  95|0x00000000e5f00000, 0x00000000e6000000, 0x00000000e6000000|100%| S|CS|TAMS 0x00000000e5f00000, 0x00000000e5f00000| Complete 
|  96|0x00000000e6000000, 0x00000000e6000000, 0x00000000e6100000|  0%| F|  |TAMS 0x00000000e6000000, 0x00000000e6000000| Untracked 
|  97|0x00000000e6100000, 0x00000000e6100000, 0x00000000e6200000|  0%| F|  |TAMS 0x00000000e6100000, 0x00000000e6100000| Untracked 
|  98|0x00000000e6200000, 0x00000000e6200000, 0x00000000e6300000|  0%| F|  |TAMS 0x00000000e6200000, 0x00000000e6200000| Untracked 
|  99|0x00000000e6300000, 0x00000000e6300000, 0x00000000e6400000|  0%| F|  |TAMS 0x00000000e6300000, 0x00000000e6300000| Untracked 
| 100|0x00000000e6400000, 0x00000000e6400000, 0x00000000e6500000|  0%| F|  |TAMS 0x00000000e6400000, 0x00000000e6400000| Untracked 
| 101|0x00000000e6500000, 0x00000000e6500000, 0x00000000e6600000|  0%| F|  |TAMS 0x00000000e6500000, 0x00000000e6500000| Untracked 
| 102|0x00000000e6600000, 0x00000000e6600000, 0x00000000e6700000|  0%| F|  |TAMS 0x00000000e6600000, 0x00000000e6600000| Untracked 
| 103|0x00000000e6700000, 0x00000000e6800000, 0x00000000e6800000|100%| S|CS|TAMS 0x00000000e6700000, 0x00000000e6700000| Complete 
| 104|0x00000000e6800000, 0x00000000e6900000, 0x00000000e6900000|100%| S|CS|TAMS 0x00000000e6800000, 0x00000000e6800000| Complete 
| 105|0x00000000e6900000, 0x00000000e6a00000, 0x00000000e6a00000|100%| S|CS|TAMS 0x00000000e6900000, 0x00000000e6900000| Complete 
| 106|0x00000000e6a00000, 0x00000000e6b00000, 0x00000000e6b00000|100%| S|CS|TAMS 0x00000000e6a00000, 0x00000000e6a00000| Complete 
| 107|0x00000000e6b00000, 0x00000000e6c00000, 0x00000000e6c00000|100%| S|CS|TAMS 0x00000000e6b00000, 0x00000000e6b00000| Complete 
| 108|0x00000000e6c00000, 0x00000000e6d00000, 0x00000000e6d00000|100%| S|CS|TAMS 0x00000000e6c00000, 0x00000000e6c00000| Complete 
| 109|0x00000000e6d00000, 0x00000000e6e00000, 0x00000000e6e00000|100%| S|CS|TAMS 0x00000000e6d00000, 0x00000000e6d00000| Complete 
| 110|0x00000000e6e00000, 0x00000000e6f00000, 0x00000000e6f00000|100%| S|CS|TAMS 0x00000000e6e00000, 0x00000000e6e00000| Complete 
| 111|0x00000000e6f00000, 0x00000000e7000000, 0x00000000e7000000|100%| S|CS|TAMS 0x00000000e6f00000, 0x00000000e6f00000| Complete 
| 112|0x00000000e7000000, 0x00000000e7100000, 0x00000000e7100000|100%| S|CS|TAMS 0x00000000e7000000, 0x00000000e7000000| Complete 
| 113|0x00000000e7100000, 0x00000000e7200000, 0x00000000e7200000|100%| S|CS|TAMS 0x00000000e7100000, 0x00000000e7100000| Complete 
| 114|0x00000000e7200000, 0x00000000e7200000, 0x00000000e7300000|  0%| F|  |TAMS 0x00000000e7200000, 0x00000000e7200000| Untracked 
| 115|0x00000000e7300000, 0x00000000e7300000, 0x00000000e7400000|  0%| F|  |TAMS 0x00000000e7300000, 0x00000000e7300000| Untracked 
| 116|0x00000000e7400000, 0x00000000e7500000, 0x00000000e7500000|100%| S|CS|TAMS 0x00000000e7400000, 0x00000000e7400000| Complete 
| 117|0x00000000e7500000, 0x00000000e7600000, 0x00000000e7600000|100%| S|CS|TAMS 0x00000000e7500000, 0x00000000e7500000| Complete 
| 118|0x00000000e7600000, 0x00000000e7700000, 0x00000000e7700000|100%| S|CS|TAMS 0x00000000e7600000, 0x00000000e7600000| Complete 
| 119|0x00000000e7700000, 0x00000000e7700000, 0x00000000e7800000|  0%| F|  |TAMS 0x00000000e7700000, 0x00000000e7700000| Untracked 
| 120|0x00000000e7800000, 0x00000000e7800000, 0x00000000e7900000|  0%| F|  |TAMS 0x00000000e7800000, 0x00000000e7800000| Untracked 
| 121|0x00000000e7900000, 0x00000000e7900000, 0x00000000e7a00000|  0%| F|  |TAMS 0x00000000e7900000, 0x00000000e7900000| Untracked 
| 122|0x00000000e7a00000, 0x00000000e7a00000, 0x00000000e7b00000|  0%| F|  |TAMS 0x00000000e7a00000, 0x00000000e7a00000| Untracked 
| 123|0x00000000e7b00000, 0x00000000e7b00000, 0x00000000e7c00000|  0%| F|  |TAMS 0x00000000e7b00000, 0x00000000e7b00000| Untracked 
| 124|0x00000000e7c00000, 0x00000000e7c00000, 0x00000000e7d00000|  0%| F|  |TAMS 0x00000000e7c00000, 0x00000000e7c00000| Untracked 
| 125|0x00000000e7d00000, 0x00000000e7d00000, 0x00000000e7e00000|  0%| F|  |TAMS 0x00000000e7d00000, 0x00000000e7d00000| Untracked 
| 126|0x00000000e7e00000, 0x00000000e7e00000, 0x00000000e7f00000|  0%| F|  |TAMS 0x00000000e7e00000, 0x00000000e7e00000| Untracked 
| 127|0x00000000e7f00000, 0x00000000e7f00000, 0x00000000e8000000|  0%| F|  |TAMS 0x00000000e7f00000, 0x00000000e7f00000| Untracked 
| 128|0x00000000e8000000, 0x00000000e8000000, 0x00000000e8100000|  0%| F|  |TAMS 0x00000000e8000000, 0x00000000e8000000| Untracked 
| 129|0x00000000e8100000, 0x00000000e8100000, 0x00000000e8200000|  0%| F|  |TAMS 0x00000000e8100000, 0x00000000e8100000| Untracked 
| 130|0x00000000e8200000, 0x00000000e8200000, 0x00000000e8300000|  0%| F|  |TAMS 0x00000000e8200000, 0x00000000e8200000| Untracked 
| 131|0x00000000e8300000, 0x00000000e8300000, 0x00000000e8400000|  0%| F|  |TAMS 0x00000000e8300000, 0x00000000e8300000| Untracked 
| 132|0x00000000e8400000, 0x00000000e8400000, 0x00000000e8500000|  0%| F|  |TAMS 0x00000000e8400000, 0x00000000e8400000| Untracked 
| 133|0x00000000e8500000, 0x00000000e8500000, 0x00000000e8600000|  0%| F|  |TAMS 0x00000000e8500000, 0x00000000e8500000| Untracked 
| 134|0x00000000e8600000, 0x00000000e8600000, 0x00000000e8700000|  0%| F|  |TAMS 0x00000000e8600000, 0x00000000e8600000| Untracked 
| 135|0x00000000e8700000, 0x00000000e8700000, 0x00000000e8800000|  0%| F|  |TAMS 0x00000000e8700000, 0x00000000e8700000| Untracked 
| 136|0x00000000e8800000, 0x00000000e8800000, 0x00000000e8900000|  0%| F|  |TAMS 0x00000000e8800000, 0x00000000e8800000| Untracked 
| 137|0x00000000e8900000, 0x00000000e8900000, 0x00000000e8a00000|  0%| F|  |TAMS 0x00000000e8900000, 0x00000000e8900000| Untracked 
| 138|0x00000000e8a00000, 0x00000000e8a00000, 0x00000000e8b00000|  0%| F|  |TAMS 0x00000000e8a00000, 0x00000000e8a00000| Untracked 
| 139|0x00000000e8b00000, 0x00000000e8b00000, 0x00000000e8c00000|  0%| F|  |TAMS 0x00000000e8b00000, 0x00000000e8b00000| Untracked 
| 140|0x00000000e8c00000, 0x00000000e8c00000, 0x00000000e8d00000|  0%| F|  |TAMS 0x00000000e8c00000, 0x00000000e8c00000| Untracked 
| 141|0x00000000e8d00000, 0x00000000e8d00000, 0x00000000e8e00000|  0%| F|  |TAMS 0x00000000e8d00000, 0x00000000e8d00000| Untracked 
| 142|0x00000000e8e00000, 0x00000000e8e00000, 0x00000000e8f00000|  0%| F|  |TAMS 0x00000000e8e00000, 0x00000000e8e00000| Untracked 
| 143|0x00000000e8f00000, 0x00000000e8f00000, 0x00000000e9000000|  0%| F|  |TAMS 0x00000000e8f00000, 0x00000000e8f00000| Untracked 
| 144|0x00000000e9000000, 0x00000000e9000000, 0x00000000e9100000|  0%| F|  |TAMS 0x00000000e9000000, 0x00000000e9000000| Untracked 
| 145|0x00000000e9100000, 0x00000000e9100000, 0x00000000e9200000|  0%| F|  |TAMS 0x00000000e9100000, 0x00000000e9100000| Untracked 
| 146|0x00000000e9200000, 0x00000000e9200000, 0x00000000e9300000|  0%| F|  |TAMS 0x00000000e9200000, 0x00000000e9200000| Untracked 
| 147|0x00000000e9300000, 0x00000000e9300000, 0x00000000e9400000|  0%| F|  |TAMS 0x00000000e9300000, 0x00000000e9300000| Untracked 
| 148|0x00000000e9400000, 0x00000000e9400000, 0x00000000e9500000|  0%| F|  |TAMS 0x00000000e9400000, 0x00000000e9400000| Untracked 
| 149|0x00000000e9500000, 0x00000000e9500000, 0x00000000e9600000|  0%| F|  |TAMS 0x00000000e9500000, 0x00000000e9500000| Untracked 
| 150|0x00000000e9600000, 0x00000000e9600000, 0x00000000e9700000|  0%| F|  |TAMS 0x00000000e9600000, 0x00000000e9600000| Untracked 
| 151|0x00000000e9700000, 0x00000000e9700000, 0x00000000e9800000|  0%| F|  |TAMS 0x00000000e9700000, 0x00000000e9700000| Untracked 
| 152|0x00000000e9800000, 0x00000000e9800000, 0x00000000e9900000|  0%| F|  |TAMS 0x00000000e9800000, 0x00000000e9800000| Untracked 
| 153|0x00000000e9900000, 0x00000000e9900000, 0x00000000e9a00000|  0%| F|  |TAMS 0x00000000e9900000, 0x00000000e9900000| Untracked 
| 154|0x00000000e9a00000, 0x00000000e9a00000, 0x00000000e9b00000|  0%| F|  |TAMS 0x00000000e9a00000, 0x00000000e9a00000| Untracked 
| 155|0x00000000e9b00000, 0x00000000e9b00000, 0x00000000e9c00000|  0%| F|  |TAMS 0x00000000e9b00000, 0x00000000e9b00000| Untracked 
| 156|0x00000000e9c00000, 0x00000000e9c00000, 0x00000000e9d00000|  0%| F|  |TAMS 0x00000000e9c00000, 0x00000000e9c00000| Untracked 
| 157|0x00000000e9d00000, 0x00000000e9d00000, 0x00000000e9e00000|  0%| F|  |TAMS 0x00000000e9d00000, 0x00000000e9d00000| Untracked 
| 158|0x00000000e9e00000, 0x00000000e9e00000, 0x00000000e9f00000|  0%| F|  |TAMS 0x00000000e9e00000, 0x00000000e9e00000| Untracked 
| 159|0x00000000e9f00000, 0x00000000e9f00000, 0x00000000ea000000|  0%| F|  |TAMS 0x00000000e9f00000, 0x00000000e9f00000| Untracked 
| 160|0x00000000ea000000, 0x00000000ea000000, 0x00000000ea100000|  0%| F|  |TAMS 0x00000000ea000000, 0x00000000ea000000| Untracked 
| 161|0x00000000ea100000, 0x00000000ea100000, 0x00000000ea200000|  0%| F|  |TAMS 0x00000000ea100000, 0x00000000ea100000| Untracked 
| 162|0x00000000ea200000, 0x00000000ea200000, 0x00000000ea300000|  0%| F|  |TAMS 0x00000000ea200000, 0x00000000ea200000| Untracked 
| 163|0x00000000ea300000, 0x00000000ea300000, 0x00000000ea400000|  0%| F|  |TAMS 0x00000000ea300000, 0x00000000ea300000| Untracked 
| 164|0x00000000ea400000, 0x00000000ea400000, 0x00000000ea500000|  0%| F|  |TAMS 0x00000000ea400000, 0x00000000ea400000| Untracked 
| 165|0x00000000ea500000, 0x00000000ea500000, 0x00000000ea600000|  0%| F|  |TAMS 0x00000000ea500000, 0x00000000ea500000| Untracked 
| 166|0x00000000ea600000, 0x00000000ea600000, 0x00000000ea700000|  0%| F|  |TAMS 0x00000000ea600000, 0x00000000ea600000| Untracked 
| 167|0x00000000ea700000, 0x00000000ea700000, 0x00000000ea800000|  0%| F|  |TAMS 0x00000000ea700000, 0x00000000ea700000| Untracked 
| 168|0x00000000ea800000, 0x00000000ea800000, 0x00000000ea900000|  0%| F|  |TAMS 0x00000000ea800000, 0x00000000ea800000| Untracked 
| 169|0x00000000ea900000, 0x00000000ea900000, 0x00000000eaa00000|  0%| F|  |TAMS 0x00000000ea900000, 0x00000000ea900000| Untracked 
| 170|0x00000000eaa00000, 0x00000000eaa00000, 0x00000000eab00000|  0%| F|  |TAMS 0x00000000eaa00000, 0x00000000eaa00000| Untracked 
| 171|0x00000000eab00000, 0x00000000eab00000, 0x00000000eac00000|  0%| F|  |TAMS 0x00000000eab00000, 0x00000000eab00000| Untracked 
| 172|0x00000000eac00000, 0x00000000eac00000, 0x00000000ead00000|  0%| F|  |TAMS 0x00000000eac00000, 0x00000000eac00000| Untracked 
| 173|0x00000000ead00000, 0x00000000ead00000, 0x00000000eae00000|  0%| F|  |TAMS 0x00000000ead00000, 0x00000000ead00000| Untracked 
| 174|0x00000000eae00000, 0x00000000eae00000, 0x00000000eaf00000|  0%| F|  |TAMS 0x00000000eae00000, 0x00000000eae00000| Untracked 
| 175|0x00000000eaf00000, 0x00000000eaf00000, 0x00000000eb000000|  0%| F|  |TAMS 0x00000000eaf00000, 0x00000000eaf00000| Untracked 
| 176|0x00000000eb000000, 0x00000000eb000000, 0x00000000eb100000|  0%| F|  |TAMS 0x00000000eb000000, 0x00000000eb000000| Untracked 
| 177|0x00000000eb100000, 0x00000000eb100000, 0x00000000eb200000|  0%| F|  |TAMS 0x00000000eb100000, 0x00000000eb100000| Untracked 
| 178|0x00000000eb200000, 0x00000000eb200000, 0x00000000eb300000|  0%| F|  |TAMS 0x00000000eb200000, 0x00000000eb200000| Untracked 
| 179|0x00000000eb300000, 0x00000000eb300000, 0x00000000eb400000|  0%| F|  |TAMS 0x00000000eb300000, 0x00000000eb300000| Untracked 
| 180|0x00000000eb400000, 0x00000000eb400000, 0x00000000eb500000|  0%| F|  |TAMS 0x00000000eb400000, 0x00000000eb400000| Untracked 
| 181|0x00000000eb500000, 0x00000000eb500000, 0x00000000eb600000|  0%| F|  |TAMS 0x00000000eb500000, 0x00000000eb500000| Untracked 
| 182|0x00000000eb600000, 0x00000000eb600000, 0x00000000eb700000|  0%| F|  |TAMS 0x00000000eb600000, 0x00000000eb600000| Untracked 
| 183|0x00000000eb700000, 0x00000000eb700000, 0x00000000eb800000|  0%| F|  |TAMS 0x00000000eb700000, 0x00000000eb700000| Untracked 
| 184|0x00000000eb800000, 0x00000000eb800000, 0x00000000eb900000|  0%| F|  |TAMS 0x00000000eb800000, 0x00000000eb800000| Untracked 
| 185|0x00000000eb900000, 0x00000000eb900000, 0x00000000eba00000|  0%| F|  |TAMS 0x00000000eb900000, 0x00000000eb900000| Untracked 
| 186|0x00000000eba00000, 0x00000000eba00000, 0x00000000ebb00000|  0%| F|  |TAMS 0x00000000eba00000, 0x00000000eba00000| Untracked 
| 187|0x00000000ebb00000, 0x00000000ebb00000, 0x00000000ebc00000|  0%| F|  |TAMS 0x00000000ebb00000, 0x00000000ebb00000| Untracked 
| 188|0x00000000ebc00000, 0x00000000ebc00000, 0x00000000ebd00000|  0%| F|  |TAMS 0x00000000ebc00000, 0x00000000ebc00000| Untracked 
| 189|0x00000000ebd00000, 0x00000000ebd00000, 0x00000000ebe00000|  0%| F|  |TAMS 0x00000000ebd00000, 0x00000000ebd00000| Untracked 
| 190|0x00000000ebe00000, 0x00000000ebe00000, 0x00000000ebf00000|  0%| F|  |TAMS 0x00000000ebe00000, 0x00000000ebe00000| Untracked 
| 191|0x00000000ebf00000, 0x00000000ebf00000, 0x00000000ec000000|  0%| F|  |TAMS 0x00000000ebf00000, 0x00000000ebf00000| Untracked 
| 192|0x00000000ec000000, 0x00000000ec000000, 0x00000000ec100000|  0%| F|  |TAMS 0x00000000ec000000, 0x00000000ec000000| Untracked 
| 193|0x00000000ec100000, 0x00000000ec100000, 0x00000000ec200000|  0%| F|  |TAMS 0x00000000ec100000, 0x00000000ec100000| Untracked 
| 194|0x00000000ec200000, 0x00000000ec200000, 0x00000000ec300000|  0%| F|  |TAMS 0x00000000ec200000, 0x00000000ec200000| Untracked 
| 195|0x00000000ec300000, 0x00000000ec300000, 0x00000000ec400000|  0%| F|  |TAMS 0x00000000ec300000, 0x00000000ec300000| Untracked 
| 196|0x00000000ec400000, 0x00000000ec400000, 0x00000000ec500000|  0%| F|  |TAMS 0x00000000ec400000, 0x00000000ec400000| Untracked 
| 197|0x00000000ec500000, 0x00000000ec500000, 0x00000000ec600000|  0%| F|  |TAMS 0x00000000ec500000, 0x00000000ec500000| Untracked 
| 198|0x00000000ec600000, 0x00000000ec600000, 0x00000000ec700000|  0%| F|  |TAMS 0x00000000ec600000, 0x00000000ec600000| Untracked 
| 199|0x00000000ec700000, 0x00000000ec700000, 0x00000000ec800000|  0%| F|  |TAMS 0x00000000ec700000, 0x00000000ec700000| Untracked 
| 200|0x00000000ec800000, 0x00000000ec800000, 0x00000000ec900000|  0%| F|  |TAMS 0x00000000ec800000, 0x00000000ec800000| Untracked 
| 201|0x00000000ec900000, 0x00000000ec900000, 0x00000000eca00000|  0%| F|  |TAMS 0x00000000ec900000, 0x00000000ec900000| Untracked 
| 202|0x00000000eca00000, 0x00000000eca00000, 0x00000000ecb00000|  0%| F|  |TAMS 0x00000000eca00000, 0x00000000eca00000| Untracked 
| 203|0x00000000ecb00000, 0x00000000ecb00000, 0x00000000ecc00000|  0%| F|  |TAMS 0x00000000ecb00000, 0x00000000ecb00000| Untracked 
| 204|0x00000000ecc00000, 0x00000000ecc00000, 0x00000000ecd00000|  0%| F|  |TAMS 0x00000000ecc00000, 0x00000000ecc00000| Untracked 
| 205|0x00000000ecd00000, 0x00000000ecd00000, 0x00000000ece00000|  0%| F|  |TAMS 0x00000000ecd00000, 0x00000000ecd00000| Untracked 
| 206|0x00000000ece00000, 0x00000000ece00000, 0x00000000ecf00000|  0%| F|  |TAMS 0x00000000ece00000, 0x00000000ece00000| Untracked 
| 207|0x00000000ecf00000, 0x00000000ecf99028, 0x00000000ed000000| 59%| E|  |TAMS 0x00000000ecf00000, 0x00000000ecf00000| Complete 
| 208|0x00000000ed000000, 0x00000000ed100000, 0x00000000ed100000|100%| E|CS|TAMS 0x00000000ed000000, 0x00000000ed000000| Complete 
| 209|0x00000000ed100000, 0x00000000ed200000, 0x00000000ed200000|100%| E|CS|TAMS 0x00000000ed100000, 0x00000000ed100000| Complete 
| 210|0x00000000ed200000, 0x00000000ed300000, 0x00000000ed300000|100%| E|CS|TAMS 0x00000000ed200000, 0x00000000ed200000| Complete 
| 211|0x00000000ed300000, 0x00000000ed400000, 0x00000000ed400000|100%| E|CS|TAMS 0x00000000ed300000, 0x00000000ed300000| Complete 
| 212|0x00000000ed400000, 0x00000000ed500000, 0x00000000ed500000|100%| E|CS|TAMS 0x00000000ed400000, 0x00000000ed400000| Complete 
| 213|0x00000000ed500000, 0x00000000ed600000, 0x00000000ed600000|100%| E|CS|TAMS 0x00000000ed500000, 0x00000000ed500000| Complete 
| 214|0x00000000ed600000, 0x00000000ed700000, 0x00000000ed700000|100%| E|CS|TAMS 0x00000000ed600000, 0x00000000ed600000| Complete 
| 215|0x00000000ed700000, 0x00000000ed800000, 0x00000000ed800000|100%| E|CS|TAMS 0x00000000ed700000, 0x00000000ed700000| Complete 
| 216|0x00000000ed800000, 0x00000000ed900000, 0x00000000ed900000|100%| E|CS|TAMS 0x00000000ed800000, 0x00000000ed800000| Complete 
| 217|0x00000000ed900000, 0x00000000eda00000, 0x00000000eda00000|100%| E|CS|TAMS 0x00000000ed900000, 0x00000000ed900000| Complete 
| 218|0x00000000eda00000, 0x00000000edb00000, 0x00000000edb00000|100%| E|CS|TAMS 0x00000000eda00000, 0x00000000eda00000| Complete 
| 219|0x00000000edb00000, 0x00000000edc00000, 0x00000000edc00000|100%| E|CS|TAMS 0x00000000edb00000, 0x00000000edb00000| Complete 
| 220|0x00000000edc00000, 0x00000000edd00000, 0x00000000edd00000|100%| E|CS|TAMS 0x00000000edc00000, 0x00000000edc00000| Complete 
| 221|0x00000000edd00000, 0x00000000ede00000, 0x00000000ede00000|100%| E|CS|TAMS 0x00000000edd00000, 0x00000000edd00000| Complete 
| 222|0x00000000ede00000, 0x00000000edf00000, 0x00000000edf00000|100%| E|CS|TAMS 0x00000000ede00000, 0x00000000ede00000| Complete 
| 223|0x00000000edf00000, 0x00000000ee000000, 0x00000000ee000000|100%| E|CS|TAMS 0x00000000edf00000, 0x00000000edf00000| Complete 
| 224|0x00000000ee000000, 0x00000000ee100000, 0x00000000ee100000|100%| E|CS|TAMS 0x00000000ee000000, 0x00000000ee000000| Complete 
| 225|0x00000000ee100000, 0x00000000ee200000, 0x00000000ee200000|100%| E|CS|TAMS 0x00000000ee100000, 0x00000000ee100000| Complete 
| 226|0x00000000ee200000, 0x00000000ee300000, 0x00000000ee300000|100%| E|CS|TAMS 0x00000000ee200000, 0x00000000ee200000| Complete 
| 227|0x00000000ee300000, 0x00000000ee400000, 0x00000000ee400000|100%| E|CS|TAMS 0x00000000ee300000, 0x00000000ee300000| Complete 
| 228|0x00000000ee400000, 0x00000000ee500000, 0x00000000ee500000|100%| E|CS|TAMS 0x00000000ee400000, 0x00000000ee400000| Complete 
| 229|0x00000000ee500000, 0x00000000ee600000, 0x00000000ee600000|100%| E|CS|TAMS 0x00000000ee500000, 0x00000000ee500000| Complete 
| 230|0x00000000ee600000, 0x00000000ee700000, 0x00000000ee700000|100%| E|CS|TAMS 0x00000000ee600000, 0x00000000ee600000| Complete 
| 231|0x00000000ee700000, 0x00000000ee800000, 0x00000000ee800000|100%| E|CS|TAMS 0x00000000ee700000, 0x00000000ee700000| Complete 
| 232|0x00000000ee800000, 0x00000000ee900000, 0x00000000ee900000|100%| E|CS|TAMS 0x00000000ee800000, 0x00000000ee800000| Complete 
| 233|0x00000000ee900000, 0x00000000eea00000, 0x00000000eea00000|100%| E|CS|TAMS 0x00000000ee900000, 0x00000000ee900000| Complete 
| 234|0x00000000eea00000, 0x00000000eeb00000, 0x00000000eeb00000|100%| E|CS|TAMS 0x00000000eea00000, 0x00000000eea00000| Complete 
| 235|0x00000000eeb00000, 0x00000000eec00000, 0x00000000eec00000|100%| E|CS|TAMS 0x00000000eeb00000, 0x00000000eeb00000| Complete 
| 236|0x00000000eec00000, 0x00000000eed00000, 0x00000000eed00000|100%| E|CS|TAMS 0x00000000eec00000, 0x00000000eec00000| Complete 
| 237|0x00000000eed00000, 0x00000000eee00000, 0x00000000eee00000|100%| E|CS|TAMS 0x00000000eed00000, 0x00000000eed00000| Complete 
| 238|0x00000000eee00000, 0x00000000eef00000, 0x00000000eef00000|100%| E|CS|TAMS 0x00000000eee00000, 0x00000000eee00000| Complete 
| 239|0x00000000eef00000, 0x00000000ef000000, 0x00000000ef000000|100%| E|CS|TAMS 0x00000000eef00000, 0x00000000eef00000| Complete 
| 240|0x00000000ef000000, 0x00000000ef100000, 0x00000000ef100000|100%| E|CS|TAMS 0x00000000ef000000, 0x00000000ef000000| Complete 
| 241|0x00000000ef100000, 0x00000000ef200000, 0x00000000ef200000|100%| E|CS|TAMS 0x00000000ef100000, 0x00000000ef100000| Complete 
| 242|0x00000000ef200000, 0x00000000ef300000, 0x00000000ef300000|100%| E|CS|TAMS 0x00000000ef200000, 0x00000000ef200000| Complete 
| 243|0x00000000ef300000, 0x00000000ef400000, 0x00000000ef400000|100%| E|CS|TAMS 0x00000000ef300000, 0x00000000ef300000| Complete 
| 244|0x00000000ef400000, 0x00000000ef500000, 0x00000000ef500000|100%| E|CS|TAMS 0x00000000ef400000, 0x00000000ef400000| Complete 
| 245|0x00000000ef500000, 0x00000000ef600000, 0x00000000ef600000|100%| E|CS|TAMS 0x00000000ef500000, 0x00000000ef500000| Complete 
| 246|0x00000000ef600000, 0x00000000ef700000, 0x00000000ef700000|100%| E|CS|TAMS 0x00000000ef600000, 0x00000000ef600000| Complete 
| 247|0x00000000ef700000, 0x00000000ef800000, 0x00000000ef800000|100%| E|CS|TAMS 0x00000000ef700000, 0x00000000ef700000| Complete 
| 248|0x00000000ef800000, 0x00000000ef900000, 0x00000000ef900000|100%| E|CS|TAMS 0x00000000ef800000, 0x00000000ef800000| Complete 
| 249|0x00000000ef900000, 0x00000000efa00000, 0x00000000efa00000|100%| E|CS|TAMS 0x00000000ef900000, 0x00000000ef900000| Complete 
| 250|0x00000000efa00000, 0x00000000efb00000, 0x00000000efb00000|100%| E|CS|TAMS 0x00000000efa00000, 0x00000000efa00000| Complete 
| 251|0x00000000efb00000, 0x00000000efc00000, 0x00000000efc00000|100%| E|CS|TAMS 0x00000000efb00000, 0x00000000efb00000| Complete 
| 252|0x00000000efc00000, 0x00000000efd00000, 0x00000000efd00000|100%| E|CS|TAMS 0x00000000efc00000, 0x00000000efc00000| Complete 
| 253|0x00000000efd00000, 0x00000000efe00000, 0x00000000efe00000|100%| E|CS|TAMS 0x00000000efd00000, 0x00000000efd00000| Complete 
| 254|0x00000000efe00000, 0x00000000eff00000, 0x00000000eff00000|100%| E|CS|TAMS 0x00000000efe00000, 0x00000000efe00000| Complete 
| 255|0x00000000eff00000, 0x00000000f0000000, 0x00000000f0000000|100%| E|CS|TAMS 0x00000000eff00000, 0x00000000eff00000| Complete 

Card table byte_map: [0x0000019368300000,0x0000019368400000] _byte_map_base: 0x0000019367c00000

Marking Bits (Prev, Next): (CMBitMap*) 0x0000019351157160, (CMBitMap*) 0x00000193511571a0
 Prev Bits: [0x0000019368500000, 0x0000019368d00000)
 Next Bits: [0x0000019368d00000, 0x0000019369500000)

Polling page: 0x000001934ee20000

Metaspace:

Usage:
  Non-class:     47.20 MB used.
      Class:      7.43 MB used.
       Both:     54.63 MB used.

Virtual space:
  Non-class space:       64.00 MB reserved,      47.50 MB ( 74%) committed,  1 nodes.
      Class space:      320.00 MB reserved,       7.69 MB (  2%) committed,  1 nodes.
             Both:      384.00 MB reserved,      55.19 MB ( 14%) committed. 

Chunk freelists:
   Non-Class:  15.95 MB
       Class:  8.23 MB
        Both:  24.18 MB

MaxMetaspaceSize: 384.00 MB
CompressedClassSpaceSize: 320.00 MB
Initial GC threshold: 21.00 MB
Current GC threshold: 59.38 MB
CDS: on
MetaspaceReclaimPolicy: balanced
 - commit_granule_bytes: 65536.
 - commit_granule_words: 8192.
 - virtual_space_node_default_size: 8388608.
 - enlarge_chunks_in_place: 1.
 - new_chunks_are_fully_committed: 0.
 - uncommit_free_chunks: 1.
 - use_allocation_guard: 0.
 - handle_deallocations: 1.


Internal statistics:

num_allocs_failed_limit: 9.
num_arena_births: 686.
num_arena_deaths: 0.
num_vsnodes_births: 2.
num_vsnodes_deaths: 0.
num_space_committed: 883.
num_space_uncommitted: 0.
num_chunks_returned_to_freelist: 9.
num_chunks_taken_from_freelist: 3044.
num_chunk_merges: 9.
num_chunk_splits: 1944.
num_chunks_enlarged: 1233.
num_inconsistent_stats: 0.

CodeHeap 'non-profiled nmethods': size=120000Kb used=6180Kb max_used=6186Kb free=113819Kb
 bounds [0x0000019360780000, 0x0000019360d90000, 0x0000019367cb0000]
CodeHeap 'profiled nmethods': size=120000Kb used=20519Kb max_used=20972Kb free=99480Kb
 bounds [0x0000019358cb0000, 0x000001935a130000, 0x00000193601e0000]
CodeHeap 'non-nmethods': size=5760Kb used=2334Kb max_used=2479Kb free=3425Kb
 bounds [0x00000193601e0000, 0x0000019360460000, 0x0000019360780000]
 total_blobs=10810 nmethods=9966 adapters=755
 compilation: enabled
              stopped_count=0, restarted_count=0
 full_count=0

Compilation events (20 events):
Event: 21.005 Thread 0x000001936c18b900 11455   !   3       org.gradle.execution.plan.DefaultPlanExecutor$ExecutorWorker::lambda$getNextItem$1 (177 bytes)
Event: 21.007 Thread 0x000001936c18b900 nmethod 11455 0x00000193590eb590 code [0x00000193590ebb60, 0x00000193590ee898]
Event: 21.007 Thread 0x000001936c18b900 11456       3       org.gradle.execution.plan.DefaultPlanExecutor$ExecutorState$WorkerState::finishWaitingForNextItem (34 bytes)
Event: 21.008 Thread 0x000001936c18b900 nmethod 11456 0x000001935984ef90 code [0x000001935984f140, 0x000001935984f428]
Event: 21.012 Thread 0x000001936c18b900 11457       3       org.gradle.api.internal.initialization.ClassLoaderScopeIdentifier::hashCode (23 bytes)
Event: 21.012 Thread 0x000001936c18b900 nmethod 11457 0x000001935984e810 code [0x000001935984ea00, 0x000001935984eda8]
Event: 21.018 Thread 0x000001936c18b900 11458       3       java.util.concurrent.ThreadPoolExecutor$Worker::tryLock (6 bytes)
Event: 21.018 Thread 0x000001936c18b900 nmethod 11458 0x000001935984e310 code [0x000001935984e4c0, 0x000001935984e748]
Event: 21.018 Thread 0x000001936c18b900 11459   !   3       java.lang.Thread::interrupt (66 bytes)
Event: 21.018 Thread 0x000001936c18b900 nmethod 11459 0x000001935984d790 code [0x000001935984d9a0, 0x000001935984e058]
Event: 21.024 Thread 0x000001936c18b900 11462   !   3       java.util.concurrent.ThreadPoolExecutor::tryTerminate (163 bytes)
Event: 21.025 Thread 0x000001936c18b900 nmethod 11462 0x0000019359656490 code [0x0000019359656860, 0x0000019359658368]
Event: 21.028 Thread 0x000001936c18b900 11463       3       java.lang.Thread::exit (70 bytes)
Event: 21.029 Thread 0x000001936c18b900 nmethod 11463 0x0000019359655a10 code [0x0000019359655c00, 0x00000193596562e8]
Event: 21.030 Thread 0x000001936c18b900 11464       3       java.util.concurrent.atomic.AtomicInteger::addAndGet (14 bytes)
Event: 21.030 Thread 0x000001936c18b900 nmethod 11464 0x0000019359663390 code [0x0000019359663520, 0x0000019359663638]
Event: 21.031 Thread 0x000001936c18b900 11465       3       java.lang.Exception::<init> (5 bytes)
Event: 21.031 Thread 0x000001936c18b900 nmethod 11465 0x0000019359655390 code [0x0000019359655560, 0x0000019359655928]
Event: 21.032 Thread 0x000001936c18b900 11466   !   3       java.util.concurrent.ThreadPoolExecutor::processWorkerExit (138 bytes)
Event: 21.033 Thread 0x000001936c18b900 nmethod 11466 0x000001935984be10 code [0x000001935984c0e0, 0x000001935984d1c8]

GC Heap History (20 events):
Event: 0.536 GC heap before
{Heap before GC invocations=1 (full 0):
 garbage-first heap   total 262144K, used 38533K [0x00000000e0000000, 0x0000000100000000)
  region size 1024K, 30 young (30720K), 3 survivors (3072K)
 Metaspace       used 4099K, committed 4288K, reserved 393216K
  class space    used 504K, committed 576K, reserved 327680K
}
Event: 0.538 GC heap after
{Heap after GC invocations=2 (full 0):
 garbage-first heap   total 262144K, used 11756K [0x00000000e0000000, 0x0000000100000000)
  region size 1024K, 1 young (1024K), 1 survivors (1024K)
 Metaspace       used 4099K, committed 4288K, reserved 393216K
  class space    used 504K, committed 576K, reserved 327680K
}
Event: 1.930 GC heap before
{Heap before GC invocations=2 (full 0):
 garbage-first heap   total 262144K, used 124396K [0x00000000e0000000, 0x0000000100000000)
  region size 1024K, 111 young (113664K), 1 survivors (1024K)
 Metaspace       used 20573K, committed 20928K, reserved 393216K
  class space    used 3025K, committed 3200K, reserved 327680K
}
Event: 1.937 GC heap after
{Heap after GC invocations=3 (full 0):
 garbage-first heap   total 262144K, used 23082K [0x00000000e0000000, 0x0000000100000000)
  region size 1024K, 12 young (12288K), 12 survivors (12288K)
 Metaspace       used 20573K, committed 20928K, reserved 393216K
  class space    used 3025K, committed 3200K, reserved 327680K
}
Event: 1.985 GC heap before
{Heap before GC invocations=3 (full 0):
 garbage-first heap   total 262144K, used 26154K [0x00000000e0000000, 0x0000000100000000)
  region size 1024K, 16 young (16384K), 12 survivors (12288K)
 Metaspace       used 21219K, committed 21504K, reserved 393216K
  class space    used 3103K, committed 3264K, reserved 327680K
}
Event: 1.990 GC heap after
{Heap after GC invocations=4 (full 0):
 garbage-first heap   total 262144K, used 23628K [0x00000000e0000000, 0x0000000100000000)
  region size 1024K, 1 young (1024K), 1 survivors (1024K)
 Metaspace       used 21219K, committed 21504K, reserved 393216K
  class space    used 3103K, committed 3264K, reserved 327680K
}
Event: 4.515 GC heap before
{Heap before GC invocations=5 (full 0):
 garbage-first heap   total 262144K, used 144460K [0x00000000e0000000, 0x0000000100000000)
  region size 1024K, 116 young (118784K), 1 survivors (1024K)
 Metaspace       used 35616K, committed 35968K, reserved 393216K
  class space    used 4918K, committed 5120K, reserved 327680K
}
Event: 4.519 GC heap after
{Heap after GC invocations=6 (full 0):
 garbage-first heap   total 262144K, used 32416K [0x00000000e0000000, 0x0000000100000000)
  region size 1024K, 10 young (10240K), 10 survivors (10240K)
 Metaspace       used 35616K, committed 35968K, reserved 393216K
  class space    used 4918K, committed 5120K, reserved 327680K
}
Event: 4.532 GC heap before
{Heap before GC invocations=6 (full 0):
 garbage-first heap   total 262144K, used 33440K [0x00000000e0000000, 0x0000000100000000)
  region size 1024K, 12 young (12288K), 10 survivors (10240K)
 Metaspace       used 35789K, committed 36160K, reserved 393216K
  class space    used 4948K, committed 5120K, reserved 327680K
}
Event: 4.536 GC heap after
{Heap after GC invocations=7 (full 0):
 garbage-first heap   total 262144K, used 32768K [0x00000000e0000000, 0x0000000100000000)
  region size 1024K, 2 young (2048K), 2 survivors (2048K)
 Metaspace       used 35789K, committed 36160K, reserved 393216K
  class space    used 4948K, committed 5120K, reserved 327680K
}
Event: 4.545 GC heap before
{Heap before GC invocations=7 (full 0):
 garbage-first heap   total 262144K, used 33792K [0x00000000e0000000, 0x0000000100000000)
  region size 1024K, 4 young (4096K), 2 survivors (2048K)
 Metaspace       used 35937K, committed 36288K, reserved 393216K
  class space    used 4973K, committed 5184K, reserved 327680K
}
Event: 4.546 GC heap after
{Heap after GC invocations=8 (full 0):
 garbage-first heap   total 262144K, used 31916K [0x00000000e0000000, 0x0000000100000000)
  region size 1024K, 1 young (1024K), 1 survivors (1024K)
 Metaspace       used 35937K, committed 36288K, reserved 393216K
  class space    used 4973K, committed 5184K, reserved 327680K
}
Event: 5.607 GC heap before
{Heap before GC invocations=9 (full 0):
 garbage-first heap   total 262144K, used 188588K [0x00000000e0000000, 0x0000000100000000)
  region size 1024K, 153 young (156672K), 1 survivors (1024K)
 Metaspace       used 48894K, committed 49408K, reserved 393216K
  class space    used 6954K, committed 7232K, reserved 327680K
}
Event: 5.612 GC heap after
{Heap after GC invocations=10 (full 0):
 garbage-first heap   total 262144K, used 42322K [0x00000000e0000000, 0x0000000100000000)
  region size 1024K, 11 young (11264K), 11 survivors (11264K)
 Metaspace       used 48894K, committed 49408K, reserved 393216K
  class space    used 6954K, committed 7232K, reserved 327680K
}
Event: 6.449 GC heap before
{Heap before GC invocations=10 (full 0):
 garbage-first heap   total 262144K, used 186706K [0x00000000e0000000, 0x0000000100000000)
  region size 1024K, 153 young (156672K), 11 survivors (11264K)
 Metaspace       used 53339K, committed 53888K, reserved 393216K
  class space    used 7410K, committed 7680K, reserved 327680K
}
Event: 6.458 GC heap after
{Heap after GC invocations=11 (full 0):
 garbage-first heap   total 262144K, used 55489K [0x00000000e0000000, 0x0000000100000000)
  region size 1024K, 13 young (13312K), 13 survivors (13312K)
 Metaspace       used 53339K, committed 53888K, reserved 393216K
  class space    used 7410K, committed 7680K, reserved 327680K
}
Event: 7.134 GC heap before
{Heap before GC invocations=11 (full 0):
 garbage-first heap   total 262144K, used 198849K [0x00000000e0000000, 0x0000000100000000)
  region size 1024K, 153 young (156672K), 13 survivors (13312K)
 Metaspace       used 54249K, committed 54784K, reserved 393216K
  class space    used 7415K, committed 7680K, reserved 327680K
}
Event: 7.141 GC heap after
{Heap after GC invocations=12 (full 0):
 garbage-first heap   total 262144K, used 64186K [0x00000000e0000000, 0x0000000100000000)
  region size 1024K, 9 young (9216K), 9 survivors (9216K)
 Metaspace       used 54249K, committed 54784K, reserved 393216K
  class space    used 7415K, committed 7680K, reserved 327680K
}
Event: 20.645 GC heap before
{Heap before GC invocations=12 (full 0):
 garbage-first heap   total 262144K, used 203450K [0x00000000e0000000, 0x0000000100000000)
  region size 1024K, 146 young (149504K), 9 survivors (9216K)
 Metaspace       used 55839K, committed 56448K, reserved 393216K
  class space    used 7607K, committed 7872K, reserved 327680K
}
Event: 20.656 GC heap after
{Heap after GC invocations=13 (full 0):
 garbage-first heap   total 262144K, used 75776K [0x00000000e0000000, 0x0000000100000000)
  region size 1024K, 19 young (19456K), 19 survivors (19456K)
 Metaspace       used 55839K, committed 56448K, reserved 393216K
  class space    used 7607K, committed 7872K, reserved 327680K
}

Dll operation events (14 events):
Event: 0.005 Loaded shared library C:\Users\Administrator\.jdks\azul-17.0.8.1\bin\java.dll
Event: 0.022 Loaded shared library C:\Users\Administrator\.jdks\azul-17.0.8.1\bin\jsvml.dll
Event: 0.068 Loaded shared library C:\Users\Administrator\.jdks\azul-17.0.8.1\bin\zip.dll
Event: 0.069 Loaded shared library C:\Users\Administrator\.jdks\azul-17.0.8.1\bin\instrument.dll
Event: 0.073 Loaded shared library C:\Users\Administrator\.jdks\azul-17.0.8.1\bin\net.dll
Event: 0.074 Loaded shared library C:\Users\Administrator\.jdks\azul-17.0.8.1\bin\nio.dll
Event: 0.076 Loaded shared library C:\Users\Administrator\.jdks\azul-17.0.8.1\bin\zip.dll
Event: 0.171 Loaded shared library C:\Users\Administrator\.jdks\azul-17.0.8.1\bin\jimage.dll
Event: 0.213 Loaded shared library C:\Users\Administrator\.jdks\azul-17.0.8.1\bin\verify.dll
Event: 0.317 Loaded shared library C:\Users\Administrator\.gradle\native\c067742578af261105cb4f569cf0c3c89f3d7b1fecec35dd04571415982c5e48\windows-amd64\native-platform.dll
Event: 0.321 Loaded shared library C:\Users\Administrator\.gradle\native\38dada09dfb8b06ba9b0570ebf7e218e3eb74d4ef43ca46872605cf95ebc2f47\windows-amd64\native-platform-file-events.dll
Event: 0.702 Loaded shared library C:\Users\Administrator\.jdks\azul-17.0.8.1\bin\management.dll
Event: 0.703 Loaded shared library C:\Users\Administrator\.jdks\azul-17.0.8.1\bin\management_ext.dll
Event: 0.909 Loaded shared library C:\Users\Administrator\.jdks\azul-17.0.8.1\bin\sunmscapi.dll

Deoptimization events (20 events):
Event: 20.866 Thread 0x00000193715bee30 Uncommon trap: trap_request=0xffffffbe fr.pc=0x00000193608e6578 relative=0x0000000000000258
Event: 20.866 Thread 0x00000193715bee30 Uncommon trap: reason=profile_predicate action=maybe_recompile pc=0x00000193608e6578 method=java.util.HashMap.keysToArray([Ljava/lang/Object;)[Ljava/lang/Object; @ 48 c2
Event: 20.866 Thread 0x00000193715bee30 DEOPT PACKING pc=0x00000193608e6578 sp=0x00000025462fa5b0
Event: 20.866 Thread 0x00000193715bee30 DEOPT UNPACKING pc=0x00000193602369a3 sp=0x00000025462fa548 mode 2
Event: 20.866 Thread 0x00000193715bee30 Uncommon trap: trap_request=0xffffffbe fr.pc=0x00000193608e6578 relative=0x0000000000000258
Event: 20.866 Thread 0x00000193715bee30 Uncommon trap: reason=profile_predicate action=maybe_recompile pc=0x00000193608e6578 method=java.util.HashMap.keysToArray([Ljava/lang/Object;)[Ljava/lang/Object; @ 48 c2
Event: 20.866 Thread 0x00000193715bee30 DEOPT PACKING pc=0x00000193608e6578 sp=0x00000025462fa5b0
Event: 20.866 Thread 0x00000193715bee30 DEOPT UNPACKING pc=0x00000193602369a3 sp=0x00000025462fa548 mode 2
Event: 20.932 Thread 0x00000193715bee30 Uncommon trap: trap_request=0xffffffc6 fr.pc=0x0000019360aa5fa8 relative=0x0000000000000068
Event: 20.932 Thread 0x00000193715bee30 Uncommon trap: reason=bimorphic_or_optimized_type_check action=maybe_recompile pc=0x0000019360aa5fa8 method=com.google.common.collect.ImmutableList.copyOf(Ljava/util/Collection;)Lcom/google/common/collect/ImmutableList; @ 16 c2
Event: 20.932 Thread 0x00000193715bee30 DEOPT PACKING pc=0x0000019360aa5fa8 sp=0x00000025462fa7a0
Event: 20.932 Thread 0x00000193715bee30 DEOPT UNPACKING pc=0x00000193602369a3 sp=0x00000025462fa748 mode 2
Event: 20.946 Thread 0x00000193715ba240 Uncommon trap: trap_request=0xffffffcc fr.pc=0x0000019360ca3450 relative=0x00000000000003b0
Event: 20.946 Thread 0x00000193715ba240 Uncommon trap: reason=intrinsic_or_type_checked_inlining action=make_not_entrant pc=0x0000019360ca3450 method=java.util.Arrays.copyOfRange([Ljava/lang/Object;IILjava/lang/Class;)[Ljava/lang/Object; @ 84 c2
Event: 20.946 Thread 0x00000193715ba240 DEOPT PACKING pc=0x0000019360ca3450 sp=0x0000002546bfaef0
Event: 20.946 Thread 0x00000193715ba240 DEOPT UNPACKING pc=0x00000193602369a3 sp=0x0000002546bfae70 mode 2
Event: 21.010 Thread 0x0000019371848890 Uncommon trap: trap_request=0xffffffde fr.pc=0x0000019360ce5814 relative=0x0000000000000bb4
Event: 21.010 Thread 0x0000019371848890 Uncommon trap: reason=class_check action=maybe_recompile pc=0x0000019360ce5814 method=java.util.HashMap.removeNode(ILjava/lang/Object;Ljava/lang/Object;ZZ)Ljava/util/HashMap$Node; @ 143 c2
Event: 21.010 Thread 0x0000019371848890 DEOPT PACKING pc=0x0000019360ce5814 sp=0x00000025430fd550
Event: 21.010 Thread 0x0000019371848890 DEOPT UNPACKING pc=0x00000193602369a3 sp=0x00000025430fd458 mode 2

Classes unloaded (0 events):
No events

Classes redefined (0 events):
No events

Internal exceptions (20 events):
Event: 7.280 Thread 0x0000019371848890 Exception <a 'java/lang/ClassNotFoundException'{0x00000000ed7125d0}: org/gradle/api/internal/tasks/TaskStateInternalBeanInfo> (0x00000000ed7125d0) 
thrown [s\src\hotspot\share\classfile\systemDictionary.cpp, line 259]
Event: 7.280 Thread 0x0000019371848890 Exception <a 'java/lang/ClassNotFoundException'{0x00000000ed71bbc0}: org/gradle/api/internal/tasks/TaskStateInternalCustomizer> (0x00000000ed71bbc0) 
thrown [s\src\hotspot\share\classfile\systemDictionary.cpp, line 259]
Event: 7.282 Thread 0x0000019371848890 Exception <a 'java/lang/ClassNotFoundException'{0x00000000ed638370}: java/lang/StringBeanInfo> (0x00000000ed638370) 
thrown [s\src\hotspot\share\classfile\systemDictionary.cpp, line 259]
Event: 7.282 Thread 0x0000019371848890 Exception <a 'java/lang/ClassNotFoundException'{0x00000000ed63d410}: java/lang/StringCustomizer> (0x00000000ed63d410) 
thrown [s\src\hotspot\share\classfile\systemDictionary.cpp, line 259]
Event: 7.283 Thread 0x0000019371848890 Exception <a 'java/lang/ClassNotFoundException'{0x00000000ed68b020}: org/gradle/api/internal/tasks/DefaultTaskOutputsBeanInfo> (0x00000000ed68b020) 
thrown [s\src\hotspot\share\classfile\systemDictionary.cpp, line 259]
Event: 7.283 Thread 0x0000019371848890 Exception <a 'java/lang/ClassNotFoundException'{0x00000000ed694610}: org/gradle/api/internal/tasks/DefaultTaskOutputsCustomizer> (0x00000000ed694610) 
thrown [s\src\hotspot\share\classfile\systemDictionary.cpp, line 259]
Event: 7.285 Thread 0x0000019371848890 Exception <a 'java/lang/NoSuchMethodError'{0x00000000ed6c6b50}: 'void java.lang.invoke.DirectMethodHandle$Holder.invokeSpecial(java.lang.Object, java.lang.Object, int)'> (0x00000000ed6c6b50) 
thrown [s\src\hotspot\share\interpreter\linkResolver.cpp, line 759]
Event: 8.777 Thread 0x0000019371848890 Implicit null exception at 0x0000019360d0c1e0 to 0x0000019360d0c274
Event: 8.812 Thread 0x0000019371848890 Exception <a 'sun/nio/fs/WindowsException'{0x00000000eca2fb70}> (0x00000000eca2fb70) 
thrown [s\src\hotspot\share\prims\jni.cpp, line 516]
Event: 8.812 Thread 0x0000019371848890 Exception <a 'sun/nio/fs/WindowsException'{0x00000000eca31150}> (0x00000000eca31150) 
thrown [s\src\hotspot\share\prims\jni.cpp, line 516]
Event: 8.812 Thread 0x0000019371848890 Exception <a 'sun/nio/fs/WindowsException'{0x00000000eca32730}> (0x00000000eca32730) 
thrown [s\src\hotspot\share\prims\jni.cpp, line 516]
Event: 8.813 Thread 0x0000019371848890 Exception <a 'sun/nio/fs/WindowsException'{0x00000000eca33ce8}> (0x00000000eca33ce8) 
thrown [s\src\hotspot\share\prims\jni.cpp, line 516]
Event: 10.610 Thread 0x0000019371848890 Exception <a 'java/lang/ClassNotFoundException'{0x00000000ec9a5110}: settings_2ylt2ej3q5p89rwzrjh9nac87BeanInfo> (0x00000000ec9a5110) 
thrown [s\src\hotspot\share\classfile\systemDictionary.cpp, line 259]
Event: 10.611 Thread 0x0000019371848890 Exception <a 'java/lang/ClassNotFoundException'{0x00000000ec9aba88}: settings_2ylt2ej3q5p89rwzrjh9nac87Customizer> (0x00000000ec9aba88) 
thrown [s\src\hotspot\share\classfile\systemDictionary.cpp, line 259]
Event: 13.326 Thread 0x0000019371848890 Exception <a 'java/lang/ClassNotFoundException'{0x00000000ec793158}: build_alfq6iv6gijwxbmhpy79krzcpBeanInfo> (0x00000000ec793158) 
thrown [s\src\hotspot\share\classfile\systemDictionary.cpp, line 259]
Event: 13.326 Thread 0x0000019371848890 Exception <a 'java/lang/ClassNotFoundException'{0x00000000ec799ab8}: build_alfq6iv6gijwxbmhpy79krzcpCustomizer> (0x00000000ec799ab8) 
thrown [s\src\hotspot\share\classfile\systemDictionary.cpp, line 259]
Event: 14.386 Thread 0x0000019371848890 Exception <a 'java/lang/NoClassDefFoundError'{0x00000000ec1f4d98}: org/jetbrains/kotlin/gradle/plugin/KotlinPluginWrapper> (0x00000000ec1f4d98) 
thrown [s\src\hotspot\share\oops\constantPool.cpp, line 835]
Event: 14.386 Thread 0x0000019371848890 Exception <a 'java/lang/NoClassDefFoundError'{0x00000000ec0414f8}: org/graalvm/buildtools/gradle/NativeImagePlugin> (0x00000000ec0414f8) 
thrown [s\src\hotspot\share\oops\constantPool.cpp, line 835]
Event: 14.467 Thread 0x0000019371848890 Exception <a 'java/lang/ClassNotFoundException'{0x00000000ebf47a98}: build_alfq6iv6gijwxbmhpy79krzcpBeanInfo> (0x00000000ebf47a98) 
thrown [s\src\hotspot\share\classfile\systemDictionary.cpp, line 259]
Event: 14.468 Thread 0x0000019371848890 Exception <a 'java/lang/ClassNotFoundException'{0x00000000ebf4e398}: build_alfq6iv6gijwxbmhpy79krzcpCustomizer> (0x00000000ebf4e398) 
thrown [s\src\hotspot\share\classfile\systemDictionary.cpp, line 259]

VM Operations (20 events):
Event: 14.434 Executing VM operation: HandshakeAllThreads
Event: 14.434 Executing VM operation: HandshakeAllThreads done
Event: 14.500 Executing VM operation: ICBufferFull
Event: 14.500 Executing VM operation: ICBufferFull done
Event: 15.341 Executing VM operation: HandshakeAllThreads
Event: 15.341 Executing VM operation: HandshakeAllThreads done
Event: 15.362 Executing VM operation: HandshakeAllThreads
Event: 15.363 Executing VM operation: HandshakeAllThreads done
Event: 15.897 Executing VM operation: ICBufferFull
Event: 15.897 Executing VM operation: ICBufferFull done
Event: 16.566 Executing VM operation: ICBufferFull
Event: 16.567 Executing VM operation: ICBufferFull done
Event: 17.571 Executing VM operation: Cleanup
Event: 17.571 Executing VM operation: Cleanup done
Event: 18.577 Executing VM operation: Cleanup
Event: 18.578 Executing VM operation: Cleanup done
Event: 20.591 Executing VM operation: Cleanup
Event: 20.593 Executing VM operation: Cleanup done
Event: 20.645 Executing VM operation: G1CollectForAllocation
Event: 20.656 Executing VM operation: G1CollectForAllocation done

Events (20 events):
Event: 21.031 Thread 0x0000019374fea860 Thread exited: 0x0000019374fea860
Event: 21.031 Thread 0x0000019372749d80 Thread exited: 0x0000019372749d80
Event: 21.031 Thread 0x00000193753ada40 Thread exited: 0x00000193753ada40
Event: 21.031 Thread 0x000001937274d530 Thread exited: 0x000001937274d530
Event: 21.031 Thread 0x00000193753a8940 Thread exited: 0x00000193753a8940
Event: 21.032 Thread 0x000001937284e8c0 Thread exited: 0x000001937284e8c0
Event: 21.032 Thread 0x000001937274a7a0 Thread exited: 0x000001937274a7a0
Event: 21.032 Thread 0x0000019374feb790 Thread exited: 0x0000019374feb790
Event: 21.032 Thread 0x000001937274acb0 Thread exited: 0x000001937274acb0
Event: 21.033 Thread 0x0000019374b231e0 Thread exited: 0x0000019374b231e0
Event: 21.034 Thread 0x0000019374fec6c0 Thread exited: 0x0000019374fec6c0
Event: 21.034 Thread 0x00000193715bc0a0 Thread exited: 0x00000193715bc0a0
Event: 21.034 Thread 0x0000019374feef40 Thread exited: 0x0000019374feef40
Event: 21.034 Thread 0x00000193715b88f0 Thread exited: 0x00000193715b88f0
Event: 21.034 Thread 0x000001937284dea0 Thread exited: 0x000001937284dea0
Event: 21.034 Thread 0x0000019374fe8a00 Thread exited: 0x0000019374fe8a00
Event: 21.034 Thread 0x000001937284bb30 Thread exited: 0x000001937284bb30
Event: 21.034 Thread 0x0000019374fe7fe0 Thread exited: 0x0000019374fe7fe0
Event: 21.035 Thread 0x0000019374fedb00 Thread exited: 0x0000019374fedb00
Event: 21.035 Thread 0x00000193715bb170 Thread exited: 0x00000193715bb170


Dynamic libraries:
0x00007ff71e120000 - 0x00007ff71e12e000 	C:\Users\Administrator\.jdks\azul-17.0.8.1\bin\java.exe
0x00007ffc28a70000 - 0x00007ffc28c68000 	C:\Windows\SYSTEM32\ntdll.dll
0x00007ffc28540000 - 0x00007ffc285fd000 	C:\Windows\System32\KERNEL32.DLL
0x00007ffc263f0000 - 0x00007ffc266e6000 	C:\Windows\System32\KERNELBASE.dll
0x00007ffc26260000 - 0x00007ffc26360000 	C:\Windows\System32\ucrtbase.dll
0x00007ffc1de20000 - 0x00007ffc1de39000 	C:\Users\Administrator\.jdks\azul-17.0.8.1\bin\jli.dll
0x00007ffc1de40000 - 0x00007ffc1de5b000 	C:\Users\Administrator\.jdks\azul-17.0.8.1\bin\VCRUNTIME140.dll
0x00007ffc26b20000 - 0x00007ffc26cbe000 	C:\Windows\System32\USER32.dll
0x00007ffc268c0000 - 0x00007ffc268e2000 	C:\Windows\System32\win32u.dll
0x00007ffc11ff0000 - 0x00007ffc1228a000 	C:\Windows\WinSxS\amd64_microsoft.windows.common-controls_6595b64144ccf1df_6.0.19041.3636_none_60b6a03d71f818d5\COMCTL32.dll
0x00007ffc27060000 - 0x00007ffc2708c000 	C:\Windows\System32\GDI32.dll
0x00007ffc277e0000 - 0x00007ffc2787e000 	C:\Windows\System32\msvcrt.dll
0x00007ffc267a0000 - 0x00007ffc268ba000 	C:\Windows\System32\gdi32full.dll
0x00007ffc26140000 - 0x00007ffc261dd000 	C:\Windows\System32\msvcp_win.dll
0x00007ffc28510000 - 0x00007ffc28540000 	C:\Windows\System32\IMM32.DLL
0x00007ffc1de10000 - 0x00007ffc1de1c000 	C:\Users\Administrator\.jdks\azul-17.0.8.1\bin\vcruntime140_1.dll
0x00007ffbfc1f0000 - 0x00007ffbfc27d000 	C:\Users\Administrator\.jdks\azul-17.0.8.1\bin\msvcp140.dll
0x00007ffbe1fb0000 - 0x00007ffbe2c18000 	C:\Users\Administrator\.jdks\azul-17.0.8.1\bin\server\jvm.dll
0x00007ffc28690000 - 0x00007ffc28743000 	C:\Windows\System32\ADVAPI32.dll
0x00007ffc27db0000 - 0x00007ffc27e4f000 	C:\Windows\System32\sechost.dll
0x00007ffc28750000 - 0x00007ffc28876000 	C:\Windows\System32\RPCRT4.dll
0x00007ffc26230000 - 0x00007ffc26257000 	C:\Windows\System32\bcrypt.dll
0x00007ffc1dd30000 - 0x00007ffc1dd39000 	C:\Windows\SYSTEM32\WSOCK32.dll
0x00007ffc256e0000 - 0x00007ffc2572b000 	C:\Windows\SYSTEM32\POWRPROF.dll
0x00007ffc14fa0000 - 0x00007ffc14fc7000 	C:\Windows\SYSTEM32\WINMM.dll
0x00007ffc279d0000 - 0x00007ffc27a3b000 	C:\Windows\System32\WS2_32.dll
0x00007ffc20820000 - 0x00007ffc2082a000 	C:\Windows\SYSTEM32\VERSION.dll
0x00007ffc25550000 - 0x00007ffc25562000 	C:\Windows\SYSTEM32\UMPDC.dll
0x00007ffc24010000 - 0x00007ffc24022000 	C:\Windows\SYSTEM32\kernel.appcore.dll
0x00007ffc0f380000 - 0x00007ffc0f38a000 	C:\Users\Administrator\.jdks\azul-17.0.8.1\bin\jimage.dll
0x00007ffc12cb0000 - 0x00007ffc12e94000 	C:\Windows\SYSTEM32\DBGHELP.DLL
0x00007ffc0b030000 - 0x00007ffc0b064000 	C:\Windows\SYSTEM32\dbgcore.DLL
0x00007ffc26360000 - 0x00007ffc263e2000 	C:\Windows\System32\bcryptPrimitives.dll
0x00007ffc0aa60000 - 0x00007ffc0aa6e000 	C:\Users\Administrator\.jdks\azul-17.0.8.1\bin\instrument.dll
0x00007ffc0aa70000 - 0x00007ffc0aa95000 	C:\Users\Administrator\.jdks\azul-17.0.8.1\bin\java.dll
0x00007ffbfa9a0000 - 0x00007ffbfaa77000 	C:\Users\Administrator\.jdks\azul-17.0.8.1\bin\jsvml.dll
0x00007ffc27090000 - 0x00007ffc277d5000 	C:\Windows\System32\SHELL32.dll
0x00007ffc24210000 - 0x00007ffc249ab000 	C:\Windows\SYSTEM32\windows.storage.dll
0x00007ffc27a40000 - 0x00007ffc27d94000 	C:\Windows\System32\combase.dll
0x00007ffc25b70000 - 0x00007ffc25b9d000 	C:\Windows\SYSTEM32\Wldp.dll
0x00007ffc28460000 - 0x00007ffc2850d000 	C:\Windows\System32\SHCORE.dll
0x00007ffc26de0000 - 0x00007ffc26e35000 	C:\Windows\System32\shlwapi.dll
0x00007ffc26070000 - 0x00007ffc26095000 	C:\Windows\SYSTEM32\profapi.dll
0x00007ffc0abd0000 - 0x00007ffc0abe8000 	C:\Users\Administrator\.jdks\azul-17.0.8.1\bin\zip.dll
0x00007ffc0b2d0000 - 0x00007ffc0b2e9000 	C:\Users\Administrator\.jdks\azul-17.0.8.1\bin\net.dll
0x00007ffc20070000 - 0x00007ffc2017a000 	C:\Windows\SYSTEM32\WINHTTP.dll
0x00007ffc258d0000 - 0x00007ffc2593a000 	C:\Windows\system32\mswsock.dll
0x00007ffc0ad00000 - 0x00007ffc0ad16000 	C:\Users\Administrator\.jdks\azul-17.0.8.1\bin\nio.dll
0x00007ffc0acb0000 - 0x00007ffc0acc0000 	C:\Users\Administrator\.jdks\azul-17.0.8.1\bin\verify.dll
0x00007ffc0a5a0000 - 0x00007ffc0a5c7000 	C:\Users\Administrator\.gradle\native\c067742578af261105cb4f569cf0c3c89f3d7b1fecec35dd04571415982c5e48\windows-amd64\native-platform.dll
0x00007ffbf84a0000 - 0x00007ffbf85e4000 	C:\Users\Administrator\.gradle\native\38dada09dfb8b06ba9b0570ebf7e218e3eb74d4ef43ca46872605cf95ebc2f47\windows-amd64\native-platform-file-events.dll
0x00007ffc0aa50000 - 0x00007ffc0aa59000 	C:\Users\Administrator\.jdks\azul-17.0.8.1\bin\management.dll
0x00007ffc0a590000 - 0x00007ffc0a59b000 	C:\Users\Administrator\.jdks\azul-17.0.8.1\bin\management_ext.dll
0x00007ffc27da0000 - 0x00007ffc27da8000 	C:\Windows\System32\PSAPI.DLL
0x00007ffc25ac0000 - 0x00007ffc25ad8000 	C:\Windows\SYSTEM32\CRYPTSP.dll
0x00007ffc25190000 - 0x00007ffc251c4000 	C:\Windows\system32\rsaenh.dll
0x00007ffc25ff0000 - 0x00007ffc2601e000 	C:\Windows\SYSTEM32\USERENV.dll
0x00007ffc25ae0000 - 0x00007ffc25aec000 	C:\Windows\SYSTEM32\CRYPTBASE.dll
0x00007ffc25570000 - 0x00007ffc255ab000 	C:\Windows\SYSTEM32\IPHLPAPI.DLL
0x00007ffc26e40000 - 0x00007ffc26e48000 	C:\Windows\System32\NSI.dll
0x00007ffc208b0000 - 0x00007ffc208c7000 	C:\Windows\SYSTEM32\dhcpcsvc6.DLL
0x00007ffc20a70000 - 0x00007ffc20a8d000 	C:\Windows\SYSTEM32\dhcpcsvc.DLL
0x00007ffc255c0000 - 0x00007ffc2568a000 	C:\Windows\SYSTEM32\DNSAPI.dll
0x00007ffc0a580000 - 0x00007ffc0a58e000 	C:\Users\Administrator\.jdks\azul-17.0.8.1\bin\sunmscapi.dll
0x00007ffc26960000 - 0x00007ffc26abd000 	C:\Windows\System32\CRYPT32.dll
0x00007ffc25be0000 - 0x00007ffc25c08000 	C:\Windows\SYSTEM32\ncrypt.dll
0x00007ffc25ba0000 - 0x00007ffc25bdb000 	C:\Windows\SYSTEM32\NTASN1.dll
0x00007ffc0def0000 - 0x00007ffc0def7000 	C:\Windows\system32\wshunix.dll

dbghelp: loaded successfully - version: 4.0.5 - missing functions: none
symbol engine: initialized successfully - sym options: 0x614 - pdb path: .;C:\Users\Administrator\.jdks\azul-17.0.8.1\bin;C:\Windows\SYSTEM32;C:\Windows\WinSxS\amd64_microsoft.windows.common-controls_6595b64144ccf1df_6.0.19041.3636_none_60b6a03d71f818d5;C:\Users\Administrator\.jdks\azul-17.0.8.1\bin\server;C:\Users\Administrator\.gradle\native\c067742578af261105cb4f569cf0c3c89f3d7b1fecec35dd04571415982c5e48\windows-amd64;C:\Users\Administrator\.gradle\native\38dada09dfb8b06ba9b0570ebf7e218e3eb74d4ef43ca46872605cf95ebc2f47\windows-amd64

VM Arguments:
jvm_args: --add-opens=java.base/java.util=ALL-UNNAMED --add-opens=java.base/java.lang=ALL-UNNAMED --add-opens=java.base/java.lang.invoke=ALL-UNNAMED --add-opens=java.prefs/java.util.prefs=ALL-UNNAMED --add-opens=java.base/java.nio.charset=ALL-UNNAMED --add-opens=java.base/java.net=ALL-UNNAMED --add-opens=java.base/java.util.concurrent.atomic=ALL-UNNAMED -XX:MaxMetaspaceSize=384m -XX:+HeapDumpOnOutOfMemoryError -Xms256m -Xmx512m -Dfile.encoding=x-windows-949 -Duser.country=KR -Duser.language=ko -Duser.variant -javaagent:C:\Users\Administrator\.gradle\wrapper\dists\gradle-8.5-bin\5t9huq95ubn472n8rpzujfbqh\gradle-8.5\lib\agents\gradle-instrumentation-agent-8.5.jar 
java_command: org.gradle.launcher.daemon.bootstrap.GradleDaemon 8.5
java_class_path (initial): C:\Users\Administrator\.gradle\wrapper\dists\gradle-8.5-bin\5t9huq95ubn472n8rpzujfbqh\gradle-8.5\lib\gradle-launcher-8.5.jar
Launcher Type: SUN_STANDARD

[Global flags]
     intx CICompilerCount                          = 4                                         {product} {ergonomic}
   size_t CompressedClassSpaceSize                 = 335544320                                 {product} {ergonomic}
     uint ConcGCThreads                            = 3                                         {product} {ergonomic}
     uint G1ConcRefinementThreads                  = 10                                        {product} {ergonomic}
   size_t G1HeapRegionSize                         = 1048576                                   {product} {ergonomic}
    uintx GCDrainStackTargetSize                   = 64                                        {product} {ergonomic}
     bool HeapDumpOnOutOfMemoryError               = true                                   {manageable} {command line}
   size_t InitialHeapSize                          = 268435456                                 {product} {command line}
   size_t MarkStackSize                            = 4194304                                   {product} {ergonomic}
   size_t MaxHeapSize                              = 536870912                                 {product} {command line}
   size_t MaxMetaspaceSize                         = 402653184                                 {product} {command line}
   size_t MaxNewSize                               = 321912832                                 {product} {ergonomic}
   size_t MinHeapDeltaBytes                        = 1048576                                   {product} {ergonomic}
   size_t MinHeapSize                              = 268435456                                 {product} {command line}
    uintx NonNMethodCodeHeapSize                   = 5839372                                {pd product} {ergonomic}
    uintx NonProfiledCodeHeapSize                  = 122909434                              {pd product} {ergonomic}
    uintx ProfiledCodeHeapSize                     = 122909434                              {pd product} {ergonomic}
    uintx ReservedCodeCacheSize                    = 251658240                              {pd product} {ergonomic}
     bool SegmentedCodeCache                       = true                                      {product} {ergonomic}
   size_t SoftMaxHeapSize                          = 536870912                              {manageable} {ergonomic}
     bool UseCompressedClassPointers               = true                           {product lp64_product} {ergonomic}
     bool UseCompressedOops                        = true                           {product lp64_product} {ergonomic}
     bool UseG1GC                                  = true                                      {product} {ergonomic}
     bool UseLargePagesIndividualAllocation        = false                                  {pd product} {ergonomic}

Logging:
Log output configuration:
 #0: stdout all=warning uptime,level,tags
 #1: stderr all=off uptime,level,tags

Environment Variables:
JAVA_HOME=C:\Users\Administrator\.jdks\azul-17.0.8.1
CLASSPATH=C:\Users\Administrator\.jdks\azul-17.0.8.1\lib
PATH=C:\Program Files (x86)\Common Files\Intel\Shared Libraries\redist\intel64_win\compiler;C:\Program Files (x86)\Common Files\Intel\Shared Libraries\redist\intel64\compiler;C:\Windows\system32;C:\Windows;C:\Windows\System32\Wbem;C:\Windows\System32\WindowsPowerShell\v1.0\;C:\Windows\System32\OpenSSH\;C:\Program Files\Bandizip\;C:\Program Files\Git\cmd;C:\Users\Administrator\.jdks\azul-17.0.8.1\bin;C:\Users\Administrator\AppData\Local\Microsoft\WindowsApps;;C:\Users\Administrator\AppData\Local\Programs\Microsoft VS Code\bin;C:\Program Files\JetBrains\IntelliJ IDEA 2023.2.2\bin;
USERNAME=Administrator
OS=Windows_NT
PROCESSOR_IDENTIFIER=Intel64 Family 6 Model 158 Stepping 10, GenuineIntel
TMP=C:\Users\ADMINI~1\AppData\Local\Temp
TEMP=C:\Users\ADMINI~1\AppData\Local\Temp



---------------  S Y S T E M  ---------------

OS:
 Windows 10 , 64 bit Build 19041 (10.0.19041.3636)
OS uptime: 0 days 3:58 hours

CPU: total 12 (initial active 12) (6 cores per cpu, 2 threads per core) family 6 model 158 stepping 10 microcode 0xb4, cx8, cmov, fxsr, ht, mmx, 3dnowpref, sse, sse2, sse3, ssse3, sse4.1, sse4.2, popcnt, lzcnt, tsc, tscinvbit, avx, avx2, aes, erms, clmul, bmi1, bmi2, rtm, adx, fma, vzeroupper, clflush, clflushopt
Processor Information for all 12 processors :
  Max Mhz: 3192, Current Mhz: 3192, Mhz Limit: 3192

Memory: 4k page, system-wide physical 16301M (4305M free)
TotalPageFile size 20796M (AvailPageFile size 2972M)
current process WorkingSet (physical memory assigned to process): 438M, peak: 461M
current process commit charge ("private bytes"): 519M, peak: 544M

vm_info: OpenJDK 64-Bit Server VM (17.0.8.1+1-LTS) for windows-amd64 JRE (17.0.8.1+1-LTS) (Zulu17.44+53-CA), built on Aug 23 2023 12:46:03 by "zulu_re" with MS VC++ 16.10 / 16.11 (VS2019)

END.
