#
# A fatal error has been detected by the Java Runtime Environment:
#
#  EXCEPTION_ACCESS_VIOLATION (0xc0000005) at pc=0x00007ffc19c97db5, pid=11836, tid=12844
#
# JRE version: OpenJDK Runtime Environment Zulu17.44+53-CA (17.0.8.1+1) (build 17.0.8.1+1-LTS)
# Java VM: OpenJDK 64-Bit Server VM Zulu17.44+53-CA (17.0.8.1+1-LTS, mixed mode, sharing, tiered, compressed oops, compressed class ptrs, g1 gc, windows-amd64)
# Problematic frame:
# V  [jvm.dll+0x567db5]
#
# No core dump will be written. Minidumps are not enabled by default on client versions of Windows
#
# If you would like to submit a bug report, please visit:
#   http://www.azul.com/support/
#

---------------  S U M M A R Y ------------

Command Line: --add-opens=java.base/java.util=ALL-UNNAMED --add-opens=java.base/java.lang=ALL-UNNAMED --add-opens=java.base/java.lang.invoke=ALL-UNNAMED --add-opens=java.prefs/java.util.prefs=ALL-UNNAMED --add-opens=java.base/java.nio.charset=ALL-UNNAMED --add-opens=java.base/java.net=ALL-UNNAMED --add-opens=java.base/java.util.concurrent.atomic=ALL-UNNAMED -XX:MaxMetaspaceSize=384m -XX:+HeapDumpOnOutOfMemoryError -Xms256m -Xmx512m -Dfile.encoding=x-windows-949 -Duser.country=KR -Duser.language=ko -Duser.variant -javaagent:C:\Users\Administrator\.gradle\wrapper\dists\gradle-8.5-bin\5t9huq95ubn472n8rpzujfbqh\gradle-8.5\lib\agents\gradle-instrumentation-agent-8.5.jar org.gradle.launcher.daemon.bootstrap.GradleDaemon 8.5

Host: Intel(R) Core(TM) i7-8700 CPU @ 3.20GHz, 12 cores, 15G,  Windows 10 , 64 bit Build 19041 (10.0.19041.3636)
Time: Fri Jan 19 11:02:54 2024  Windows 10 , 64 bit Build 19041 (10.0.19041.3636) elapsed time: 26.536470 seconds (0d 0h 0m 26s)

---------------  T H R E A D  ---------------

Current thread (0x00000253b9780ae0):  JavaThread "C2 CompilerThread1" daemon [_thread_in_native, id=12844, stack(0x0000008ab9600000,0x0000008ab9700000)]


Current CompileTask:
C2:  26536 5180       4       jdk.internal.org.objectweb.asm.Frame::execute (2305 bytes)

Stack: [0x0000008ab9600000,0x0000008ab9700000],  sp=0x0000008ab96fb870,  free space=1006k
Native frames: (J=compiled Java code, j=interpreted, Vv=VM code, C=native code)
V  [jvm.dll+0x567db5]
V  [jvm.dll+0x5685c3]
V  [jvm.dll+0x1bd4c7]
V  [jvm.dll+0x21a299]
V  [jvm.dll+0x219561]
V  [jvm.dll+0x1a576d]
V  [jvm.dll+0x229259]
V  [jvm.dll+0x22729c]
V  [jvm.dll+0x7f195c]
V  [jvm.dll+0x7ebd7a]
V  [jvm.dll+0x67cf15]
C  [ucrtbase.dll+0x21bb2]
C  [KERNEL32.DLL+0x17344]
C  [ntdll.dll+0x526b1]


siginfo: EXCEPTION_ACCESS_VIOLATION (0xc0000005), reading address 0x00007fdc1a2bb8e8


Register to memory mapping:

RIP=0x00007ffc19c97db5 jvm.dll
RAX=0x00000253bb1c7608 points into unknown readable memory: 0x00000253bc141b40 | 40 1b 14 bc 53 02 00 00
RBX=0x000000000000133a is an unknown value
RCX=0x000000000000003a is an unknown value
RDX=0x00007fdc1a2bb8e8 is an unknown value
RSP=0x0000008ab96fb870 is pointing into the stack for thread: 0x00000253b9780ae0
RBP=0x0400000000000000 is an unknown value
RSI=0x0 is NULL
RDI=0x00000253b77b2c48 points into unknown readable memory: 0x0000000200000003 | 03 00 00 00 02 00 00 00
R8 =0x00007ffc1a2bb8e8 jvm.dll
R9 =0x0000000000000001 is an unknown value
R10=0x0000000000000003 is an unknown value
R11=0x00000253bc141c40 points into unknown readable memory: 0x0000000000000000 | 00 00 00 00 00 00 00 00
R12=0x00000253ba4d69a0 points into unknown readable memory: 0x0000000000000000 | 00 00 00 00 00 00 00 00
R13=0x0000008ab96fbb20 is pointing into the stack for thread: 0x00000253b9780ae0
R14=0x0000000000000098 is an unknown value
R15=0x00000253ba490b60 points into unknown readable memory: 0x0000000200000003 | 03 00 00 00 02 00 00 00


Registers:
RAX=0x00000253bb1c7608, RBX=0x000000000000133a, RCX=0x000000000000003a, RDX=0x00007fdc1a2bb8e8
RSP=0x0000008ab96fb870, RBP=0x0400000000000000, RSI=0x0000000000000000, RDI=0x00000253b77b2c48
R8 =0x00007ffc1a2bb8e8, R9 =0x0000000000000001, R10=0x0000000000000003, R11=0x00000253bc141c40
R12=0x00000253ba4d69a0, R13=0x0000008ab96fbb20, R14=0x0000000000000098, R15=0x00000253ba490b60
RIP=0x00007ffc19c97db5, EFLAGS=0x0000000000010206

Top of Stack: (sp=0x0000008ab96fb870)
0x0000008ab96fb870:   0000000000000001 00000253b77b2c48
0x0000008ab96fb880:   0000008ab96fe7a0 0000008ab96fbb20
0x0000008ab96fb890:   0000000000000002 000000010000133a
0x0000008ab96fb8a0:   0000001a00000014 00000253bc141c00
0x0000008ab96fb8b0:   00000253b8b32308 00000253bb839fe8
0x0000008ab96fb8c0:   00000253ba4d87a0 00000253bb2f1e90
0x0000008ab96fb8d0:   0000000000000001 0000008ab96fbb20
0x0000008ab96fb8e0:   00000253bb839fe8 0000000000000001
0x0000008ab96fb8f0:   0000000000000008 0000000000000000
0x0000008ab96fb900:   00000253bb2f1bc0 00007ffc19c985c3
0x0000008ab96fb910:   00000253ba4d69a0 00000253bb2f1e90
0x0000008ab96fb920:   0000000000000000 0000008ab96fb978
0x0000008ab96fb930:   00000253ba24f468 0000000000000020
0x0000008ab96fb940:   00000253bb839fe8 0000000000000008
0x0000008ab96fb950:   00000253b93f4f80 00000253bb292720
0x0000008ab96fb960:   0000000000290298 00000253bb293770 

Instructions: (pc=0x00007ffc19c97db5)
0x00007ffc19c97cb5:   4a 8b 1c d8 48 89 9c 24 b0 00 00 00 48 85 db 74
0x00007ffc19c97cc5:   05 48 8b fb eb 08 e8 40 0f 00 00 48 8b f8 83 3e
0x00007ffc19c97cd5:   00 0f 84 6f 01 00 00 48 8b 46 08 4c 8d 05 01 3c
0x00007ffc19c97ce5:   62 00 8b 4e 04 33 d2 4c 8b a4 24 a0 00 00 00 8b
0x00007ffc19c97cf5:   da 48 89 54 24 20 89 54 24 28 48 89 54 24 38 48
0x00007ffc19c97d05:   89 44 24 40 48 c7 44 24 2c 04 00 00 00 89 4c 24
0x00007ffc19c97d15:   34 48 89 74 24 48 4c 89 74 24 60 48 85 d2 74 19
0x00007ffc19c97d25:   48 0f bc c2 8b c8 48 d3 ea 48 ff ca 03 d8 48 89
0x00007ffc19c97d35:   54 24 20 89 5c 24 28 eb 28 83 7c 24 2c 04 72 0e
0x00007ffc19c97d45:   8b 44 24 34 39 44 24 30 0f 83 db 00 00 00 48 8d
0x00007ffc19c97d55:   4c 24 20 e8 73 73 e0 ff 8b d8 4c 8d 05 82 3b 62
0x00007ffc19c97d65:   00 85 db 0f 84 c0 00 00 00 8b c3 48 c1 e8 08 8b
0x00007ffc19c97d75:   f3 4c 8d 34 c5 00 00 00 00 49 8b 47 08 49 8b 14
0x00007ffc19c97d85:   06 49 3b d0 75 14 8b d3 49 8b cf e8 fb 74 e0 ff
0x00007ffc19c97d95:   48 8b d0 4c 8d 05 49 3b 62 00 40 0f b6 ce bd 01
0x00007ffc19c97da5:   00 00 00 48 c1 ee 06 80 e1 3f 83 e6 03 48 d3 e5
0x00007ffc19c97db5:   48 8b 0c f2 48 8b c1 48 0b c5 48 89 04 f2 48 85
0x00007ffc19c97dc5:   cd 75 48 41 ff 07 49 8b 44 24 08 4a 8b 0c 30 48
0x00007ffc19c97dd5:   85 2c f1 75 36 48 8b 47 08 49 8b 14 06 49 3b d0
0x00007ffc19c97de5:   75 14 8b d3 48 8b cf e8 9f 74 e0 ff 48 8b d0 4c
0x00007ffc19c97df5:   8d 05 ed 3a 62 00 48 8b 0c f2 48 8b c1 48 0b c5
0x00007ffc19c97e05:   48 89 04 f2 48 85 cd 74 10 66 90 8b 5c 24 28 48
0x00007ffc19c97e15:   8b 54 24 20 e9 02 ff ff ff ff 07 8b 5c 24 28 48
0x00007ffc19c97e25:   8b 54 24 20 e9 f2 fe ff ff 4c 8b a4 24 a8 00 00
0x00007ffc19c97e35:   00 48 8b 9c 24 b0 00 00 00 48 8b ac 24 b8 00 00
0x00007ffc19c97e45:   00 4c 8b 74 24 60 83 3f 00 4c 8b 7c 24 58 48 8b
0x00007ffc19c97e55:   74 24 68 74 4b 41 8b 4c 24 4c 49 8b 45 28 ff c9
0x00007ffc19c97e65:   48 89 3c c8 48 85 db 75 46 41 8b 4c 24 4c 8b c1
0x00007ffc19c97e75:   c1 e8 05 3b 45 00 73 37 8b d0 83 e1 1f 48 8b 45
0x00007ffc19c97e85:   08 8b 04 90 0f a3 c8 73 26 49 8b 4d 38 49 8b d4
0x00007ffc19c97e95:   48 83 c4 70 41 5d 41 5c 5f 5d 5b e9 2b a6 bb ff
0x00007ffc19c97ea5:   49 8b 45 30 48 89 87 98 00 00 00 49 89 7d 30 48 


Stack slot to memory mapping:
stack at sp + 0 slots: 0x0000000000000001 is an unknown value
stack at sp + 1 slots: 0x00000253b77b2c48 points into unknown readable memory: 0x0000000200000003 | 03 00 00 00 02 00 00 00
stack at sp + 2 slots: 0x0000008ab96fe7a0 is pointing into the stack for thread: 0x00000253b9780ae0
stack at sp + 3 slots: 0x0000008ab96fbb20 is pointing into the stack for thread: 0x00000253b9780ae0
stack at sp + 4 slots: 0x0000000000000002 is an unknown value
stack at sp + 5 slots: 0x000000010000133a is an unknown value
stack at sp + 6 slots: 0x0000001a00000014 is an unknown value
stack at sp + 7 slots: 0x00000253bc141c00 points into unknown readable memory: 0x0c00000000000000 | 00 00 00 00 00 00 00 0c


---------------  P R O C E S S  ---------------

Threads class SMR info:
_java_thread_list=0x00000253b8b5e160, length=62, elements={
0x00000253829ce5c0, 0x000002539d9fab60, 0x000002539d9fc910, 0x000002539da154c0,
0x000002539da17eb0, 0x000002539da18790, 0x000002539da19070, 0x000002539da19d30,
0x000002539da1b640, 0x000002539da2e730, 0x000002539db1ac80, 0x000002539dc1ec10,
0x00000253b8339220, 0x00000253b75632d0, 0x00000253b92a2730, 0x00000253b840a850,
0x00000253b9076650, 0x00000253b86e0920, 0x00000253b86e1850, 0x00000253b86e2780,
0x00000253b86e2270, 0x00000253b86e0410, 0x00000253b86e31a0, 0x00000253b86e0e30,
0x00000253b86e36b0, 0x00000253b90fad00, 0x00000253b90f9dd0, 0x00000253b90fd580,
0x00000253b90fc140, 0x00000253b90f8990, 0x00000253b90fa2e0, 0x00000253b90fe4b0,
0x00000253b90fb720, 0x00000253b90fa7f0, 0x00000253b90fc650, 0x00000253b90fcb60,
0x00000253b90f7a60, 0x00000253b90f8ea0, 0x00000253b7afc410, 0x00000253b7af8240,
0x00000253b7af7820, 0x00000253b7af9680, 0x00000253b7afaac0, 0x00000253b7af8c60,
0x00000253b7af5ed0, 0x00000253b7afa0a0, 0x00000253b7af63e0, 0x00000253b7af68f0,
0x00000253b7af7d30, 0x00000253b7af6e00, 0x00000253b7af7310, 0x00000253b7afce30,
0x00000253b7afb4e0, 0x00000253b7afb9f0, 0x00000253b7af9b90, 0x00000253b7af9170,
0x00000253b7afc920, 0x00000253b7af8750, 0x00000253b7af59c0, 0x00000253b9780ae0,
0x00000253b7afa5b0, 0x00000253b977faf0
}

Java Threads: ( => current thread )
  0x00000253829ce5c0 JavaThread "main" [_thread_blocked, id=11992, stack(0x0000008ab4800000,0x0000008ab4900000)]
  0x000002539d9fab60 JavaThread "Reference Handler" daemon [_thread_blocked, id=12020, stack(0x0000008ab4f00000,0x0000008ab5000000)]
  0x000002539d9fc910 JavaThread "Finalizer" daemon [_thread_blocked, id=12024, stack(0x0000008ab5000000,0x0000008ab5100000)]
  0x000002539da154c0 JavaThread "Signal Dispatcher" daemon [_thread_blocked, id=12096, stack(0x0000008ab5100000,0x0000008ab5200000)]
  0x000002539da17eb0 JavaThread "Attach Listener" daemon [_thread_blocked, id=12100, stack(0x0000008ab5200000,0x0000008ab5300000)]
  0x000002539da18790 JavaThread "Service Thread" daemon [_thread_blocked, id=12104, stack(0x0000008ab5300000,0x0000008ab5400000)]
  0x000002539da19070 JavaThread "Monitor Deflation Thread" daemon [_thread_blocked, id=12108, stack(0x0000008ab5400000,0x0000008ab5500000)]
  0x000002539da19d30 JavaThread "C2 CompilerThread0" daemon [_thread_in_native, id=12112, stack(0x0000008ab5500000,0x0000008ab5600000)]
  0x000002539da1b640 JavaThread "C1 CompilerThread0" daemon [_thread_in_vm, id=12116, stack(0x0000008ab5600000,0x0000008ab5700000)]
  0x000002539da2e730 JavaThread "Sweeper thread" daemon [_thread_blocked, id=12120, stack(0x0000008ab5700000,0x0000008ab5800000)]
  0x000002539db1ac80 JavaThread "Common-Cleaner" daemon [_thread_blocked, id=12124, stack(0x0000008ab5800000,0x0000008ab5900000)]
  0x000002539dc1ec10 JavaThread "Notification Thread" daemon [_thread_blocked, id=12128, stack(0x0000008ab5900000,0x0000008ab5a00000)]
  0x00000253b8339220 JavaThread "Daemon health stats" [_thread_blocked, id=4500, stack(0x0000008ab6200000,0x0000008ab6300000)]
  0x00000253b75632d0 JavaThread "Incoming local TCP Connector on port 61118" [_thread_in_native, id=9940, stack(0x0000008ab6300000,0x0000008ab6400000)]
  0x00000253b92a2730 JavaThread "Daemon periodic checks" [_thread_blocked, id=4072, stack(0x0000008ab6400000,0x0000008ab6500000)]
  0x00000253b840a850 JavaThread "Daemon" [_thread_blocked, id=10708, stack(0x0000008ab6600000,0x0000008ab6700000)]
  0x00000253b9076650 JavaThread "Handler for socket connection from /127.0.0.1:61118 to /127.0.0.1:61119" [_thread_in_native, id=10892, stack(0x0000008ab6700000,0x0000008ab6800000)]
  0x00000253b86e0920 JavaThread "Cancel handler" [_thread_blocked, id=10760, stack(0x0000008ab6800000,0x0000008ab6900000)]
  0x00000253b86e1850 JavaThread "Daemon worker" [_thread_in_Java, id=10112, stack(0x0000008ab6900000,0x0000008ab6a00000)]
  0x00000253b86e2780 JavaThread "Asynchronous log dispatcher for DefaultDaemonConnection: socket connection from /127.0.0.1:61118 to /127.0.0.1:61119" [_thread_blocked, id=10596, stack(0x0000008ab6a00000,0x0000008ab6b00000)]
  0x00000253b86e2270 JavaThread "Stdin handler" [_thread_blocked, id=6684, stack(0x0000008ab6b00000,0x0000008ab6c00000)]
  0x00000253b86e0410 JavaThread "Daemon client event forwarder" [_thread_blocked, id=11872, stack(0x0000008ab6c00000,0x0000008ab6d00000)]
  0x00000253b86e31a0 JavaThread "Cache worker for journal cache (C:\Users\Administrator\.gradle\caches\journal-1)" [_thread_blocked, id=12188, stack(0x0000008ab6d00000,0x0000008ab6e00000)]
  0x00000253b86e0e30 JavaThread "File lock request listener" [_thread_in_native, id=12192, stack(0x0000008ab6e00000,0x0000008ab6f00000)]
  0x00000253b86e36b0 JavaThread "File lock release action executor" [_thread_blocked, id=12200, stack(0x0000008ab5b00000,0x0000008ab5c00000)]
  0x00000253b90fad00 JavaThread "Cache worker for file hash cache (C:\Users\Administrator\.gradle\caches\8.5\fileHashes)" [_thread_blocked, id=11380, stack(0x0000008ab6f00000,0x0000008ab7000000)]
  0x00000253b90f9dd0 JavaThread "File watcher server" daemon [_thread_in_native, id=11692, stack(0x0000008ab7000000,0x0000008ab7100000)]
  0x00000253b90fd580 JavaThread "File watcher consumer" daemon [_thread_blocked, id=6324, stack(0x0000008ab7500000,0x0000008ab7600000)]
  0x00000253b90fc140 JavaThread "Cache worker for checksums cache (D:\Students\kth\second_project\.gradle\8.5\checksums)" [_thread_blocked, id=11012, stack(0x0000008ab7800000,0x0000008ab7900000)]
  0x00000253b90f8990 JavaThread "Cache worker for file hash cache (D:\Students\kth\second_project\.gradle\8.5\fileHashes)" [_thread_blocked, id=10140, stack(0x0000008ab7900000,0x0000008ab7a00000)]
  0x00000253b90fa2e0 JavaThread "Cache worker for cache directory md-supplier (C:\Users\Administrator\.gradle\caches\8.5\md-supplier)" [_thread_blocked, id=3024, stack(0x0000008ab7a00000,0x0000008ab7b00000)]
  0x00000253b90fe4b0 JavaThread "Cache worker for cache directory md-rule (C:\Users\Administrator\.gradle\caches\8.5\md-rule)" [_thread_blocked, id=11948, stack(0x0000008ab7b00000,0x0000008ab7c00000)]
  0x00000253b90fb720 JavaThread "Cache worker for file content cache (C:\Users\Administrator\.gradle\caches\8.5\fileContent)" [_thread_blocked, id=6308, stack(0x0000008ab6100000,0x0000008ab6200000)]
  0x00000253b90fa7f0 JavaThread "Cache worker for execution history cache (C:\Users\Administrator\.gradle\caches\8.5\executionHistory)" [_thread_blocked, id=12424, stack(0x0000008ab7c00000,0x0000008ab7d00000)]
  0x00000253b90fc650 JavaThread "jar transforms" [_thread_blocked, id=12592, stack(0x0000008ab7f00000,0x0000008ab8000000)]
  0x00000253b90fcb60 JavaThread "jar transforms Thread 2" [_thread_blocked, id=13280, stack(0x0000008ab7d00000,0x0000008ab7e00000)]
  0x00000253b90f7a60 JavaThread "jar transforms Thread 3" [_thread_blocked, id=12452, stack(0x0000008ab7e00000,0x0000008ab7f00000)]
  0x00000253b90f8ea0 JavaThread "jar transforms Thread 4" [_thread_blocked, id=12372, stack(0x0000008ab8000000,0x0000008ab8100000)]
  0x00000253b7afc410 JavaThread "jar transforms Thread 5" [_thread_blocked, id=7896, stack(0x0000008ab8100000,0x0000008ab8200000)]
  0x00000253b7af8240 JavaThread "jar transforms Thread 6" [_thread_blocked, id=11964, stack(0x0000008ab8200000,0x0000008ab8300000)]
  0x00000253b7af7820 JavaThread "Cache worker for dependencies-accessors (D:\Students\kth\second_project\.gradle\8.5\dependencies-accessors)" [_thread_blocked, id=12336, stack(0x0000008ab8400000,0x0000008ab8500000)]
  0x00000253b7af9680 JavaThread "jar transforms Thread 7" [_thread_blocked, id=12412, stack(0x0000008ab8300000,0x0000008ab8400000)]
  0x00000253b7afaac0 JavaThread "Cache worker for Build Output Cleanup Cache (D:\Students\kth\second_project\.gradle\buildOutputCleanup)" [_thread_blocked, id=12840, stack(0x0000008ab8700000,0x0000008ab8800000)]
  0x00000253b7af8c60 JavaThread "Unconstrained build operations" [_thread_blocked, id=12712, stack(0x0000008ab8800000,0x0000008ab8900000)]
  0x00000253b7af5ed0 JavaThread "Unconstrained build operations Thread 2" [_thread_blocked, id=12912, stack(0x0000008ab8900000,0x0000008ab8a00000)]
  0x00000253b7afa0a0 JavaThread "Unconstrained build operations Thread 3" [_thread_blocked, id=12960, stack(0x0000008ab8a00000,0x0000008ab8b00000)]
  0x00000253b7af63e0 JavaThread "Unconstrained build operations Thread 4" [_thread_blocked, id=12640, stack(0x0000008ab8b00000,0x0000008ab8c00000)]
  0x00000253b7af68f0 JavaThread "Unconstrained build operations Thread 5" [_thread_blocked, id=12668, stack(0x0000008ab8c00000,0x0000008ab8d00000)]
  0x00000253b7af7d30 JavaThread "Unconstrained build operations Thread 6" [_thread_blocked, id=12824, stack(0x0000008ab8d00000,0x0000008ab8e00000)]
  0x00000253b7af6e00 JavaThread "Unconstrained build operations Thread 7" [_thread_blocked, id=11392, stack(0x0000008ab8e00000,0x0000008ab8f00000)]
  0x00000253b7af7310 JavaThread "Unconstrained build operations Thread 8" [_thread_blocked, id=13032, stack(0x0000008ab8f00000,0x0000008ab9000000)]
  0x00000253b7afce30 JavaThread "Unconstrained build operations Thread 9" [_thread_blocked, id=12988, stack(0x0000008ab9000000,0x0000008ab9100000)]
  0x00000253b7afb4e0 JavaThread "Unconstrained build operations Thread 10" [_thread_blocked, id=13004, stack(0x0000008ab9100000,0x0000008ab9200000)]
  0x00000253b7afb9f0 JavaThread "Unconstrained build operations Thread 11" [_thread_blocked, id=10072, stack(0x0000008ab9200000,0x0000008ab9300000)]
  0x00000253b7af9b90 JavaThread "jar transforms Thread 8" [_thread_blocked, id=13200, stack(0x0000008ab8500000,0x0000008ab8600000)]
  0x00000253b7af9170 JavaThread "jar transforms Thread 9" [_thread_blocked, id=13164, stack(0x0000008ab8600000,0x0000008ab8700000)]
  0x00000253b7afc920 JavaThread "jar transforms Thread 10" [_thread_blocked, id=12616, stack(0x0000008ab9300000,0x0000008ab9400000)]
  0x00000253b7af8750 JavaThread "jar transforms Thread 11" [_thread_blocked, id=12092, stack(0x0000008ab9400000,0x0000008ab9500000)]
  0x00000253b7af59c0 JavaThread "jar transforms Thread 12" [_thread_blocked, id=12788, stack(0x0000008ab9500000,0x0000008ab9600000)]
=>0x00000253b9780ae0 JavaThread "C2 CompilerThread1" daemon [_thread_in_native, id=12844, stack(0x0000008ab9600000,0x0000008ab9700000)]
  0x00000253b7afa5b0 JavaThread "Memory manager" [_thread_blocked, id=12776, stack(0x0000008ab9700000,0x0000008ab9800000)]
  0x00000253b977faf0 JavaThread "C2 CompilerThread2" daemon [_thread_in_native, id=9580, stack(0x0000008ab9800000,0x0000008ab9900000)]

Other Threads:
  0x000002539d9f5fd0 VMThread "VM Thread" [stack: 0x0000008ab4e00000,0x0000008ab4f00000] [id=12016]
  0x00000253829cf4a0 WatcherThread [stack: 0x0000008ab5a00000,0x0000008ab5b00000] [id=12132]
  0x00000253829fe390 GCTaskThread "GC Thread#0" [stack: 0x0000008ab4900000,0x0000008ab4a00000] [id=11996]
  0x00000253b7adc750 GCTaskThread "GC Thread#1" [stack: 0x0000008ab5c00000,0x0000008ab5d00000] [id=11292]
  0x00000253b7adab30 GCTaskThread "GC Thread#2" [stack: 0x0000008ab5d00000,0x0000008ab5e00000] [id=10688]
  0x00000253b7adb0d0 GCTaskThread "GC Thread#3" [stack: 0x0000008ab5e00000,0x0000008ab5f00000] [id=9208]
  0x00000253b7adb670 GCTaskThread "GC Thread#4" [stack: 0x0000008ab5f00000,0x0000008ab6000000] [id=9316]
  0x00000253b7adc480 GCTaskThread "GC Thread#5" [stack: 0x0000008ab6000000,0x0000008ab6100000] [id=10052]
  0x00000253b7adb940 GCTaskThread "GC Thread#6" [stack: 0x0000008ab7100000,0x0000008ab7200000] [id=12272]
  0x00000253ba417120 GCTaskThread "GC Thread#7" [stack: 0x0000008ab7200000,0x0000008ab7300000] [id=11372]
  0x00000253ba4165e0 GCTaskThread "GC Thread#8" [stack: 0x0000008ab7300000,0x0000008ab7400000] [id=12240]
  0x00000253ba4173f0 GCTaskThread "GC Thread#9" [stack: 0x0000008ab7400000,0x0000008ab7500000] [id=10088]
  0x0000025382a03200 ConcurrentGCThread "G1 Main Marker" [stack: 0x0000008ab4a00000,0x0000008ab4b00000] [id=12000]
  0x0000025382a04b40 ConcurrentGCThread "G1 Conc#0" [stack: 0x0000008ab4b00000,0x0000008ab4c00000] [id=12004]
  0x00000253ba4157d0 ConcurrentGCThread "G1 Conc#1" [stack: 0x0000008ab7600000,0x0000008ab7700000] [id=11348]
  0x00000253ba414150 ConcurrentGCThread "G1 Conc#2" [stack: 0x0000008ab7700000,0x0000008ab7800000] [id=7580]
  0x000002539d8ba110 ConcurrentGCThread "G1 Refine#0" [stack: 0x0000008ab4c00000,0x0000008ab4d00000] [id=12008]
  0x000002539d8baa60 ConcurrentGCThread "G1 Service" [stack: 0x0000008ab4d00000,0x0000008ab4e00000] [id=12012]

Threads with active compile tasks:
C2 CompilerThread0    26574 5245       4       org.objectweb.asm.MethodWriter::computeAllFrames (510 bytes)
C2 CompilerThread1    26574 5180       4       jdk.internal.org.objectweb.asm.Frame::execute (2305 bytes)
C2 CompilerThread2    26574 5236   !   4       com.google.common.reflect.TypeVisitor::visit (225 bytes)

VM state: not at safepoint (normal execution)

VM Mutex/Monitor currently owned by a thread: None

Heap address: 0x00000000e0000000, size: 512 MB, Compressed Oops mode: 32-bit

CDS archive(s) mapped at: [0x000002539e000000-0x000002539ec00000-0x000002539ec00000), size 12582912, SharedBaseAddress: 0x000002539e000000, ArchiveRelocationMode: 1.
Compressed class space mapped at: 0x000002539f000000-0x00000253b3000000, reserved size: 335544320
Narrow klass base: 0x000002539e000000, Narrow klass shift: 0, Narrow klass range: 0x100000000

GC Precious Log:
 CPUs: 12 total, 12 available
 Memory: 16301M
 Large Page Support: Disabled
 NUMA Support: Disabled
 Compressed Oops: Enabled (32-bit)
 Heap Region Size: 1M
 Heap Min Capacity: 256M
 Heap Initial Capacity: 256M
 Heap Max Capacity: 512M
 Pre-touch: Disabled
 Parallel Workers: 10
 Concurrent Workers: 3
 Concurrent Refinement Workers: 10
 Periodic GC: Disabled

Heap:
 garbage-first heap   total 262144K, used 125550K [0x00000000e0000000, 0x0000000100000000)
  region size 1024K, 93 young (95232K), 1 survivors (1024K)
 Metaspace       used 45501K, committed 45952K, reserved 393216K
  class space    used 6377K, committed 6592K, reserved 327680K

Heap Regions: E=young(eden), S=young(survivor), O=old, HS=humongous(starts), HC=humongous(continues), CS=collection set, F=free, OA=open archive, CA=closed archive, TAMS=top-at-mark-start (previous, next)
|   0|0x00000000e0000000, 0x00000000e0100000, 0x00000000e0100000|100%|HS|  |TAMS 0x00000000e0100000, 0x00000000e0000000| Complete 
|   1|0x00000000e0100000, 0x00000000e0200000, 0x00000000e0200000|100%|HC|  |TAMS 0x00000000e0200000, 0x00000000e0100000| Complete 
|   2|0x00000000e0200000, 0x00000000e0300000, 0x00000000e0300000|100%|HC|  |TAMS 0x00000000e0300000, 0x00000000e0200000| Complete 
|   3|0x00000000e0300000, 0x00000000e0400000, 0x00000000e0400000|100%|HC|  |TAMS 0x00000000e0400000, 0x00000000e0300000| Complete 
|   4|0x00000000e0400000, 0x00000000e0500000, 0x00000000e0500000|100%| O|  |TAMS 0x00000000e0500000, 0x00000000e0400000| Untracked 
|   5|0x00000000e0500000, 0x00000000e0600000, 0x00000000e0600000|100%| O|  |TAMS 0x00000000e0600000, 0x00000000e0500000| Untracked 
|   6|0x00000000e0600000, 0x00000000e0700000, 0x00000000e0700000|100%| O|  |TAMS 0x00000000e0700000, 0x00000000e0600000| Untracked 
|   7|0x00000000e0700000, 0x00000000e0800000, 0x00000000e0800000|100%| O|  |TAMS 0x00000000e0800000, 0x00000000e0700000| Untracked 
|   8|0x00000000e0800000, 0x00000000e0900000, 0x00000000e0900000|100%| O|  |TAMS 0x00000000e0900000, 0x00000000e0800000| Untracked 
|   9|0x00000000e0900000, 0x00000000e0a00000, 0x00000000e0a00000|100%|HS|  |TAMS 0x00000000e0900000, 0x00000000e0900000| Complete 
|  10|0x00000000e0a00000, 0x00000000e0b00000, 0x00000000e0b00000|100%| O|  |TAMS 0x00000000e0b00000, 0x00000000e0a00000| Untracked 
|  11|0x00000000e0b00000, 0x00000000e0c00000, 0x00000000e0c00000|100%| O|  |TAMS 0x00000000e0c00000, 0x00000000e0b00000| Untracked 
|  12|0x00000000e0c00000, 0x00000000e0d00000, 0x00000000e0d00000|100%| O|  |TAMS 0x00000000e0d00000, 0x00000000e0c00000| Untracked 
|  13|0x00000000e0d00000, 0x00000000e0e00000, 0x00000000e0e00000|100%| O|  |TAMS 0x00000000e0e00000, 0x00000000e0d00000| Untracked 
|  14|0x00000000e0e00000, 0x00000000e0f00000, 0x00000000e0f00000|100%| O|  |TAMS 0x00000000e0f00000, 0x00000000e0e00000| Untracked 
|  15|0x00000000e0f00000, 0x00000000e1000000, 0x00000000e1000000|100%| O|  |TAMS 0x00000000e1000000, 0x00000000e0f00000| Untracked 
|  16|0x00000000e1000000, 0x00000000e1100000, 0x00000000e1100000|100%| O|  |TAMS 0x00000000e1100000, 0x00000000e1000000| Untracked 
|  17|0x00000000e1100000, 0x00000000e1200000, 0x00000000e1200000|100%| O|  |TAMS 0x00000000e1200000, 0x00000000e1100000| Untracked 
|  18|0x00000000e1200000, 0x00000000e1300000, 0x00000000e1300000|100%| O|  |TAMS 0x00000000e1300000, 0x00000000e1200000| Untracked 
|  19|0x00000000e1300000, 0x00000000e1400000, 0x00000000e1400000|100%| O|  |TAMS 0x00000000e1400000, 0x00000000e1300000| Untracked 
|  20|0x00000000e1400000, 0x00000000e1500000, 0x00000000e1500000|100%| O|  |TAMS 0x00000000e1500000, 0x00000000e1400000| Untracked 
|  21|0x00000000e1500000, 0x00000000e1600000, 0x00000000e1600000|100%| O|  |TAMS 0x00000000e1600000, 0x00000000e1500000| Untracked 
|  22|0x00000000e1600000, 0x00000000e1700000, 0x00000000e1700000|100%| O|  |TAMS 0x00000000e1700000, 0x00000000e1600000| Untracked 
|  23|0x00000000e1700000, 0x00000000e1800000, 0x00000000e1800000|100%| O|  |TAMS 0x00000000e1800000, 0x00000000e1700000| Untracked 
|  24|0x00000000e1800000, 0x00000000e1900000, 0x00000000e1900000|100%| O|  |TAMS 0x00000000e1900000, 0x00000000e1800000| Untracked 
|  25|0x00000000e1900000, 0x00000000e1a00000, 0x00000000e1a00000|100%| O|  |TAMS 0x00000000e1a00000, 0x00000000e1900000| Untracked 
|  26|0x00000000e1a00000, 0x00000000e1b00000, 0x00000000e1b00000|100%| O|  |TAMS 0x00000000e1b00000, 0x00000000e1a00000| Untracked 
|  27|0x00000000e1b00000, 0x00000000e1c00000, 0x00000000e1c00000|100%| O|  |TAMS 0x00000000e1c00000, 0x00000000e1b00000| Untracked 
|  28|0x00000000e1c00000, 0x00000000e1d00000, 0x00000000e1d00000|100%| O|  |TAMS 0x00000000e1d00000, 0x00000000e1c00000| Untracked 
|  29|0x00000000e1d00000, 0x00000000e1e00000, 0x00000000e1e00000|100%| O|  |TAMS 0x00000000e1e00000, 0x00000000e1d00000| Untracked 
|  30|0x00000000e1e00000, 0x00000000e1f00000, 0x00000000e1f00000|100%| O|  |TAMS 0x00000000e1f00000, 0x00000000e1e00000| Untracked 
|  31|0x00000000e1f00000, 0x00000000e1f3e600, 0x00000000e2000000| 24%| O|  |TAMS 0x00000000e1f3e600, 0x00000000e1f00000| Untracked 
|  32|0x00000000e2000000, 0x00000000e2100000, 0x00000000e2100000|100%|HS|  |TAMS 0x00000000e2000000, 0x00000000e2000000| Complete 
|  33|0x00000000e2100000, 0x00000000e2100000, 0x00000000e2200000|  0%| F|  |TAMS 0x00000000e2100000, 0x00000000e2100000| Untracked 
|  34|0x00000000e2200000, 0x00000000e2200000, 0x00000000e2300000|  0%| F|  |TAMS 0x00000000e2200000, 0x00000000e2200000| Untracked 
|  35|0x00000000e2300000, 0x00000000e2300000, 0x00000000e2400000|  0%| F|  |TAMS 0x00000000e2300000, 0x00000000e2300000| Untracked 
|  36|0x00000000e2400000, 0x00000000e2400000, 0x00000000e2500000|  0%| F|  |TAMS 0x00000000e2400000, 0x00000000e2400000| Untracked 
|  37|0x00000000e2500000, 0x00000000e2500000, 0x00000000e2600000|  0%| F|  |TAMS 0x00000000e2500000, 0x00000000e2500000| Untracked 
|  38|0x00000000e2600000, 0x00000000e2600000, 0x00000000e2700000|  0%| F|  |TAMS 0x00000000e2600000, 0x00000000e2600000| Untracked 
|  39|0x00000000e2700000, 0x00000000e2700000, 0x00000000e2800000|  0%| F|  |TAMS 0x00000000e2700000, 0x00000000e2700000| Untracked 
|  40|0x00000000e2800000, 0x00000000e2800000, 0x00000000e2900000|  0%| F|  |TAMS 0x00000000e2800000, 0x00000000e2800000| Untracked 
|  41|0x00000000e2900000, 0x00000000e2900000, 0x00000000e2a00000|  0%| F|  |TAMS 0x00000000e2900000, 0x00000000e2900000| Untracked 
|  42|0x00000000e2a00000, 0x00000000e2a00000, 0x00000000e2b00000|  0%| F|  |TAMS 0x00000000e2a00000, 0x00000000e2a00000| Untracked 
|  43|0x00000000e2b00000, 0x00000000e2b00000, 0x00000000e2c00000|  0%| F|  |TAMS 0x00000000e2b00000, 0x00000000e2b00000| Untracked 
|  44|0x00000000e2c00000, 0x00000000e2c00000, 0x00000000e2d00000|  0%| F|  |TAMS 0x00000000e2c00000, 0x00000000e2c00000| Untracked 
|  45|0x00000000e2d00000, 0x00000000e2d00000, 0x00000000e2e00000|  0%| F|  |TAMS 0x00000000e2d00000, 0x00000000e2d00000| Untracked 
|  46|0x00000000e2e00000, 0x00000000e2e00000, 0x00000000e2f00000|  0%| F|  |TAMS 0x00000000e2e00000, 0x00000000e2e00000| Untracked 
|  47|0x00000000e2f00000, 0x00000000e2f00000, 0x00000000e3000000|  0%| F|  |TAMS 0x00000000e2f00000, 0x00000000e2f00000| Untracked 
|  48|0x00000000e3000000, 0x00000000e3000000, 0x00000000e3100000|  0%| F|  |TAMS 0x00000000e3000000, 0x00000000e3000000| Untracked 
|  49|0x00000000e3100000, 0x00000000e3100000, 0x00000000e3200000|  0%| F|  |TAMS 0x00000000e3100000, 0x00000000e3100000| Untracked 
|  50|0x00000000e3200000, 0x00000000e3200000, 0x00000000e3300000|  0%| F|  |TAMS 0x00000000e3200000, 0x00000000e3200000| Untracked 
|  51|0x00000000e3300000, 0x00000000e3300000, 0x00000000e3400000|  0%| F|  |TAMS 0x00000000e3300000, 0x00000000e3300000| Untracked 
|  52|0x00000000e3400000, 0x00000000e3400000, 0x00000000e3500000|  0%| F|  |TAMS 0x00000000e3400000, 0x00000000e3400000| Untracked 
|  53|0x00000000e3500000, 0x00000000e3500000, 0x00000000e3600000|  0%| F|  |TAMS 0x00000000e3500000, 0x00000000e3500000| Untracked 
|  54|0x00000000e3600000, 0x00000000e3600000, 0x00000000e3700000|  0%| F|  |TAMS 0x00000000e3600000, 0x00000000e3600000| Untracked 
|  55|0x00000000e3700000, 0x00000000e3700000, 0x00000000e3800000|  0%| F|  |TAMS 0x00000000e3700000, 0x00000000e3700000| Untracked 
|  56|0x00000000e3800000, 0x00000000e3800000, 0x00000000e3900000|  0%| F|  |TAMS 0x00000000e3800000, 0x00000000e3800000| Untracked 
|  57|0x00000000e3900000, 0x00000000e3900000, 0x00000000e3a00000|  0%| F|  |TAMS 0x00000000e3900000, 0x00000000e3900000| Untracked 
|  58|0x00000000e3a00000, 0x00000000e3a00000, 0x00000000e3b00000|  0%| F|  |TAMS 0x00000000e3a00000, 0x00000000e3a00000| Untracked 
|  59|0x00000000e3b00000, 0x00000000e3b00000, 0x00000000e3c00000|  0%| F|  |TAMS 0x00000000e3b00000, 0x00000000e3b00000| Untracked 
|  60|0x00000000e3c00000, 0x00000000e3c00000, 0x00000000e3d00000|  0%| F|  |TAMS 0x00000000e3c00000, 0x00000000e3c00000| Untracked 
|  61|0x00000000e3d00000, 0x00000000e3d00000, 0x00000000e3e00000|  0%| F|  |TAMS 0x00000000e3d00000, 0x00000000e3d00000| Untracked 
|  62|0x00000000e3e00000, 0x00000000e3e00000, 0x00000000e3f00000|  0%| F|  |TAMS 0x00000000e3e00000, 0x00000000e3e00000| Untracked 
|  63|0x00000000e3f00000, 0x00000000e3f00000, 0x00000000e4000000|  0%| F|  |TAMS 0x00000000e3f00000, 0x00000000e3f00000| Untracked 
|  64|0x00000000e4000000, 0x00000000e4000000, 0x00000000e4100000|  0%| F|  |TAMS 0x00000000e4000000, 0x00000000e4000000| Untracked 
|  65|0x00000000e4100000, 0x00000000e4100000, 0x00000000e4200000|  0%| F|  |TAMS 0x00000000e4100000, 0x00000000e4100000| Untracked 
|  66|0x00000000e4200000, 0x00000000e4200000, 0x00000000e4300000|  0%| F|  |TAMS 0x00000000e4200000, 0x00000000e4200000| Untracked 
|  67|0x00000000e4300000, 0x00000000e4300000, 0x00000000e4400000|  0%| F|  |TAMS 0x00000000e4300000, 0x00000000e4300000| Untracked 
|  68|0x00000000e4400000, 0x00000000e4400000, 0x00000000e4500000|  0%| F|  |TAMS 0x00000000e4400000, 0x00000000e4400000| Untracked 
|  69|0x00000000e4500000, 0x00000000e4500000, 0x00000000e4600000|  0%| F|  |TAMS 0x00000000e4500000, 0x00000000e4500000| Untracked 
|  70|0x00000000e4600000, 0x00000000e4600000, 0x00000000e4700000|  0%| F|  |TAMS 0x00000000e4600000, 0x00000000e4600000| Untracked 
|  71|0x00000000e4700000, 0x00000000e4700000, 0x00000000e4800000|  0%| F|  |TAMS 0x00000000e4700000, 0x00000000e4700000| Untracked 
|  72|0x00000000e4800000, 0x00000000e4800000, 0x00000000e4900000|  0%| F|  |TAMS 0x00000000e4800000, 0x00000000e4800000| Untracked 
|  73|0x00000000e4900000, 0x00000000e4900000, 0x00000000e4a00000|  0%| F|  |TAMS 0x00000000e4900000, 0x00000000e4900000| Untracked 
|  74|0x00000000e4a00000, 0x00000000e4a00000, 0x00000000e4b00000|  0%| F|  |TAMS 0x00000000e4a00000, 0x00000000e4a00000| Untracked 
|  75|0x00000000e4b00000, 0x00000000e4b00000, 0x00000000e4c00000|  0%| F|  |TAMS 0x00000000e4b00000, 0x00000000e4b00000| Untracked 
|  76|0x00000000e4c00000, 0x00000000e4c00000, 0x00000000e4d00000|  0%| F|  |TAMS 0x00000000e4c00000, 0x00000000e4c00000| Untracked 
|  77|0x00000000e4d00000, 0x00000000e4d00000, 0x00000000e4e00000|  0%| F|  |TAMS 0x00000000e4d00000, 0x00000000e4d00000| Untracked 
|  78|0x00000000e4e00000, 0x00000000e4e00000, 0x00000000e4f00000|  0%| F|  |TAMS 0x00000000e4e00000, 0x00000000e4e00000| Untracked 
|  79|0x00000000e4f00000, 0x00000000e4f00000, 0x00000000e5000000|  0%| F|  |TAMS 0x00000000e4f00000, 0x00000000e4f00000| Untracked 
|  80|0x00000000e5000000, 0x00000000e5000000, 0x00000000e5100000|  0%| F|  |TAMS 0x00000000e5000000, 0x00000000e5000000| Untracked 
|  81|0x00000000e5100000, 0x00000000e5100000, 0x00000000e5200000|  0%| F|  |TAMS 0x00000000e5100000, 0x00000000e5100000| Untracked 
|  82|0x00000000e5200000, 0x00000000e5200000, 0x00000000e5300000|  0%| F|  |TAMS 0x00000000e5200000, 0x00000000e5200000| Untracked 
|  83|0x00000000e5300000, 0x00000000e5300000, 0x00000000e5400000|  0%| F|  |TAMS 0x00000000e5300000, 0x00000000e5300000| Untracked 
|  84|0x00000000e5400000, 0x00000000e5400000, 0x00000000e5500000|  0%| F|  |TAMS 0x00000000e5400000, 0x00000000e5400000| Untracked 
|  85|0x00000000e5500000, 0x00000000e5500000, 0x00000000e5600000|  0%| F|  |TAMS 0x00000000e5500000, 0x00000000e5500000| Untracked 
|  86|0x00000000e5600000, 0x00000000e5600000, 0x00000000e5700000|  0%| F|  |TAMS 0x00000000e5600000, 0x00000000e5600000| Untracked 
|  87|0x00000000e5700000, 0x00000000e5700000, 0x00000000e5800000|  0%| F|  |TAMS 0x00000000e5700000, 0x00000000e5700000| Untracked 
|  88|0x00000000e5800000, 0x00000000e5800000, 0x00000000e5900000|  0%| F|  |TAMS 0x00000000e5800000, 0x00000000e5800000| Untracked 
|  89|0x00000000e5900000, 0x00000000e5900000, 0x00000000e5a00000|  0%| F|  |TAMS 0x00000000e5900000, 0x00000000e5900000| Untracked 
|  90|0x00000000e5a00000, 0x00000000e5a00000, 0x00000000e5b00000|  0%| F|  |TAMS 0x00000000e5a00000, 0x00000000e5a00000| Untracked 
|  91|0x00000000e5b00000, 0x00000000e5b00000, 0x00000000e5c00000|  0%| F|  |TAMS 0x00000000e5b00000, 0x00000000e5b00000| Untracked 
|  92|0x00000000e5c00000, 0x00000000e5c00000, 0x00000000e5d00000|  0%| F|  |TAMS 0x00000000e5c00000, 0x00000000e5c00000| Untracked 
|  93|0x00000000e5d00000, 0x00000000e5d00000, 0x00000000e5e00000|  0%| F|  |TAMS 0x00000000e5d00000, 0x00000000e5d00000| Untracked 
|  94|0x00000000e5e00000, 0x00000000e5e00000, 0x00000000e5f00000|  0%| F|  |TAMS 0x00000000e5e00000, 0x00000000e5e00000| Untracked 
|  95|0x00000000e5f00000, 0x00000000e5f00000, 0x00000000e6000000|  0%| F|  |TAMS 0x00000000e5f00000, 0x00000000e5f00000| Untracked 
|  96|0x00000000e6000000, 0x00000000e6000000, 0x00000000e6100000|  0%| F|  |TAMS 0x00000000e6000000, 0x00000000e6000000| Untracked 
|  97|0x00000000e6100000, 0x00000000e6100000, 0x00000000e6200000|  0%| F|  |TAMS 0x00000000e6100000, 0x00000000e6100000| Untracked 
|  98|0x00000000e6200000, 0x00000000e6200000, 0x00000000e6300000|  0%| F|  |TAMS 0x00000000e6200000, 0x00000000e6200000| Untracked 
|  99|0x00000000e6300000, 0x00000000e6300000, 0x00000000e6400000|  0%| F|  |TAMS 0x00000000e6300000, 0x00000000e6300000| Untracked 
| 100|0x00000000e6400000, 0x00000000e6400000, 0x00000000e6500000|  0%| F|  |TAMS 0x00000000e6400000, 0x00000000e6400000| Untracked 
| 101|0x00000000e6500000, 0x00000000e6500000, 0x00000000e6600000|  0%| F|  |TAMS 0x00000000e6500000, 0x00000000e6500000| Untracked 
| 102|0x00000000e6600000, 0x00000000e6600000, 0x00000000e6700000|  0%| F|  |TAMS 0x00000000e6600000, 0x00000000e6600000| Untracked 
| 103|0x00000000e6700000, 0x00000000e6700000, 0x00000000e6800000|  0%| F|  |TAMS 0x00000000e6700000, 0x00000000e6700000| Untracked 
| 104|0x00000000e6800000, 0x00000000e6800000, 0x00000000e6900000|  0%| F|  |TAMS 0x00000000e6800000, 0x00000000e6800000| Untracked 
| 105|0x00000000e6900000, 0x00000000e6900000, 0x00000000e6a00000|  0%| F|  |TAMS 0x00000000e6900000, 0x00000000e6900000| Untracked 
| 106|0x00000000e6a00000, 0x00000000e6a00000, 0x00000000e6b00000|  0%| F|  |TAMS 0x00000000e6a00000, 0x00000000e6a00000| Untracked 
| 107|0x00000000e6b00000, 0x00000000e6b00000, 0x00000000e6c00000|  0%| F|  |TAMS 0x00000000e6b00000, 0x00000000e6b00000| Untracked 
| 108|0x00000000e6c00000, 0x00000000e6c00000, 0x00000000e6d00000|  0%| F|  |TAMS 0x00000000e6c00000, 0x00000000e6c00000| Untracked 
| 109|0x00000000e6d00000, 0x00000000e6d00000, 0x00000000e6e00000|  0%| F|  |TAMS 0x00000000e6d00000, 0x00000000e6d00000| Untracked 
| 110|0x00000000e6e00000, 0x00000000e6e00000, 0x00000000e6f00000|  0%| F|  |TAMS 0x00000000e6e00000, 0x00000000e6e00000| Untracked 
| 111|0x00000000e6f00000, 0x00000000e6f00000, 0x00000000e7000000|  0%| F|  |TAMS 0x00000000e6f00000, 0x00000000e6f00000| Untracked 
| 112|0x00000000e7000000, 0x00000000e7000000, 0x00000000e7100000|  0%| F|  |TAMS 0x00000000e7000000, 0x00000000e7000000| Untracked 
| 113|0x00000000e7100000, 0x00000000e7100000, 0x00000000e7200000|  0%| F|  |TAMS 0x00000000e7100000, 0x00000000e7100000| Untracked 
| 114|0x00000000e7200000, 0x00000000e7200000, 0x00000000e7300000|  0%| F|  |TAMS 0x00000000e7200000, 0x00000000e7200000| Untracked 
| 115|0x00000000e7300000, 0x00000000e7300000, 0x00000000e7400000|  0%| F|  |TAMS 0x00000000e7300000, 0x00000000e7300000| Untracked 
| 116|0x00000000e7400000, 0x00000000e7400000, 0x00000000e7500000|  0%| F|  |TAMS 0x00000000e7400000, 0x00000000e7400000| Untracked 
| 117|0x00000000e7500000, 0x00000000e7500000, 0x00000000e7600000|  0%| F|  |TAMS 0x00000000e7500000, 0x00000000e7500000| Untracked 
| 118|0x00000000e7600000, 0x00000000e7600000, 0x00000000e7700000|  0%| F|  |TAMS 0x00000000e7600000, 0x00000000e7600000| Untracked 
| 119|0x00000000e7700000, 0x00000000e7700000, 0x00000000e7800000|  0%| F|  |TAMS 0x00000000e7700000, 0x00000000e7700000| Untracked 
| 120|0x00000000e7800000, 0x00000000e7800000, 0x00000000e7900000|  0%| F|  |TAMS 0x00000000e7800000, 0x00000000e7800000| Untracked 
| 121|0x00000000e7900000, 0x00000000e7900000, 0x00000000e7a00000|  0%| F|  |TAMS 0x00000000e7900000, 0x00000000e7900000| Untracked 
| 122|0x00000000e7a00000, 0x00000000e7a00000, 0x00000000e7b00000|  0%| F|  |TAMS 0x00000000e7a00000, 0x00000000e7a00000| Untracked 
| 123|0x00000000e7b00000, 0x00000000e7b00000, 0x00000000e7c00000|  0%| F|  |TAMS 0x00000000e7b00000, 0x00000000e7b00000| Untracked 
| 124|0x00000000e7c00000, 0x00000000e7c00000, 0x00000000e7d00000|  0%| F|  |TAMS 0x00000000e7c00000, 0x00000000e7c00000| Untracked 
| 125|0x00000000e7d00000, 0x00000000e7d00000, 0x00000000e7e00000|  0%| F|  |TAMS 0x00000000e7d00000, 0x00000000e7d00000| Untracked 
| 126|0x00000000e7e00000, 0x00000000e7e00000, 0x00000000e7f00000|  0%| F|  |TAMS 0x00000000e7e00000, 0x00000000e7e00000| Untracked 
| 127|0x00000000e7f00000, 0x00000000e7f00000, 0x00000000e8000000|  0%| F|  |TAMS 0x00000000e7f00000, 0x00000000e7f00000| Untracked 
| 128|0x00000000e8000000, 0x00000000e8000000, 0x00000000e8100000|  0%| F|  |TAMS 0x00000000e8000000, 0x00000000e8000000| Untracked 
| 129|0x00000000e8100000, 0x00000000e8100000, 0x00000000e8200000|  0%| F|  |TAMS 0x00000000e8100000, 0x00000000e8100000| Untracked 
| 130|0x00000000e8200000, 0x00000000e8200000, 0x00000000e8300000|  0%| F|  |TAMS 0x00000000e8200000, 0x00000000e8200000| Untracked 
| 131|0x00000000e8300000, 0x00000000e8300000, 0x00000000e8400000|  0%| F|  |TAMS 0x00000000e8300000, 0x00000000e8300000| Untracked 
| 132|0x00000000e8400000, 0x00000000e8400000, 0x00000000e8500000|  0%| F|  |TAMS 0x00000000e8400000, 0x00000000e8400000| Untracked 
| 133|0x00000000e8500000, 0x00000000e8500000, 0x00000000e8600000|  0%| F|  |TAMS 0x00000000e8500000, 0x00000000e8500000| Untracked 
| 134|0x00000000e8600000, 0x00000000e8600000, 0x00000000e8700000|  0%| F|  |TAMS 0x00000000e8600000, 0x00000000e8600000| Untracked 
| 135|0x00000000e8700000, 0x00000000e8700000, 0x00000000e8800000|  0%| F|  |TAMS 0x00000000e8700000, 0x00000000e8700000| Untracked 
| 136|0x00000000e8800000, 0x00000000e8800000, 0x00000000e8900000|  0%| F|  |TAMS 0x00000000e8800000, 0x00000000e8800000| Untracked 
| 137|0x00000000e8900000, 0x00000000e8900000, 0x00000000e8a00000|  0%| F|  |TAMS 0x00000000e8900000, 0x00000000e8900000| Untracked 
| 138|0x00000000e8a00000, 0x00000000e8a00000, 0x00000000e8b00000|  0%| F|  |TAMS 0x00000000e8a00000, 0x00000000e8a00000| Untracked 
| 139|0x00000000e8b00000, 0x00000000e8b00000, 0x00000000e8c00000|  0%| F|  |TAMS 0x00000000e8b00000, 0x00000000e8b00000| Untracked 
| 140|0x00000000e8c00000, 0x00000000e8c00000, 0x00000000e8d00000|  0%| F|  |TAMS 0x00000000e8c00000, 0x00000000e8c00000| Untracked 
| 141|0x00000000e8d00000, 0x00000000e8d00000, 0x00000000e8e00000|  0%| F|  |TAMS 0x00000000e8d00000, 0x00000000e8d00000| Untracked 
| 142|0x00000000e8e00000, 0x00000000e8e00000, 0x00000000e8f00000|  0%| F|  |TAMS 0x00000000e8e00000, 0x00000000e8e00000| Untracked 
| 143|0x00000000e8f00000, 0x00000000e8f00000, 0x00000000e9000000|  0%| F|  |TAMS 0x00000000e8f00000, 0x00000000e8f00000| Untracked 
| 144|0x00000000e9000000, 0x00000000e9000000, 0x00000000e9100000|  0%| F|  |TAMS 0x00000000e9000000, 0x00000000e9000000| Untracked 
| 145|0x00000000e9100000, 0x00000000e9100000, 0x00000000e9200000|  0%| F|  |TAMS 0x00000000e9100000, 0x00000000e9100000| Untracked 
| 146|0x00000000e9200000, 0x00000000e9200000, 0x00000000e9300000|  0%| F|  |TAMS 0x00000000e9200000, 0x00000000e9200000| Untracked 
| 147|0x00000000e9300000, 0x00000000e9300000, 0x00000000e9400000|  0%| F|  |TAMS 0x00000000e9300000, 0x00000000e9300000| Untracked 
| 148|0x00000000e9400000, 0x00000000e9400000, 0x00000000e9500000|  0%| F|  |TAMS 0x00000000e9400000, 0x00000000e9400000| Untracked 
| 149|0x00000000e9500000, 0x00000000e9500000, 0x00000000e9600000|  0%| F|  |TAMS 0x00000000e9500000, 0x00000000e9500000| Untracked 
| 150|0x00000000e9600000, 0x00000000e9600000, 0x00000000e9700000|  0%| F|  |TAMS 0x00000000e9600000, 0x00000000e9600000| Untracked 
| 151|0x00000000e9700000, 0x00000000e9700000, 0x00000000e9800000|  0%| F|  |TAMS 0x00000000e9700000, 0x00000000e9700000| Untracked 
| 152|0x00000000e9800000, 0x00000000e9800000, 0x00000000e9900000|  0%| F|  |TAMS 0x00000000e9800000, 0x00000000e9800000| Untracked 
| 153|0x00000000e9900000, 0x00000000e9900000, 0x00000000e9a00000|  0%| F|  |TAMS 0x00000000e9900000, 0x00000000e9900000| Untracked 
| 154|0x00000000e9a00000, 0x00000000e9a00000, 0x00000000e9b00000|  0%| F|  |TAMS 0x00000000e9a00000, 0x00000000e9a00000| Untracked 
| 155|0x00000000e9b00000, 0x00000000e9b00000, 0x00000000e9c00000|  0%| F|  |TAMS 0x00000000e9b00000, 0x00000000e9b00000| Untracked 
| 156|0x00000000e9c00000, 0x00000000e9c00000, 0x00000000e9d00000|  0%| F|  |TAMS 0x00000000e9c00000, 0x00000000e9c00000| Untracked 
| 157|0x00000000e9d00000, 0x00000000e9d00000, 0x00000000e9e00000|  0%| F|  |TAMS 0x00000000e9d00000, 0x00000000e9d00000| Untracked 
| 158|0x00000000e9e00000, 0x00000000e9e00000, 0x00000000e9f00000|  0%| F|  |TAMS 0x00000000e9e00000, 0x00000000e9e00000| Untracked 
| 159|0x00000000e9f00000, 0x00000000e9f00000, 0x00000000ea000000|  0%| F|  |TAMS 0x00000000e9f00000, 0x00000000e9f00000| Untracked 
| 160|0x00000000ea000000, 0x00000000ea000000, 0x00000000ea100000|  0%| F|  |TAMS 0x00000000ea000000, 0x00000000ea000000| Untracked 
| 161|0x00000000ea100000, 0x00000000ea100000, 0x00000000ea200000|  0%| F|  |TAMS 0x00000000ea100000, 0x00000000ea100000| Untracked 
| 162|0x00000000ea200000, 0x00000000ea280800, 0x00000000ea300000| 50%| E|  |TAMS 0x00000000ea200000, 0x00000000ea200000| Complete 
| 163|0x00000000ea300000, 0x00000000ea400000, 0x00000000ea400000|100%| E|CS|TAMS 0x00000000ea300000, 0x00000000ea300000| Complete 
| 164|0x00000000ea400000, 0x00000000ea500000, 0x00000000ea500000|100%| E|CS|TAMS 0x00000000ea400000, 0x00000000ea400000| Complete 
| 165|0x00000000ea500000, 0x00000000ea600000, 0x00000000ea600000|100%| E|CS|TAMS 0x00000000ea500000, 0x00000000ea500000| Complete 
| 166|0x00000000ea600000, 0x00000000ea700000, 0x00000000ea700000|100%| E|CS|TAMS 0x00000000ea600000, 0x00000000ea600000| Complete 
| 167|0x00000000ea700000, 0x00000000ea800000, 0x00000000ea800000|100%| E|CS|TAMS 0x00000000ea700000, 0x00000000ea700000| Complete 
| 168|0x00000000ea800000, 0x00000000ea900000, 0x00000000ea900000|100%| E|CS|TAMS 0x00000000ea800000, 0x00000000ea800000| Complete 
| 169|0x00000000ea900000, 0x00000000eaa00000, 0x00000000eaa00000|100%| E|CS|TAMS 0x00000000ea900000, 0x00000000ea900000| Complete 
| 170|0x00000000eaa00000, 0x00000000eab00000, 0x00000000eab00000|100%| E|CS|TAMS 0x00000000eaa00000, 0x00000000eaa00000| Complete 
| 171|0x00000000eab00000, 0x00000000eac00000, 0x00000000eac00000|100%| E|CS|TAMS 0x00000000eab00000, 0x00000000eab00000| Complete 
| 172|0x00000000eac00000, 0x00000000ead00000, 0x00000000ead00000|100%| E|CS|TAMS 0x00000000eac00000, 0x00000000eac00000| Complete 
| 173|0x00000000ead00000, 0x00000000eae00000, 0x00000000eae00000|100%| E|CS|TAMS 0x00000000ead00000, 0x00000000ead00000| Complete 
| 174|0x00000000eae00000, 0x00000000eaf00000, 0x00000000eaf00000|100%| E|CS|TAMS 0x00000000eae00000, 0x00000000eae00000| Complete 
| 175|0x00000000eaf00000, 0x00000000eb000000, 0x00000000eb000000|100%| E|CS|TAMS 0x00000000eaf00000, 0x00000000eaf00000| Complete 
| 176|0x00000000eb000000, 0x00000000eb100000, 0x00000000eb100000|100%| E|CS|TAMS 0x00000000eb000000, 0x00000000eb000000| Complete 
| 177|0x00000000eb100000, 0x00000000eb200000, 0x00000000eb200000|100%| E|CS|TAMS 0x00000000eb100000, 0x00000000eb100000| Complete 
| 178|0x00000000eb200000, 0x00000000eb300000, 0x00000000eb300000|100%| E|CS|TAMS 0x00000000eb200000, 0x00000000eb200000| Complete 
| 179|0x00000000eb300000, 0x00000000eb400000, 0x00000000eb400000|100%| E|CS|TAMS 0x00000000eb300000, 0x00000000eb300000| Complete 
| 180|0x00000000eb400000, 0x00000000eb500000, 0x00000000eb500000|100%| E|CS|TAMS 0x00000000eb400000, 0x00000000eb400000| Complete 
| 181|0x00000000eb500000, 0x00000000eb600000, 0x00000000eb600000|100%| E|CS|TAMS 0x00000000eb500000, 0x00000000eb500000| Complete 
| 182|0x00000000eb600000, 0x00000000eb700000, 0x00000000eb700000|100%| E|CS|TAMS 0x00000000eb600000, 0x00000000eb600000| Complete 
| 183|0x00000000eb700000, 0x00000000eb800000, 0x00000000eb800000|100%| E|CS|TAMS 0x00000000eb700000, 0x00000000eb700000| Complete 
| 184|0x00000000eb800000, 0x00000000eb900000, 0x00000000eb900000|100%| E|CS|TAMS 0x00000000eb800000, 0x00000000eb800000| Complete 
| 185|0x00000000eb900000, 0x00000000eba00000, 0x00000000eba00000|100%| E|CS|TAMS 0x00000000eb900000, 0x00000000eb900000| Complete 
| 186|0x00000000eba00000, 0x00000000ebb00000, 0x00000000ebb00000|100%| E|CS|TAMS 0x00000000eba00000, 0x00000000eba00000| Complete 
| 187|0x00000000ebb00000, 0x00000000ebc00000, 0x00000000ebc00000|100%| E|CS|TAMS 0x00000000ebb00000, 0x00000000ebb00000| Complete 
| 188|0x00000000ebc00000, 0x00000000ebd00000, 0x00000000ebd00000|100%| E|CS|TAMS 0x00000000ebc00000, 0x00000000ebc00000| Complete 
| 189|0x00000000ebd00000, 0x00000000ebe00000, 0x00000000ebe00000|100%| E|CS|TAMS 0x00000000ebd00000, 0x00000000ebd00000| Complete 
| 190|0x00000000ebe00000, 0x00000000ebf00000, 0x00000000ebf00000|100%| E|CS|TAMS 0x00000000ebe00000, 0x00000000ebe00000| Complete 
| 191|0x00000000ebf00000, 0x00000000ec000000, 0x00000000ec000000|100%| E|CS|TAMS 0x00000000ebf00000, 0x00000000ebf00000| Complete 
| 192|0x00000000ec000000, 0x00000000ec100000, 0x00000000ec100000|100%| E|CS|TAMS 0x00000000ec000000, 0x00000000ec000000| Complete 
| 193|0x00000000ec100000, 0x00000000ec200000, 0x00000000ec200000|100%| E|CS|TAMS 0x00000000ec100000, 0x00000000ec100000| Complete 
| 194|0x00000000ec200000, 0x00000000ec300000, 0x00000000ec300000|100%| E|CS|TAMS 0x00000000ec200000, 0x00000000ec200000| Complete 
| 195|0x00000000ec300000, 0x00000000ec400000, 0x00000000ec400000|100%| E|CS|TAMS 0x00000000ec300000, 0x00000000ec300000| Complete 
| 196|0x00000000ec400000, 0x00000000ec500000, 0x00000000ec500000|100%| E|CS|TAMS 0x00000000ec400000, 0x00000000ec400000| Complete 
| 197|0x00000000ec500000, 0x00000000ec600000, 0x00000000ec600000|100%| E|CS|TAMS 0x00000000ec500000, 0x00000000ec500000| Complete 
| 198|0x00000000ec600000, 0x00000000ec700000, 0x00000000ec700000|100%| E|CS|TAMS 0x00000000ec600000, 0x00000000ec600000| Complete 
| 199|0x00000000ec700000, 0x00000000ec800000, 0x00000000ec800000|100%| E|CS|TAMS 0x00000000ec700000, 0x00000000ec700000| Complete 
| 200|0x00000000ec800000, 0x00000000ec900000, 0x00000000ec900000|100%| E|CS|TAMS 0x00000000ec800000, 0x00000000ec800000| Complete 
| 201|0x00000000ec900000, 0x00000000eca00000, 0x00000000eca00000|100%| E|CS|TAMS 0x00000000ec900000, 0x00000000ec900000| Complete 
| 202|0x00000000eca00000, 0x00000000ecb00000, 0x00000000ecb00000|100%| E|CS|TAMS 0x00000000eca00000, 0x00000000eca00000| Complete 
| 203|0x00000000ecb00000, 0x00000000ecc00000, 0x00000000ecc00000|100%| E|CS|TAMS 0x00000000ecb00000, 0x00000000ecb00000| Complete 
| 204|0x00000000ecc00000, 0x00000000ecd00000, 0x00000000ecd00000|100%| E|CS|TAMS 0x00000000ecc00000, 0x00000000ecc00000| Complete 
| 205|0x00000000ecd00000, 0x00000000ece00000, 0x00000000ece00000|100%| E|CS|TAMS 0x00000000ecd00000, 0x00000000ecd00000| Complete 
| 206|0x00000000ece00000, 0x00000000ecf00000, 0x00000000ecf00000|100%| E|CS|TAMS 0x00000000ece00000, 0x00000000ece00000| Complete 
| 207|0x00000000ecf00000, 0x00000000ed000000, 0x00000000ed000000|100%| E|CS|TAMS 0x00000000ecf00000, 0x00000000ecf00000| Complete 
| 208|0x00000000ed000000, 0x00000000ed100000, 0x00000000ed100000|100%| E|CS|TAMS 0x00000000ed000000, 0x00000000ed000000| Complete 
| 209|0x00000000ed100000, 0x00000000ed200000, 0x00000000ed200000|100%| E|CS|TAMS 0x00000000ed100000, 0x00000000ed100000| Complete 
| 210|0x00000000ed200000, 0x00000000ed300000, 0x00000000ed300000|100%| E|CS|TAMS 0x00000000ed200000, 0x00000000ed200000| Complete 
| 211|0x00000000ed300000, 0x00000000ed400000, 0x00000000ed400000|100%| E|CS|TAMS 0x00000000ed300000, 0x00000000ed300000| Complete 
| 212|0x00000000ed400000, 0x00000000ed500000, 0x00000000ed500000|100%| E|CS|TAMS 0x00000000ed400000, 0x00000000ed400000| Complete 
| 213|0x00000000ed500000, 0x00000000ed600000, 0x00000000ed600000|100%| E|CS|TAMS 0x00000000ed500000, 0x00000000ed500000| Complete 
| 214|0x00000000ed600000, 0x00000000ed700000, 0x00000000ed700000|100%| E|CS|TAMS 0x00000000ed600000, 0x00000000ed600000| Complete 
| 215|0x00000000ed700000, 0x00000000ed800000, 0x00000000ed800000|100%| E|CS|TAMS 0x00000000ed700000, 0x00000000ed700000| Complete 
| 216|0x00000000ed800000, 0x00000000ed900000, 0x00000000ed900000|100%| E|CS|TAMS 0x00000000ed800000, 0x00000000ed800000| Complete 
| 217|0x00000000ed900000, 0x00000000eda00000, 0x00000000eda00000|100%| E|CS|TAMS 0x00000000ed900000, 0x00000000ed900000| Complete 
| 218|0x00000000eda00000, 0x00000000edb00000, 0x00000000edb00000|100%| E|CS|TAMS 0x00000000eda00000, 0x00000000eda00000| Complete 
| 219|0x00000000edb00000, 0x00000000edc00000, 0x00000000edc00000|100%| E|CS|TAMS 0x00000000edb00000, 0x00000000edb00000| Complete 
| 220|0x00000000edc00000, 0x00000000edd00000, 0x00000000edd00000|100%| E|CS|TAMS 0x00000000edc00000, 0x00000000edc00000| Complete 
| 221|0x00000000edd00000, 0x00000000ede00000, 0x00000000ede00000|100%| E|CS|TAMS 0x00000000edd00000, 0x00000000edd00000| Complete 
| 222|0x00000000ede00000, 0x00000000edf00000, 0x00000000edf00000|100%| E|CS|TAMS 0x00000000ede00000, 0x00000000ede00000| Complete 
| 223|0x00000000edf00000, 0x00000000ee000000, 0x00000000ee000000|100%| E|CS|TAMS 0x00000000edf00000, 0x00000000edf00000| Complete 
| 224|0x00000000ee000000, 0x00000000ee100000, 0x00000000ee100000|100%| E|CS|TAMS 0x00000000ee000000, 0x00000000ee000000| Complete 
| 225|0x00000000ee100000, 0x00000000ee200000, 0x00000000ee200000|100%| E|CS|TAMS 0x00000000ee100000, 0x00000000ee100000| Complete 
| 226|0x00000000ee200000, 0x00000000ee300000, 0x00000000ee300000|100%| E|CS|TAMS 0x00000000ee200000, 0x00000000ee200000| Complete 
| 227|0x00000000ee300000, 0x00000000ee400000, 0x00000000ee400000|100%| E|CS|TAMS 0x00000000ee300000, 0x00000000ee300000| Complete 
| 228|0x00000000ee400000, 0x00000000ee500000, 0x00000000ee500000|100%| E|CS|TAMS 0x00000000ee400000, 0x00000000ee400000| Complete 
| 229|0x00000000ee500000, 0x00000000ee600000, 0x00000000ee600000|100%| E|CS|TAMS 0x00000000ee500000, 0x00000000ee500000| Complete 
| 230|0x00000000ee600000, 0x00000000ee700000, 0x00000000ee700000|100%| E|CS|TAMS 0x00000000ee600000, 0x00000000ee600000| Complete 
| 231|0x00000000ee700000, 0x00000000ee800000, 0x00000000ee800000|100%| E|CS|TAMS 0x00000000ee700000, 0x00000000ee700000| Complete 
| 232|0x00000000ee800000, 0x00000000ee900000, 0x00000000ee900000|100%| E|CS|TAMS 0x00000000ee800000, 0x00000000ee800000| Complete 
| 233|0x00000000ee900000, 0x00000000eea00000, 0x00000000eea00000|100%| E|CS|TAMS 0x00000000ee900000, 0x00000000ee900000| Complete 
| 234|0x00000000eea00000, 0x00000000eeb00000, 0x00000000eeb00000|100%| E|CS|TAMS 0x00000000eea00000, 0x00000000eea00000| Complete 
| 235|0x00000000eeb00000, 0x00000000eec00000, 0x00000000eec00000|100%| E|CS|TAMS 0x00000000eeb00000, 0x00000000eeb00000| Complete 
| 236|0x00000000eec00000, 0x00000000eed00000, 0x00000000eed00000|100%| E|CS|TAMS 0x00000000eec00000, 0x00000000eec00000| Complete 
| 237|0x00000000eed00000, 0x00000000eee00000, 0x00000000eee00000|100%| E|CS|TAMS 0x00000000eed00000, 0x00000000eed00000| Complete 
| 238|0x00000000eee00000, 0x00000000eef00000, 0x00000000eef00000|100%| E|CS|TAMS 0x00000000eee00000, 0x00000000eee00000| Complete 
| 239|0x00000000eef00000, 0x00000000ef000000, 0x00000000ef000000|100%| E|CS|TAMS 0x00000000eef00000, 0x00000000eef00000| Complete 
| 240|0x00000000ef000000, 0x00000000ef100000, 0x00000000ef100000|100%| E|CS|TAMS 0x00000000ef000000, 0x00000000ef000000| Complete 
| 241|0x00000000ef100000, 0x00000000ef200000, 0x00000000ef200000|100%| E|CS|TAMS 0x00000000ef100000, 0x00000000ef100000| Complete 
| 242|0x00000000ef200000, 0x00000000ef300000, 0x00000000ef300000|100%| E|CS|TAMS 0x00000000ef200000, 0x00000000ef200000| Complete 
| 243|0x00000000ef300000, 0x00000000ef3ffcf0, 0x00000000ef400000| 99%| E|  |TAMS 0x00000000ef300000, 0x00000000ef300000| Complete 
| 244|0x00000000ef400000, 0x00000000ef500000, 0x00000000ef500000|100%| E|CS|TAMS 0x00000000ef400000, 0x00000000ef400000| Complete 
| 245|0x00000000ef500000, 0x00000000ef600000, 0x00000000ef600000|100%| E|CS|TAMS 0x00000000ef500000, 0x00000000ef500000| Complete 
| 246|0x00000000ef600000, 0x00000000ef700000, 0x00000000ef700000|100%| E|CS|TAMS 0x00000000ef600000, 0x00000000ef600000| Complete 
| 247|0x00000000ef700000, 0x00000000ef800000, 0x00000000ef800000|100%| E|CS|TAMS 0x00000000ef700000, 0x00000000ef700000| Complete 
| 248|0x00000000ef800000, 0x00000000ef900000, 0x00000000ef900000|100%| E|CS|TAMS 0x00000000ef800000, 0x00000000ef800000| Complete 
| 249|0x00000000ef900000, 0x00000000efa00000, 0x00000000efa00000|100%| E|CS|TAMS 0x00000000ef900000, 0x00000000ef900000| Complete 
| 250|0x00000000efa00000, 0x00000000efb00000, 0x00000000efb00000|100%| E|CS|TAMS 0x00000000efa00000, 0x00000000efa00000| Complete 
| 251|0x00000000efb00000, 0x00000000efc00000, 0x00000000efc00000|100%| E|CS|TAMS 0x00000000efb00000, 0x00000000efb00000| Complete 
| 252|0x00000000efc00000, 0x00000000efd00000, 0x00000000efd00000|100%| E|CS|TAMS 0x00000000efc00000, 0x00000000efc00000| Complete 
| 253|0x00000000efd00000, 0x00000000efe00000, 0x00000000efe00000|100%| E|CS|TAMS 0x00000000efd00000, 0x00000000efd00000| Complete 
| 254|0x00000000efe00000, 0x00000000efe5d350, 0x00000000eff00000| 36%| S|CS|TAMS 0x00000000efe00000, 0x00000000efe00000| Complete 
| 255|0x00000000eff00000, 0x00000000f0000000, 0x00000000f0000000|100%| E|CS|TAMS 0x00000000eff00000, 0x00000000eff00000| Complete 

Card table byte_map: [0x0000025399bb0000,0x0000025399cb0000] _byte_map_base: 0x00000253994b0000

Marking Bits (Prev, Next): (CMBitMap*) 0x00000253829fe8d0, (CMBitMap*) 0x00000253829fe910
 Prev Bits: [0x0000025399db0000, 0x000002539a5b0000)
 Next Bits: [0x000002539a5b0000, 0x000002539adb0000)

Polling page: 0x00000253807e0000

Metaspace:

Usage:
  Non-class:     38.22 MB used.
      Class:      6.24 MB used.
       Both:     44.45 MB used.

Virtual space:
  Non-class space:       64.00 MB reserved,      38.44 MB ( 60%) committed,  1 nodes.
      Class space:      320.00 MB reserved,       6.44 MB (  2%) committed,  1 nodes.
             Both:      384.00 MB reserved,      44.88 MB ( 12%) committed. 

Chunk freelists:
   Non-Class:  8.75 MB
       Class:  9.44 MB
        Both:  18.19 MB

MaxMetaspaceSize: 384.00 MB
CompressedClassSpaceSize: 320.00 MB
Initial GC threshold: 21.00 MB
Current GC threshold: 59.38 MB
CDS: on
MetaspaceReclaimPolicy: balanced
 - commit_granule_bytes: 65536.
 - commit_granule_words: 8192.
 - virtual_space_node_default_size: 8388608.
 - enlarge_chunks_in_place: 1.
 - new_chunks_are_fully_committed: 0.
 - uncommit_free_chunks: 1.
 - use_allocation_guard: 0.
 - handle_deallocations: 1.


Internal statistics:

num_allocs_failed_limit: 9.
num_arena_births: 500.
num_arena_deaths: 0.
num_vsnodes_births: 2.
num_vsnodes_deaths: 0.
num_space_committed: 718.
num_space_uncommitted: 0.
num_chunks_returned_to_freelist: 9.
num_chunks_taken_from_freelist: 2244.
num_chunk_merges: 9.
num_chunk_splits: 1509.
num_chunks_enlarged: 1031.
num_inconsistent_stats: 0.

CodeHeap 'non-profiled nmethods': size=120000Kb used=3141Kb max_used=3141Kb free=116858Kb
 bounds [0x0000025392030000, 0x0000025392350000, 0x0000025399560000]
CodeHeap 'profiled nmethods': size=120000Kb used=10886Kb max_used=10886Kb free=109113Kb
 bounds [0x000002538a560000, 0x000002538b010000, 0x0000025391a90000]
CodeHeap 'non-nmethods': size=5760Kb used=2325Kb max_used=2409Kb free=3435Kb
 bounds [0x0000025391a90000, 0x0000025391d10000, 0x0000025392030000]
 total_blobs=6114 nmethods=5277 adapters=748
 compilation: enabled
              stopped_count=0, restarted_count=0
 full_count=0

Compilation events (20 events):
Event: 26.505 Thread 0x000002539da1b640 5263       3       java.lang.invoke.MethodHandles::constant (88 bytes)
Event: 26.505 Thread 0x000002539da1b640 nmethod 5263 0x000002538aff1790 code [0x000002538aff1a80, 0x000002538aff29f8]
Event: 26.505 Thread 0x000002539da1b640 5264       3       org.gradle.internal.ImmutableActionSet::empty (10 bytes)
Event: 26.506 Thread 0x000002539da1b640 nmethod 5264 0x000002538aff2f10 code [0x000002538aff30a0, 0x000002538aff31f8]
Event: 26.506 Thread 0x000002539da1b640 5265   !   3       org.gradle.cache.internal.DefaultCrossBuildInMemoryCacheFactory$AbstractCrossBuildInMemoryCache::getIfPresent (20 bytes)
Event: 26.506 Thread 0x000002539da1b640 nmethod 5265 0x000002538aff3290 code [0x000002538aff3440, 0x000002538aff3668]
Event: 26.506 Thread 0x000002539da1b640 5266       3       org.gradle.internal.logging.sink.OutputEventRenderer::onOutput (82 bytes)
Event: 26.507 Thread 0x000002539da1b640 nmethod 5266 0x000002538aff3790 code [0x000002538aff39e0, 0x000002538aff4698]
Event: 26.507 Thread 0x000002539da1b640 5267       3       com.google.common.math.MathPreconditions::checkRoundingUnnecessary (15 bytes)
Event: 26.507 Thread 0x000002539da1b640 nmethod 5267 0x000002538aff4910 code [0x000002538aff4ac0, 0x000002538aff4ca8]
Event: 26.524 Thread 0x000002539da1b640 5268       3       org.gradle.internal.operations.DefaultBuildOperationListenerManager$ProgressShieldingBuildOperationListener::started (29 bytes)
Event: 26.525 Thread 0x000002539da1b640 nmethod 5268 0x000002538aff4d90 code [0x000002538aff4f40, 0x000002538aff5238]
Event: 26.525 Thread 0x000002539da1b640 5269       3       com.google.common.collect.ImmutableSet$RegularSetBuilderImpl::<init> (21 bytes)
Event: 26.525 Thread 0x000002539da1b640 nmethod 5269 0x000002538aff5390 code [0x000002538aff5540, 0x000002538aff5858]
Event: 26.526 Thread 0x000002539da1b640 5270       3       com.google.common.collect.ImmutableSet$SetBuilderImpl::<init> (18 bytes)
Event: 26.528 Thread 0x000002539da1b640 nmethod 5270 0x000002538aff5990 code [0x000002538aff5b40, 0x000002538aff5db8]
Event: 26.528 Thread 0x000002539da1b640 5271       3       com.google.common.math.IntMath::log2 (118 bytes)
Event: 26.529 Thread 0x000002539da1b640 nmethod 5271 0x000002538aff5e90 code [0x000002538aff60c0, 0x000002538aff6818]
Event: 26.529 Thread 0x000002539da1b640 5272       3       org.gradle.internal.serialize.kryo.KryoBackedEncoder::writeSmallInt (11 bytes)
Event: 26.529 Thread 0x000002539da1b640 nmethod 5272 0x000002538aff6a90 code [0x000002538aff6c40, 0x000002538aff6e08]

GC Heap History (14 events):
Event: 0.845 GC heap before
{Heap before GC invocations=0 (full 0):
 garbage-first heap   total 262144K, used 26624K [0x00000000e0000000, 0x0000000100000000)
  region size 1024K, 23 young (23552K), 0 survivors (0K)
 Metaspace       used 3046K, committed 3136K, reserved 393216K
  class space    used 387K, committed 448K, reserved 327680K
}
Event: 0.856 GC heap after
{Heap after GC invocations=1 (full 0):
 garbage-first heap   total 262144K, used 10604K [0x00000000e0000000, 0x0000000100000000)
  region size 1024K, 3 young (3072K), 3 survivors (3072K)
 Metaspace       used 3046K, committed 3136K, reserved 393216K
  class space    used 387K, committed 448K, reserved 327680K
}
Event: 1.150 GC heap before
{Heap before GC invocations=1 (full 0):
 garbage-first heap   total 262144K, used 38252K [0x00000000e0000000, 0x0000000100000000)
  region size 1024K, 30 young (30720K), 3 survivors (3072K)
 Metaspace       used 4112K, committed 4288K, reserved 393216K
  class space    used 504K, committed 576K, reserved 327680K
}
Event: 1.152 GC heap after
{Heap after GC invocations=2 (full 0):
 garbage-first heap   total 262144K, used 11921K [0x00000000e0000000, 0x0000000100000000)
  region size 1024K, 1 young (1024K), 1 survivors (1024K)
 Metaspace       used 4112K, committed 4288K, reserved 393216K
  class space    used 504K, committed 576K, reserved 327680K
}
Event: 3.945 GC heap before
{Heap before GC invocations=2 (full 0):
 garbage-first heap   total 262144K, used 124561K [0x00000000e0000000, 0x0000000100000000)
  region size 1024K, 110 young (112640K), 1 survivors (1024K)
 Metaspace       used 20468K, committed 20736K, reserved 393216K
  class space    used 3010K, committed 3136K, reserved 327680K
}
Event: 3.976 GC heap after
{Heap after GC invocations=3 (full 0):
 garbage-first heap   total 262144K, used 22654K [0x00000000e0000000, 0x0000000100000000)
  region size 1024K, 12 young (12288K), 12 survivors (12288K)
 Metaspace       used 20468K, committed 20736K, reserved 393216K
  class space    used 3010K, committed 3136K, reserved 327680K
}
Event: 4.083 GC heap before
{Heap before GC invocations=3 (full 0):
 garbage-first heap   total 262144K, used 27774K [0x00000000e0000000, 0x0000000100000000)
  region size 1024K, 18 young (18432K), 12 survivors (12288K)
 Metaspace       used 21251K, committed 21504K, reserved 393216K
  class space    used 3111K, committed 3264K, reserved 327680K
}
Event: 4.088 GC heap after
{Heap after GC invocations=4 (full 0):
 garbage-first heap   total 262144K, used 24006K [0x00000000e0000000, 0x0000000100000000)
  region size 1024K, 1 young (1024K), 1 survivors (1024K)
 Metaspace       used 21251K, committed 21504K, reserved 393216K
  class space    used 3111K, committed 3264K, reserved 327680K
}
Event: 17.067 GC heap before
{Heap before GC invocations=5 (full 0):
 garbage-first heap   total 262144K, used 143814K [0x00000000e0000000, 0x0000000100000000)
  region size 1024K, 115 young (117760K), 1 survivors (1024K)
 Metaspace       used 35574K, committed 35968K, reserved 393216K
  class space    used 4907K, committed 5056K, reserved 327680K
}
Event: 17.071 GC heap after
{Heap after GC invocations=6 (full 0):
 garbage-first heap   total 262144K, used 31748K [0x00000000e0000000, 0x0000000100000000)
  region size 1024K, 9 young (9216K), 9 survivors (9216K)
 Metaspace       used 35574K, committed 35968K, reserved 393216K
  class space    used 4907K, committed 5056K, reserved 327680K
}
Event: 17.094 GC heap before
{Heap before GC invocations=6 (full 0):
 garbage-first heap   total 262144K, used 33796K [0x00000000e0000000, 0x0000000100000000)
  region size 1024K, 12 young (12288K), 9 survivors (9216K)
 Metaspace       used 35881K, committed 36224K, reserved 393216K
  class space    used 4965K, committed 5120K, reserved 327680K
}
Event: 17.097 GC heap after
{Heap after GC invocations=7 (full 0):
 garbage-first heap   total 262144K, used 32119K [0x00000000e0000000, 0x0000000100000000)
  region size 1024K, 2 young (2048K), 2 survivors (2048K)
 Metaspace       used 35881K, committed 36224K, reserved 393216K
  class space    used 4965K, committed 5120K, reserved 327680K
}
Event: 17.100 GC heap before
{Heap before GC invocations=7 (full 0):
 garbage-first heap   total 262144K, used 32119K [0x00000000e0000000, 0x0000000100000000)
  region size 1024K, 3 young (3072K), 2 survivors (2048K)
 Metaspace       used 35923K, committed 36288K, reserved 393216K
  class space    used 4970K, committed 5120K, reserved 327680K
}
Event: 17.101 GC heap after
{Heap after GC invocations=8 (full 0):
 garbage-first heap   total 262144K, used 31342K [0x00000000e0000000, 0x0000000100000000)
  region size 1024K, 1 young (1024K), 1 survivors (1024K)
 Metaspace       used 35923K, committed 36288K, reserved 393216K
  class space    used 4970K, committed 5120K, reserved 327680K
}

Dll operation events (14 events):
Event: 0.008 Loaded shared library C:\Users\Administrator\.jdks\azul-17.0.8.1\bin\java.dll
Event: 0.031 Loaded shared library C:\Users\Administrator\.jdks\azul-17.0.8.1\bin\jsvml.dll
Event: 0.144 Loaded shared library C:\Users\Administrator\.jdks\azul-17.0.8.1\bin\zip.dll
Event: 0.146 Loaded shared library C:\Users\Administrator\.jdks\azul-17.0.8.1\bin\instrument.dll
Event: 0.150 Loaded shared library C:\Users\Administrator\.jdks\azul-17.0.8.1\bin\net.dll
Event: 0.152 Loaded shared library C:\Users\Administrator\.jdks\azul-17.0.8.1\bin\nio.dll
Event: 0.155 Loaded shared library C:\Users\Administrator\.jdks\azul-17.0.8.1\bin\zip.dll
Event: 0.281 Loaded shared library C:\Users\Administrator\.jdks\azul-17.0.8.1\bin\jimage.dll
Event: 0.472 Loaded shared library C:\Users\Administrator\.jdks\azul-17.0.8.1\bin\verify.dll
Event: 0.686 Loaded shared library C:\Users\Administrator\.gradle\native\c067742578af261105cb4f569cf0c3c89f3d7b1fecec35dd04571415982c5e48\windows-amd64\native-platform.dll
Event: 0.690 Loaded shared library C:\Users\Administrator\.gradle\native\38dada09dfb8b06ba9b0570ebf7e218e3eb74d4ef43ca46872605cf95ebc2f47\windows-amd64\native-platform-file-events.dll
Event: 1.529 Loaded shared library C:\Users\Administrator\.jdks\azul-17.0.8.1\bin\management.dll
Event: 1.531 Loaded shared library C:\Users\Administrator\.jdks\azul-17.0.8.1\bin\management_ext.dll
Event: 2.051 Loaded shared library C:\Users\Administrator\.jdks\azul-17.0.8.1\bin\sunmscapi.dll

Deoptimization events (20 events):
Event: 26.275 Thread 0x00000253b86e1850 Uncommon trap: trap_request=0xffffffde fr.pc=0x00000253922c911c relative=0x0000000000005b5c
Event: 26.275 Thread 0x00000253b86e1850 Uncommon trap: reason=class_check action=maybe_recompile pc=0x00000253922c911c method=java.lang.Class.createAnnotationData(I)Ljava/lang/Class$AnnotationData; @ 103 c2
Event: 26.275 Thread 0x00000253b86e1850 DEOPT PACKING pc=0x00000253922c911c sp=0x0000008ab69f49e0
Event: 26.276 Thread 0x00000253b86e1850 DEOPT UNPACKING pc=0x0000025391ae69a3 sp=0x0000008ab69f49a0 mode 2
Event: 26.400 Thread 0x00000253b86e1850 DEOPT PACKING pc=0x000002538a975b23 sp=0x0000008ab69f5450
Event: 26.400 Thread 0x00000253b86e1850 DEOPT UNPACKING pc=0x0000025391ae7143 sp=0x0000008ab69f48c0 mode 0
Event: 26.463 Thread 0x00000253b86e1850 Uncommon trap: trap_request=0xffffffc6 fr.pc=0x0000025392254314 relative=0x0000000000000734
Event: 26.463 Thread 0x00000253b86e1850 Uncommon trap: reason=bimorphic_or_optimized_type_check action=maybe_recompile pc=0x0000025392254314 method=java.util.regex.Pattern$Start.match(Ljava/util/regex/Matcher;ILjava/lang/CharSequence;)Z @ 44 c2
Event: 26.463 Thread 0x00000253b86e1850 DEOPT PACKING pc=0x0000025392254314 sp=0x0000008ab69f7ea0
Event: 26.463 Thread 0x00000253b86e1850 DEOPT UNPACKING pc=0x0000025391ae69a3 sp=0x0000008ab69f7e00 mode 2
Event: 26.496 Thread 0x00000253b86e0410 DEOPT PACKING pc=0x000002538a62c5bd sp=0x0000008ab6cfeb60
Event: 26.496 Thread 0x00000253b86e0410 DEOPT UNPACKING pc=0x0000025391ae7143 sp=0x0000008ab6cfdff8 mode 0
Event: 26.523 Thread 0x00000253b86e1850 Uncommon trap: trap_request=0xffffffde fr.pc=0x0000025392287444 relative=0x00000000000005e4
Event: 26.523 Thread 0x00000253b86e1850 Uncommon trap: reason=class_check action=maybe_recompile pc=0x0000025392287444 method=java.util.regex.Matcher.search(I)Z @ 121 c2
Event: 26.523 Thread 0x00000253b86e1850 DEOPT PACKING pc=0x0000025392287444 sp=0x0000008ab69f8240
Event: 26.523 Thread 0x00000253b86e1850 DEOPT UNPACKING pc=0x0000025391ae69a3 sp=0x0000008ab69f81a8 mode 2
Event: 26.523 Thread 0x00000253b86e1850 Uncommon trap: trap_request=0xffffffde fr.pc=0x0000025392287444 relative=0x00000000000005e4
Event: 26.523 Thread 0x00000253b86e1850 Uncommon trap: reason=class_check action=maybe_recompile pc=0x0000025392287444 method=java.util.regex.Matcher.search(I)Z @ 121 c2
Event: 26.523 Thread 0x00000253b86e1850 DEOPT PACKING pc=0x0000025392287444 sp=0x0000008ab69f8240
Event: 26.523 Thread 0x00000253b86e1850 DEOPT UNPACKING pc=0x0000025391ae69a3 sp=0x0000008ab69f81a8 mode 2

Classes unloaded (0 events):
No events

Classes redefined (0 events):
No events

Internal exceptions (20 events):
Event: 19.002 Thread 0x00000253b86e1850 Exception <a 'java/lang/NoSuchMethodError'{0x00000000ed224228}: 'int java.lang.invoke.DirectMethodHandle$Holder.invokeStaticInit(java.lang.Object)'> (0x00000000ed224228) 
thrown [s\src\hotspot\share\interpreter\linkResolver.cpp, line 759]
Event: 19.008 Thread 0x00000253b86e1850 Exception <a 'java/lang/NoSuchMethodError'{0x00000000ed2b10c0}: 'java.lang.Object java.lang.invoke.DirectMethodHandle$Holder.newInvokeSpecial(java.lang.Object, java.lang.Object, java.lang.Object, java.lang.Object, java.lang.Object, int)'> (0x00000000ed2b10c0) 
thrown [s\src\hotspot\share\interpreter\linkResolver.cpp, line 759]
Event: 19.008 Thread 0x00000253b86e1850 Exception <a 'java/lang/NoSuchMethodError'{0x00000000ed2b6718}: 'java.lang.Object java.lang.invoke.DirectMethodHandle$Holder.invokeSpecial(java.lang.Object, java.lang.Object, java.lang.Object, java.lang.Object, java.lang.Object, java.lang.Object, int)'> (0x00000000ed2b6718) 
thrown [s\src\hotspot\share\interpreter\linkResolver.cpp, line 759]
Event: 19.013 Thread 0x00000253b86e1850 Exception <a 'java/lang/NoSuchMethodError'{0x00000000ed111cd8}: 'java.lang.Object java.lang.invoke.DirectMethodHandle$Holder.invokeSpecial(java.lang.Object, java.lang.Object, java.lang.Object, java.lang.Object, java.lang.Object, long)'> (0x00000000ed111cd8) 
thrown [s\src\hotspot\share\interpreter\linkResolver.cpp, line 759]
Event: 19.015 Thread 0x00000253b86e1850 Exception <a 'java/lang/NoSuchMethodError'{0x00000000ed140b88}: 'void java.lang.invoke.DirectMethodHandle$Holder.invokeStatic(java.lang.Object, java.lang.Object, java.lang.Object, int, java.lang.Object)'> (0x00000000ed140b88) 
thrown [s\src\hotspot\share\interpreter\linkResolver.cpp, line 759]
Event: 19.074 Thread 0x00000253b86e1850 Exception <a 'java/lang/NoSuchMethodError'{0x00000000eccb0f50}: 'java.lang.Object java.lang.invoke.DelegatingMethodHandle$Holder.reinvoke_L(java.lang.Object, java.lang.Object, java.lang.Object, java.lang.Object, java.lang.Object, java.lang.Object, java.lang.Object, java.lang.Object, java.lang.Object, java.lang.Object, java.lang.Object, java.lang.Object, java.lang.Object, java.lang.Object, java.lang.Object, java.lang.Object, java.lang.Object, java.lang.Object, java.lang.Object, java.lang.Object, java.lang.O
Event: 19.074 Thread 0x00000253b86e1850 Exception <a 'java/lang/NoSuchMethodError'{0x00000000eccbd300}: 'java.lang.Object java.lang.invoke.Invokers$Holder.invoker(java.lang.Object, java.lang.Object, java.lang.Object, java.lang.Object, java.lang.Object, java.lang.Object, java.lang.Object, java.lang.Object, java.lang.Object, java.lang.Object, java.lang.Object, java.lang.Object, java.lang.Object, java.lang.Object, java.lang.Object, java.lang.Object, java.lang.Object, java.lang.Object, java.lang.Object, java.lang.Object, java.lang.Object, java.lang.
Event: 19.075 Thread 0x00000253b86e1850 Exception <a 'java/lang/NoSuchMethodError'{0x00000000eccc4780}: 'java.lang.Object java.lang.invoke.DelegatingMethodHandle$Holder.delegate(java.lang.Object, java.lang.Object, java.lang.Object, java.lang.Object, java.lang.Object, java.lang.Object, java.lang.Object, java.lang.Object, java.lang.Object, java.lang.Object, java.lang.Object, java.lang.Object, java.lang.Object, java.lang.Object, java.lang.Object, java.lang.Object, java.lang.Object, java.lang.Object, java.lang.Object, java.lang.Object, java.lang.Obj
Event: 19.079 Thread 0x00000253b86e1850 Exception <a 'java/lang/NoSuchMethodError'{0x00000000ecb3f148}: 'java.lang.Object java.lang.invoke.DirectMethodHandle$Holder.invokeStatic(java.lang.Object, java.lang.Object, java.lang.Object, java.lang.Object, java.lang.Object, java.lang.Object, java.lang.Object, java.lang.Object, java.lang.Object, java.lang.Object, java.lang.Object, java.lang.Object, java.lang.Object, java.lang.Object, java.lang.Object, java.lang.Object, java.lang.Object)'> (0x00000000ecb3f148) 
thrown [s\src\hotspot\share\interpreter\lin
Event: 19.080 Thread 0x00000253b86e1850 Exception <a 'java/lang/NoSuchMethodError'{0x00000000ecb68a08}: 'java.lang.Object java.lang.invoke.DirectMethodHandle$Holder.invokeStatic(java.lang.Object, java.lang.Object, java.lang.Object, java.lang.Object, java.lang.Object, java.lang.Object, java.lang.Object, java.lang.Object, java.lang.Object, java.lang.Object, java.lang.Object, java.lang.Object, java.lang.Object, java.lang.Object, java.lang.Object, java.lang.Object, java.lang.Object, java.lang.Object)'> (0x00000000ecb68a08) 
thrown [s\src\hotspot\sha
Event: 19.081 Thread 0x00000253b86e1850 Exception <a 'java/lang/NoSuchMethodError'{0x00000000ecb93808}: 'java.lang.Object java.lang.invoke.DirectMethodHandle$Holder.invokeStatic(java.lang.Object, java.lang.Object, java.lang.Object, java.lang.Object, java.lang.Object, java.lang.Object, java.lang.Object, java.lang.Object, java.lang.Object, java.lang.Object, java.lang.Object, java.lang.Object, java.lang.Object, java.lang.Object, java.lang.Object, java.lang.Object, java.lang.Object, java.lang.Object, java.lang.Object)'> (0x00000000ecb93808) 
thrown 
Event: 19.083 Thread 0x00000253b86e1850 Exception <a 'java/lang/NoSuchMethodError'{0x00000000ecbbf218}: 'java.lang.Object java.lang.invoke.DirectMethodHandle$Holder.invokeStatic(java.lang.Object, java.lang.Object, java.lang.Object, java.lang.Object, java.lang.Object, java.lang.Object, java.lang.Object, java.lang.Object, java.lang.Object, java.lang.Object, java.lang.Object, java.lang.Object, java.lang.Object, java.lang.Object, java.lang.Object, java.lang.Object, java.lang.Object, java.lang.Object, java.lang.Object, java.lang.Object)'> (0x00000000
Event: 19.085 Thread 0x00000253b86e1850 Exception <a 'java/lang/NoSuchMethodError'{0x00000000ecbebb80}: 'java.lang.Object java.lang.invoke.DirectMethodHandle$Holder.invokeStatic(java.lang.Object, java.lang.Object, java.lang.Object, java.lang.Object, java.lang.Object, java.lang.Object, java.lang.Object, java.lang.Object, java.lang.Object, java.lang.Object, java.lang.Object, java.lang.Object, java.lang.Object, java.lang.Object, java.lang.Object, java.lang.Object, java.lang.Object, java.lang.Object, java.lang.Object, java.lang.Object, java.lang.Obj
Event: 19.086 Thread 0x00000253b86e1850 Exception <a 'java/lang/NoSuchMethodError'{0x00000000eca19a78}: 'java.lang.Object java.lang.invoke.DirectMethodHandle$Holder.invokeStatic(java.lang.Object, java.lang.Object, java.lang.Object, java.lang.Object, java.lang.Object, java.lang.Object, java.lang.Object, java.lang.Object, java.lang.Object, java.lang.Object, java.lang.Object, java.lang.Object, java.lang.Object, java.lang.Object, java.lang.Object, java.lang.Object, java.lang.Object, java.lang.Object, java.lang.Object, java.lang.Object, java.lang.Obj
Event: 19.088 Thread 0x00000253b86e1850 Exception <a 'java/lang/NoSuchMethodError'{0x00000000eca47ea8}: 'java.lang.Object java.lang.invoke.DirectMethodHandle$Holder.invokeStatic(java.lang.Object, java.lang.Object, java.lang.Object, java.lang.Object, java.lang.Object, java.lang.Object, java.lang.Object, java.lang.Object, java.lang.Object, java.lang.Object, java.lang.Object, java.lang.Object, java.lang.Object, java.lang.Object, java.lang.Object, java.lang.Object, java.lang.Object, java.lang.Object, java.lang.Object, java.lang.Object, java.lang.Obj
Event: 19.089 Thread 0x00000253b86e1850 Exception <a 'java/lang/NoSuchMethodError'{0x00000000eca77f40}: 'java.lang.Object java.lang.invoke.DirectMethodHandle$Holder.invokeStatic(java.lang.Object, java.lang.Object, java.lang.Object, java.lang.Object, java.lang.Object, java.lang.Object, java.lang.Object, java.lang.Object, java.lang.Object, java.lang.Object, java.lang.Object, java.lang.Object, java.lang.Object, java.lang.Object, java.lang.Object, java.lang.Object, java.lang.Object, java.lang.Object, java.lang.Object, java.lang.Object, java.lang.Obj
Event: 19.091 Thread 0x00000253b86e1850 Exception <a 'java/lang/NoSuchMethodError'{0x00000000ecaa9d30}: 'java.lang.Object java.lang.invoke.DirectMethodHandle$Holder.invokeStatic(java.lang.Object, java.lang.Object, java.lang.Object, java.lang.Object, java.lang.Object, java.lang.Object, java.lang.Object, java.lang.Object, java.lang.Object, java.lang.Object, java.lang.Object, java.lang.Object, java.lang.Object, java.lang.Object, java.lang.Object, java.lang.Object, java.lang.Object, java.lang.Object, java.lang.Object, java.lang.Object, java.lang.Obj
Event: 26.207 Thread 0x00000253b86e1850 Exception <a 'java/lang/NoSuchMethodError'{0x00000000eb321d68}: 'java.lang.Object java.lang.invoke.DirectMethodHandle$Holder.newInvokeSpecial(java.lang.Object, java.lang.Object, java.lang.Object, java.lang.Object, int)'> (0x00000000eb321d68) 
thrown [s\src\hotspot\share\interpreter\linkResolver.cpp, line 759]
Event: 26.208 Thread 0x00000253b86e1850 Exception <a 'java/lang/NoSuchMethodError'{0x00000000eb327458}: 'java.lang.Object java.lang.invoke.DirectMethodHandle$Holder.invokeSpecial(java.lang.Object, java.lang.Object, java.lang.Object, java.lang.Object, java.lang.Object, int)'> (0x00000000eb327458) 
thrown [s\src\hotspot\share\interpreter\linkResolver.cpp, line 759]
Event: 26.208 Thread 0x00000253b86e1850 Exception <a 'java/lang/NoSuchMethodError'{0x00000000eb32c480}: 'java.lang.Object java.lang.invoke.Invokers$Holder.linkToTargetMethod(java.lang.Object, java.lang.Object, java.lang.Object, int, java.lang.Object)'> (0x00000000eb32c480) 
thrown [s\src\hotspot\share\interpreter\linkResolver.cpp, line 759]

VM Operations (20 events):
Event: 17.118 Executing VM operation: G1PauseCleanup
Event: 17.118 Executing VM operation: G1PauseCleanup done
Event: 17.139 Executing VM operation: HandshakeAllThreads
Event: 17.139 Executing VM operation: HandshakeAllThreads done
Event: 18.141 Executing VM operation: Cleanup
Event: 18.142 Executing VM operation: Cleanup done
Event: 19.136 Executing VM operation: ICBufferFull
Event: 19.136 Executing VM operation: ICBufferFull done
Event: 20.142 Executing VM operation: Cleanup
Event: 20.142 Executing VM operation: Cleanup done
Event: 21.155 Executing VM operation: Cleanup
Event: 21.155 Executing VM operation: Cleanup done
Event: 22.157 Executing VM operation: Cleanup
Event: 22.157 Executing VM operation: Cleanup done
Event: 23.166 Executing VM operation: Cleanup
Event: 23.166 Executing VM operation: Cleanup done
Event: 25.191 Executing VM operation: Cleanup
Event: 25.191 Executing VM operation: Cleanup done
Event: 26.192 Executing VM operation: Cleanup
Event: 26.192 Executing VM operation: Cleanup done

Events (20 events):
Event: 26.238 loading class com/sun/org/apache/xerces/internal/jaxp/DocumentBuilderFactoryImpl
Event: 26.239 loading class com/sun/org/apache/xerces/internal/jaxp/DocumentBuilderFactoryImpl done
Event: 26.239 loading class com/sun/org/apache/xerces/internal/utils/XMLSecurityManager
Event: 26.239 loading class com/sun/org/apache/xerces/internal/utils/XMLSecurityManager done
Event: 26.239 loading class com/sun/org/apache/xerces/internal/utils/XMLSecurityManager$Limit
Event: 26.239 loading class com/sun/org/apache/xerces/internal/utils/XMLSecurityManager$Limit done
Event: 26.239 loading class com/sun/org/apache/xerces/internal/utils/XMLSecurityManager$NameMap
Event: 26.239 loading class com/sun/org/apache/xerces/internal/utils/XMLSecurityManager$NameMap done
Event: 26.239 loading class com/sun/org/apache/xerces/internal/utils/XMLSecurityPropertyManager
Event: 26.239 loading class com/sun/org/apache/xerces/internal/utils/XMLSecurityPropertyManager done
Event: 26.239 loading class com/sun/org/apache/xerces/internal/utils/XMLSecurityPropertyManager$State
Event: 26.239 loading class com/sun/org/apache/xerces/internal/utils/XMLSecurityPropertyManager$State done
Event: 26.239 loading class com/sun/org/apache/xerces/internal/utils/XMLSecurityPropertyManager$Property
Event: 26.240 loading class com/sun/org/apache/xerces/internal/utils/XMLSecurityPropertyManager$Property done
Event: 26.312 loading class java/util/regex/Pattern$SliceI
Event: 26.312 loading class java/util/regex/Pattern$SliceI done
Event: 26.340 Thread 0x00000253b7afa5b0 Thread added: 0x00000253b7afa5b0
Event: 26.343 loading class java/lang/Byte$ByteCache
Event: 26.343 loading class java/lang/Byte$ByteCache done
Event: 26.403 Thread 0x00000253b977faf0 Thread added: 0x00000253b977faf0


Dynamic libraries:
0x00007ff784910000 - 0x00007ff78491e000 	C:\Users\Administrator\.jdks\azul-17.0.8.1\bin\java.exe
0x00007ffc4ccf0000 - 0x00007ffc4cee8000 	C:\Windows\SYSTEM32\ntdll.dll
0x00007ffc4ad40000 - 0x00007ffc4adfd000 	C:\Windows\System32\KERNEL32.DLL
0x00007ffc4a740000 - 0x00007ffc4aa36000 	C:\Windows\System32\KERNELBASE.dll
0x00007ffc4ac40000 - 0x00007ffc4ad40000 	C:\Windows\System32\ucrtbase.dll
0x00007ffc316a0000 - 0x00007ffc316b9000 	C:\Users\Administrator\.jdks\azul-17.0.8.1\bin\jli.dll
0x00007ffc31680000 - 0x00007ffc3169b000 	C:\Users\Administrator\.jdks\azul-17.0.8.1\bin\VCRUNTIME140.dll
0x00007ffc4b100000 - 0x00007ffc4b29e000 	C:\Windows\System32\USER32.dll
0x00007ffc4a460000 - 0x00007ffc4a482000 	C:\Windows\System32\win32u.dll
0x00007ffc4b2a0000 - 0x00007ffc4b2cc000 	C:\Windows\System32\GDI32.dll
0x00007ffc4a490000 - 0x00007ffc4a5aa000 	C:\Windows\System32\gdi32full.dll
0x00007ffc3d470000 - 0x00007ffc3d70a000 	C:\Windows\WinSxS\amd64_microsoft.windows.common-controls_6595b64144ccf1df_6.0.19041.3636_none_60b6a03d71f818d5\COMCTL32.dll
0x00007ffc4b6f0000 - 0x00007ffc4b78e000 	C:\Windows\System32\msvcrt.dll
0x00007ffc4a3c0000 - 0x00007ffc4a45d000 	C:\Windows\System32\msvcp_win.dll
0x00007ffc4aec0000 - 0x00007ffc4aef0000 	C:\Windows\System32\IMM32.DLL
0x00007ffc31e60000 - 0x00007ffc31e6c000 	C:\Users\Administrator\.jdks\azul-17.0.8.1\bin\vcruntime140_1.dll
0x00007ffc1c2c0000 - 0x00007ffc1c34d000 	C:\Users\Administrator\.jdks\azul-17.0.8.1\bin\msvcp140.dll
0x00007ffc19730000 - 0x00007ffc1a398000 	C:\Users\Administrator\.jdks\azul-17.0.8.1\bin\server\jvm.dll
0x00007ffc4cbf0000 - 0x00007ffc4cca3000 	C:\Windows\System32\ADVAPI32.dll
0x00007ffc4b2d0000 - 0x00007ffc4b36f000 	C:\Windows\System32\sechost.dll
0x00007ffc4b4d0000 - 0x00007ffc4b5f6000 	C:\Windows\System32\RPCRT4.dll
0x00007ffc4ac10000 - 0x00007ffc4ac37000 	C:\Windows\System32\bcrypt.dll
0x00007ffc49900000 - 0x00007ffc4994b000 	C:\Windows\SYSTEM32\POWRPROF.dll
0x00007ffc45f20000 - 0x00007ffc45f29000 	C:\Windows\SYSTEM32\WSOCK32.dll
0x00007ffc3f730000 - 0x00007ffc3f757000 	C:\Windows\SYSTEM32\WINMM.dll
0x00007ffc4b790000 - 0x00007ffc4b7fb000 	C:\Windows\System32\WS2_32.dll
0x00007ffc44c40000 - 0x00007ffc44c4a000 	C:\Windows\SYSTEM32\VERSION.dll
0x00007ffc497d0000 - 0x00007ffc497e2000 	C:\Windows\SYSTEM32\UMPDC.dll
0x00007ffc48290000 - 0x00007ffc482a2000 	C:\Windows\SYSTEM32\kernel.appcore.dll
0x00007ffc31c10000 - 0x00007ffc31c1a000 	C:\Users\Administrator\.jdks\azul-17.0.8.1\bin\jimage.dll
0x00007ffc3e170000 - 0x00007ffc3e354000 	C:\Windows\SYSTEM32\DBGHELP.DLL
0x00007ffc2f680000 - 0x00007ffc2f6b4000 	C:\Windows\SYSTEM32\dbgcore.DLL
0x00007ffc4a6b0000 - 0x00007ffc4a732000 	C:\Windows\System32\bcryptPrimitives.dll
0x00007ffc31b00000 - 0x00007ffc31b0e000 	C:\Users\Administrator\.jdks\azul-17.0.8.1\bin\instrument.dll
0x00007ffc2ee20000 - 0x00007ffc2ee45000 	C:\Users\Administrator\.jdks\azul-17.0.8.1\bin\java.dll
0x00007ffc1c1e0000 - 0x00007ffc1c2b7000 	C:\Users\Administrator\.jdks\azul-17.0.8.1\bin\jsvml.dll
0x00007ffc4b800000 - 0x00007ffc4bf45000 	C:\Windows\System32\SHELL32.dll
0x00007ffc48490000 - 0x00007ffc48c2b000 	C:\Windows\SYSTEM32\windows.storage.dll
0x00007ffc4bf50000 - 0x00007ffc4c2a4000 	C:\Windows\System32\combase.dll
0x00007ffc49df0000 - 0x00007ffc49e1d000 	C:\Windows\SYSTEM32\Wldp.dll
0x00007ffc4aef0000 - 0x00007ffc4af9d000 	C:\Windows\System32\SHCORE.dll
0x00007ffc4b600000 - 0x00007ffc4b655000 	C:\Windows\System32\shlwapi.dll
0x00007ffc4a2f0000 - 0x00007ffc4a315000 	C:\Windows\SYSTEM32\profapi.dll
0x00007ffc2f0c0000 - 0x00007ffc2f0d8000 	C:\Users\Administrator\.jdks\azul-17.0.8.1\bin\zip.dll
0x00007ffc2ee00000 - 0x00007ffc2ee19000 	C:\Users\Administrator\.jdks\azul-17.0.8.1\bin\net.dll
0x00007ffc443d0000 - 0x00007ffc444da000 	C:\Windows\SYSTEM32\WINHTTP.dll
0x00007ffc49b50000 - 0x00007ffc49bba000 	C:\Windows\system32\mswsock.dll
0x00007ffc2ea60000 - 0x00007ffc2ea76000 	C:\Users\Administrator\.jdks\azul-17.0.8.1\bin\nio.dll
0x00007ffc318d0000 - 0x00007ffc318e0000 	C:\Users\Administrator\.jdks\azul-17.0.8.1\bin\verify.dll
0x00007ffc45fb0000 - 0x00007ffc45fd7000 	C:\Users\Administrator\.gradle\native\c067742578af261105cb4f569cf0c3c89f3d7b1fecec35dd04571415982c5e48\windows-amd64\native-platform.dll
0x00007ffc074c0000 - 0x00007ffc07604000 	C:\Users\Administrator\.gradle\native\38dada09dfb8b06ba9b0570ebf7e218e3eb74d4ef43ca46872605cf95ebc2f47\windows-amd64\native-platform-file-events.dll
0x00007ffc31670000 - 0x00007ffc31679000 	C:\Users\Administrator\.jdks\azul-17.0.8.1\bin\management.dll
0x00007ffc2f5f0000 - 0x00007ffc2f5fb000 	C:\Users\Administrator\.jdks\azul-17.0.8.1\bin\management_ext.dll
0x00007ffc4b0f0000 - 0x00007ffc4b0f8000 	C:\Windows\System32\PSAPI.DLL
0x00007ffc49d40000 - 0x00007ffc49d58000 	C:\Windows\SYSTEM32\CRYPTSP.dll
0x00007ffc49410000 - 0x00007ffc49444000 	C:\Windows\system32\rsaenh.dll
0x00007ffc4a270000 - 0x00007ffc4a29e000 	C:\Windows\SYSTEM32\USERENV.dll
0x00007ffc49d60000 - 0x00007ffc49d6c000 	C:\Windows\SYSTEM32\CRYPTBASE.dll
0x00007ffc497f0000 - 0x00007ffc4982b000 	C:\Windows\SYSTEM32\IPHLPAPI.DLL
0x00007ffc4b060000 - 0x00007ffc4b068000 	C:\Windows\System32\NSI.dll
0x00007ffc44b50000 - 0x00007ffc44b67000 	C:\Windows\SYSTEM32\dhcpcsvc6.DLL
0x00007ffc44ce0000 - 0x00007ffc44cfd000 	C:\Windows\SYSTEM32\dhcpcsvc.DLL
0x00007ffc49830000 - 0x00007ffc498fa000 	C:\Windows\SYSTEM32\DNSAPI.dll
0x00007ffc2f5a0000 - 0x00007ffc2f5ae000 	C:\Users\Administrator\.jdks\azul-17.0.8.1\bin\sunmscapi.dll
0x00007ffc4aa40000 - 0x00007ffc4ab9d000 	C:\Windows\System32\CRYPT32.dll
0x00007ffc49e60000 - 0x00007ffc49e88000 	C:\Windows\SYSTEM32\ncrypt.dll
0x00007ffc49e20000 - 0x00007ffc49e5b000 	C:\Windows\SYSTEM32\NTASN1.dll
0x00007ffc3e150000 - 0x00007ffc3e157000 	C:\Windows\system32\wshunix.dll

dbghelp: loaded successfully - version: 4.0.5 - missing functions: none
symbol engine: initialized successfully - sym options: 0x614 - pdb path: .;C:\Users\Administrator\.jdks\azul-17.0.8.1\bin;C:\Windows\SYSTEM32;C:\Windows\WinSxS\amd64_microsoft.windows.common-controls_6595b64144ccf1df_6.0.19041.3636_none_60b6a03d71f818d5;C:\Users\Administrator\.jdks\azul-17.0.8.1\bin\server;C:\Users\Administrator\.gradle\native\c067742578af261105cb4f569cf0c3c89f3d7b1fecec35dd04571415982c5e48\windows-amd64;C:\Users\Administrator\.gradle\native\38dada09dfb8b06ba9b0570ebf7e218e3eb74d4ef43ca46872605cf95ebc2f47\windows-amd64

VM Arguments:
jvm_args: --add-opens=java.base/java.util=ALL-UNNAMED --add-opens=java.base/java.lang=ALL-UNNAMED --add-opens=java.base/java.lang.invoke=ALL-UNNAMED --add-opens=java.prefs/java.util.prefs=ALL-UNNAMED --add-opens=java.base/java.nio.charset=ALL-UNNAMED --add-opens=java.base/java.net=ALL-UNNAMED --add-opens=java.base/java.util.concurrent.atomic=ALL-UNNAMED -XX:MaxMetaspaceSize=384m -XX:+HeapDumpOnOutOfMemoryError -Xms256m -Xmx512m -Dfile.encoding=x-windows-949 -Duser.country=KR -Duser.language=ko -Duser.variant -javaagent:C:\Users\Administrator\.gradle\wrapper\dists\gradle-8.5-bin\5t9huq95ubn472n8rpzujfbqh\gradle-8.5\lib\agents\gradle-instrumentation-agent-8.5.jar 
java_command: org.gradle.launcher.daemon.bootstrap.GradleDaemon 8.5
java_class_path (initial): C:\Users\Administrator\.gradle\wrapper\dists\gradle-8.5-bin\5t9huq95ubn472n8rpzujfbqh\gradle-8.5\lib\gradle-launcher-8.5.jar
Launcher Type: SUN_STANDARD

[Global flags]
     intx CICompilerCount                          = 4                                         {product} {ergonomic}
   size_t CompressedClassSpaceSize                 = 335544320                                 {product} {ergonomic}
     uint ConcGCThreads                            = 3                                         {product} {ergonomic}
     uint G1ConcRefinementThreads                  = 10                                        {product} {ergonomic}
   size_t G1HeapRegionSize                         = 1048576                                   {product} {ergonomic}
    uintx GCDrainStackTargetSize                   = 64                                        {product} {ergonomic}
     bool HeapDumpOnOutOfMemoryError               = true                                   {manageable} {command line}
   size_t InitialHeapSize                          = 268435456                                 {product} {command line}
   size_t MarkStackSize                            = 4194304                                   {product} {ergonomic}
   size_t MaxHeapSize                              = 536870912                                 {product} {command line}
   size_t MaxMetaspaceSize                         = 402653184                                 {product} {command line}
   size_t MaxNewSize                               = 321912832                                 {product} {ergonomic}
   size_t MinHeapDeltaBytes                        = 1048576                                   {product} {ergonomic}
   size_t MinHeapSize                              = 268435456                                 {product} {command line}
    uintx NonNMethodCodeHeapSize                   = 5839372                                {pd product} {ergonomic}
    uintx NonProfiledCodeHeapSize                  = 122909434                              {pd product} {ergonomic}
    uintx ProfiledCodeHeapSize                     = 122909434                              {pd product} {ergonomic}
    uintx ReservedCodeCacheSize                    = 251658240                              {pd product} {ergonomic}
     bool SegmentedCodeCache                       = true                                      {product} {ergonomic}
   size_t SoftMaxHeapSize                          = 536870912                              {manageable} {ergonomic}
     bool UseCompressedClassPointers               = true                           {product lp64_product} {ergonomic}
     bool UseCompressedOops                        = true                           {product lp64_product} {ergonomic}
     bool UseG1GC                                  = true                                      {product} {ergonomic}
     bool UseLargePagesIndividualAllocation        = false                                  {pd product} {ergonomic}

Logging:
Log output configuration:
 #0: stdout all=warning uptime,level,tags
 #1: stderr all=off uptime,level,tags

Environment Variables:
JAVA_HOME=C:\Users\Administrator\.jdks\azul-17.0.8.1
CLASSPATH=C:\Users\Administrator\.jdks\azul-17.0.8.1\lib
PATH=C:\Program Files (x86)\Common Files\Intel\Shared Libraries\redist\intel64_win\compiler;C:\Program Files (x86)\Common Files\Intel\Shared Libraries\redist\intel64\compiler;C:\Windows\system32;C:\Windows;C:\Windows\System32\Wbem;C:\Windows\System32\WindowsPowerShell\v1.0\;C:\Windows\System32\OpenSSH\;C:\Program Files\Bandizip\;C:\Program Files\Git\cmd;C:\Users\Administrator\.jdks\azul-17.0.8.1\bin;C:\Users\Administrator\AppData\Local\Microsoft\WindowsApps;;C:\Users\Administrator\AppData\Local\Programs\Microsoft VS Code\bin;C:\Program Files\JetBrains\IntelliJ IDEA 2023.2.2\bin;
USERNAME=Administrator
OS=Windows_NT
PROCESSOR_IDENTIFIER=Intel64 Family 6 Model 158 Stepping 10, GenuineIntel
TMP=C:\Users\ADMINI~1\AppData\Local\Temp
TEMP=C:\Users\ADMINI~1\AppData\Local\Temp



---------------  S Y S T E M  ---------------

OS:
 Windows 10 , 64 bit Build 19041 (10.0.19041.3636)
OS uptime: 0 days 2:18 hours

CPU: total 12 (initial active 12) (6 cores per cpu, 2 threads per core) family 6 model 158 stepping 10 microcode 0xb4, cx8, cmov, fxsr, ht, mmx, 3dnowpref, sse, sse2, sse3, ssse3, sse4.1, sse4.2, popcnt, lzcnt, tsc, tscinvbit, avx, avx2, aes, erms, clmul, bmi1, bmi2, rtm, adx, fma, vzeroupper, clflush, clflushopt
Processor Information for all 12 processors :
  Max Mhz: 3192, Current Mhz: 3192, Mhz Limit: 3192

Memory: 4k page, system-wide physical 16301M (5273M free)
TotalPageFile size 19777M (AvailPageFile size 3790M)
current process WorkingSet (physical memory assigned to process): 334M, peak: 334M
current process commit charge ("private bytes"): 481M, peak: 481M

vm_info: OpenJDK 64-Bit Server VM (17.0.8.1+1-LTS) for windows-amd64 JRE (17.0.8.1+1-LTS) (Zulu17.44+53-CA), built on Aug 23 2023 12:46:03 by "zulu_re" with MS VC++ 16.10 / 16.11 (VS2019)

END.
